2024-05-09 12:10:23.5659|WARN|Microsoft.AspNetCore.Server.Kestrel.Core.KestrelServer|The ASP.NET Core developer certificate is not trusted. For information about trusting the ASP.NET Core developer certificate, see https://aka.ms/aspnet/https-trust-dev-cert.
2024-05-09 12:10:23.7083|INFO|Microsoft.Hosting.Lifetime|Now listening on: https://localhost:7037
2024-05-09 12:10:23.7083|INFO|Microsoft.Hosting.Lifetime|Now listening on: http://localhost:5142
2024-05-09 12:10:23.7127|INFO|Microsoft.Hosting.Lifetime|Application started. Press Ctrl+C to shut down.
2024-05-09 12:10:23.7127|INFO|Microsoft.Hosting.Lifetime|Hosting environment: Development
2024-05-09 12:10:23.7127|INFO|Microsoft.Hosting.Lifetime|Content root path: C:\Users\Thanay\source\repos\Fundo Notes\Fundo Notes
2024-05-09 12:10:24.7695|INFO|Microsoft.AspNetCore.Hosting.Diagnostics|Request starting HTTP/2 GET https://localhost:7037/swagger - - -
2024-05-09 12:10:25.4956|INFO|Microsoft.AspNetCore.Hosting.Diagnostics|Request finished HTTP/2 GET https://localhost:7037/swagger - 301 0 - 725.8053ms
2024-05-09 12:10:25.5071|INFO|Microsoft.AspNetCore.Hosting.Diagnostics|Request starting HTTP/2 GET https://localhost:7037/swagger/index.html - - -
2024-05-09 12:10:25.7043|INFO|Microsoft.AspNetCore.Hosting.Diagnostics|Request finished HTTP/2 GET https://localhost:7037/swagger/index.html - 200 - text/html;charset=utf-8 197.0341ms
2024-05-09 12:10:25.7562|INFO|Microsoft.AspNetCore.Hosting.Diagnostics|Request starting HTTP/2 GET https://localhost:7037/swagger/swagger-ui.css - - -
2024-05-09 12:10:25.7879|INFO|Microsoft.AspNetCore.Hosting.Diagnostics|Request starting HTTP/2 GET https://localhost:7037/swagger/swagger-ui-bundle.js - - -
2024-05-09 12:10:25.7879|INFO|Microsoft.AspNetCore.Hosting.Diagnostics|Request starting HTTP/2 GET https://localhost:7037/swagger/swagger-ui-standalone-preset.js - - -
2024-05-09 12:10:25.7879|INFO|Microsoft.AspNetCore.Hosting.Diagnostics|Request starting HTTP/2 GET https://localhost:7037/_framework/aspnetcore-browser-refresh.js - - -
2024-05-09 12:10:25.7879|INFO|Microsoft.AspNetCore.StaticFiles.StaticFileMiddleware|Sending file. Request path: '/swagger-ui.css'. Physical path: 'N/A'
2024-05-09 12:10:25.7879|INFO|Microsoft.AspNetCore.Hosting.Diagnostics|Request finished HTTP/2 GET https://localhost:7037/swagger/swagger-ui.css - 200 143943 text/css 35.3102ms
2024-05-09 12:10:25.7879|INFO|Microsoft.AspNetCore.Hosting.Diagnostics|Request finished HTTP/2 GET https://localhost:7037/_framework/aspnetcore-browser-refresh.js - 200 13758 application/javascript;+charset=utf-8 8.7197ms
2024-05-09 12:10:25.8033|INFO|Microsoft.AspNetCore.Hosting.Diagnostics|Request starting HTTP/2 GET https://localhost:7037/_vs/browserLink - - -
2024-05-09 12:10:25.8033|INFO|Microsoft.AspNetCore.StaticFiles.StaticFileMiddleware|Sending file. Request path: '/swagger-ui-standalone-preset.js'. Physical path: 'N/A'
2024-05-09 12:10:25.8033|INFO|Microsoft.AspNetCore.Hosting.Diagnostics|Request finished HTTP/2 GET https://localhost:7037/swagger/swagger-ui-standalone-preset.js - 200 339486 text/javascript 23.8948ms
2024-05-09 12:10:25.8370|INFO|Microsoft.AspNetCore.StaticFiles.StaticFileMiddleware|Sending file. Request path: '/swagger-ui-bundle.js'. Physical path: 'N/A'
2024-05-09 12:10:25.8370|INFO|Microsoft.AspNetCore.Hosting.Diagnostics|Request finished HTTP/2 GET https://localhost:7037/swagger/swagger-ui-bundle.js - 200 1096145 text/javascript 50.3211ms
2024-05-09 12:10:26.0301|INFO|Microsoft.AspNetCore.Hosting.Diagnostics|Request finished HTTP/2 GET https://localhost:7037/_vs/browserLink - 200 - text/javascript;+charset=UTF-8 226.7251ms
2024-05-09 12:10:26.8905|INFO|Microsoft.AspNetCore.Hosting.Diagnostics|Request starting HTTP/2 GET https://localhost:7037/swagger/v1/swagger.json - - -
2024-05-09 12:10:27.1414|INFO|Microsoft.AspNetCore.Hosting.Diagnostics|Request finished HTTP/2 GET https://localhost:7037/swagger/v1/swagger.json - 200 - application/json;charset=utf-8 250.8708ms
2024-05-09 12:14:45.1247|INFO|Microsoft.AspNetCore.Hosting.Diagnostics|Request starting HTTP/2 PATCH https://localhost:7037/api/updatePassword?email=thanaykumaryr%40gmail.com&oldPassword=thanay%40123&newPassword=thanay%40243 - - -
2024-05-09 12:14:45.1327|INFO|Microsoft.AspNetCore.Routing.EndpointMiddleware|Executing endpoint 'Fundo_Notes.Controllers.RegistrationController.UpdatePassword (Fundo Notes)'
2024-05-09 12:14:45.1654|INFO|Microsoft.AspNetCore.Mvc.Infrastructure.ControllerActionInvoker|Route matched with {action = "UpdatePassword", controller = "Registration"}. Executing controller action with signature System.Threading.Tasks.Task`1[Microsoft.AspNetCore.Mvc.IActionResult] UpdatePassword(System.String, System.String, System.String) on controller Fundo_Notes.Controllers.RegistrationController (Fundo Notes).
2024-05-09 12:14:46.6516|ERROR|Fundo_Notes.Controllers.RegistrationController|Failed to login Can't update, Current Password 'thanay@123' is Invalid
2024-05-09 12:14:46.6656|INFO|Microsoft.AspNetCore.Mvc.Infrastructure.ObjectResultExecutor|Executing OkObjectResult, writing value of type 'ModelLayer.ResponseModel.ResponseModelLayer`1[[System.String, System.Private.CoreLib, Version=8.0.0.0, Culture=neutral, PublicKeyToken=7cec85d7bea7798e]]'.
2024-05-09 12:14:46.6801|INFO|Microsoft.AspNetCore.Mvc.Infrastructure.ControllerActionInvoker|Executed action Fundo_Notes.Controllers.RegistrationController.UpdatePassword (Fundo Notes) in 1505.2978ms
2024-05-09 12:14:46.6801|INFO|Microsoft.AspNetCore.Routing.EndpointMiddleware|Executed endpoint 'Fundo_Notes.Controllers.RegistrationController.UpdatePassword (Fundo Notes)'
2024-05-09 12:14:46.6801|INFO|Microsoft.AspNetCore.Hosting.Diagnostics|Request finished HTTP/2 PATCH https://localhost:7037/api/updatePassword?email=thanaykumaryr%40gmail.com&oldPassword=thanay%40123&newPassword=thanay%40243 - 200 - application/json;+charset=utf-8 1558.2319ms
2024-05-09 12:16:44.8602|INFO|Microsoft.AspNetCore.Hosting.Diagnostics|Request starting HTTP/2 POST https://localhost:7037/api/Register - application/json 108
2024-05-09 12:16:44.8633|INFO|Microsoft.AspNetCore.Routing.EndpointMiddleware|Executing endpoint 'Fundo_Notes.Controllers.RegistrationController.UserRegistration (Fundo Notes)'
2024-05-09 12:16:44.8633|INFO|Microsoft.AspNetCore.Mvc.Infrastructure.ControllerActionInvoker|Route matched with {action = "UserRegistration", controller = "Registration"}. Executing controller action with signature System.Threading.Tasks.Task`1[Microsoft.AspNetCore.Mvc.IActionResult] UserRegistration(ModelLayer.Registration.UserRegistrationModel) on controller Fundo_Notes.Controllers.RegistrationController (Fundo Notes).
2024-05-09 12:16:44.8920|ERROR|Fundo_Notes.Controllers.RegistrationController|Invalid Request
2024-05-09 12:16:44.8920|INFO|Microsoft.AspNetCore.Mvc.Infrastructure.ObjectResultExecutor|Executing OkObjectResult, writing value of type 'ModelLayer.ResponseModel.ResponseModelLayer`1[[System.String, System.Private.CoreLib, Version=8.0.0.0, Culture=neutral, PublicKeyToken=7cec85d7bea7798e]]'.
2024-05-09 12:16:44.8920|INFO|Microsoft.AspNetCore.Mvc.Infrastructure.ControllerActionInvoker|Executed action Fundo_Notes.Controllers.RegistrationController.UserRegistration (Fundo Notes) in 22.6807ms
2024-05-09 12:16:44.8920|INFO|Microsoft.AspNetCore.Routing.EndpointMiddleware|Executed endpoint 'Fundo_Notes.Controllers.RegistrationController.UserRegistration (Fundo Notes)'
2024-05-09 12:16:44.8920|INFO|Microsoft.AspNetCore.Hosting.Diagnostics|Request finished HTTP/2 POST https://localhost:7037/api/Register - 200 - application/json;+charset=utf-8 33.2385ms
2024-05-09 12:19:07.9567|WARN|Microsoft.AspNetCore.Server.Kestrel.Core.KestrelServer|The ASP.NET Core developer certificate is not trusted. For information about trusting the ASP.NET Core developer certificate, see https://aka.ms/aspnet/https-trust-dev-cert.
2024-05-09 12:19:08.0211|INFO|Microsoft.Hosting.Lifetime|Now listening on: https://localhost:7037
2024-05-09 12:19:08.0211|INFO|Microsoft.Hosting.Lifetime|Now listening on: http://localhost:5142
2024-05-09 12:19:08.0211|INFO|Microsoft.Hosting.Lifetime|Application started. Press Ctrl+C to shut down.
2024-05-09 12:19:08.0211|INFO|Microsoft.Hosting.Lifetime|Hosting environment: Development
2024-05-09 12:19:08.0211|INFO|Microsoft.Hosting.Lifetime|Content root path: C:\Users\Thanay\source\repos\Fundo Notes\Fundo Notes
2024-05-09 12:19:08.3985|INFO|Microsoft.AspNetCore.Hosting.Diagnostics|Request starting HTTP/2 GET https://localhost:7037/swagger - - -
2024-05-09 12:19:08.5780|INFO|Microsoft.AspNetCore.Hosting.Diagnostics|Request finished HTTP/2 GET https://localhost:7037/swagger - 301 0 - 173.7238ms
2024-05-09 12:19:08.5818|INFO|Microsoft.AspNetCore.Hosting.Diagnostics|Request starting HTTP/2 GET https://localhost:7037/swagger/index.html - - -
2024-05-09 12:19:08.7149|INFO|Microsoft.AspNetCore.Hosting.Diagnostics|Request finished HTTP/2 GET https://localhost:7037/swagger/index.html - 200 - text/html;charset=utf-8 132.8386ms
2024-05-09 12:19:10.1103|INFO|Microsoft.AspNetCore.Hosting.Diagnostics|Request starting HTTP/2 GET https://localhost:7037/swagger/swagger-ui.css - - -
2024-05-09 12:19:10.1103|INFO|Microsoft.AspNetCore.Hosting.Diagnostics|Request starting HTTP/2 GET https://localhost:7037/swagger/swagger-ui-standalone-preset.js - - -
2024-05-09 12:19:10.1103|INFO|Microsoft.AspNetCore.Hosting.Diagnostics|Request starting HTTP/2 GET https://localhost:7037/_framework/aspnetcore-browser-refresh.js - - -
2024-05-09 12:19:10.1103|INFO|Microsoft.AspNetCore.Hosting.Diagnostics|Request starting HTTP/2 GET https://localhost:7037/swagger/swagger-ui-bundle.js - - -
2024-05-09 12:19:10.1155|INFO|Microsoft.AspNetCore.Hosting.Diagnostics|Request starting HTTP/2 GET https://localhost:7037/_vs/browserLink - - -
2024-05-09 12:19:10.1155|INFO|Microsoft.AspNetCore.Hosting.Diagnostics|Request finished HTTP/2 GET https://localhost:7037/_framework/aspnetcore-browser-refresh.js - 200 13758 application/javascript;+charset=utf-8 8.7940ms
2024-05-09 12:19:10.1439|INFO|Microsoft.AspNetCore.StaticFiles.StaticFileMiddleware|Sending file. Request path: '/swagger-ui-standalone-preset.js'. Physical path: 'N/A'
2024-05-09 12:19:10.1439|INFO|Microsoft.AspNetCore.StaticFiles.StaticFileMiddleware|Sending file. Request path: '/swagger-ui.css'. Physical path: 'N/A'
2024-05-09 12:19:10.1439|INFO|Microsoft.AspNetCore.Hosting.Diagnostics|Request finished HTTP/2 GET https://localhost:7037/swagger/swagger-ui.css - 200 143943 text/css 36.5030ms
2024-05-09 12:19:10.1439|INFO|Microsoft.AspNetCore.Hosting.Diagnostics|Request finished HTTP/2 GET https://localhost:7037/swagger/swagger-ui-standalone-preset.js - 200 339486 text/javascript 36.1169ms
2024-05-09 12:19:10.1618|INFO|Microsoft.AspNetCore.StaticFiles.StaticFileMiddleware|Sending file. Request path: '/swagger-ui-bundle.js'. Physical path: 'N/A'
2024-05-09 12:19:10.1618|INFO|Microsoft.AspNetCore.Hosting.Diagnostics|Request finished HTTP/2 GET https://localhost:7037/swagger/swagger-ui-bundle.js - 200 1096145 text/javascript 51.6677ms
2024-05-09 12:19:10.1976|INFO|Microsoft.AspNetCore.Hosting.Diagnostics|Request finished HTTP/2 GET https://localhost:7037/_vs/browserLink - 200 - text/javascript;+charset=UTF-8 81.5723ms
2024-05-09 12:19:10.4850|INFO|Microsoft.AspNetCore.Hosting.Diagnostics|Request starting HTTP/2 GET https://localhost:7037/swagger/v1/swagger.json - - -
2024-05-09 12:19:10.6513|INFO|Microsoft.AspNetCore.Hosting.Diagnostics|Request finished HTTP/2 GET https://localhost:7037/swagger/v1/swagger.json - 200 - application/json;charset=utf-8 166.3342ms
2024-05-09 12:20:14.8278|INFO|Microsoft.AspNetCore.Hosting.Diagnostics|Request starting HTTP/2 POST https://localhost:7037/api/Register - application/json 107
2024-05-09 12:20:14.8278|INFO|Microsoft.AspNetCore.Routing.EndpointMiddleware|Executing endpoint 'Fundo_Notes.Controllers.RegistrationController.UserRegistration (Fundo Notes)'
2024-05-09 12:20:14.8539|INFO|Microsoft.AspNetCore.Mvc.Infrastructure.ControllerActionInvoker|Route matched with {action = "UserRegistration", controller = "Registration"}. Executing controller action with signature System.Threading.Tasks.Task`1[Microsoft.AspNetCore.Mvc.IActionResult] UserRegistration(ModelLayer.Registration.UserRegistrationModel) on controller Fundo_Notes.Controllers.RegistrationController (Fundo Notes).
2024-05-09 12:20:14.9078|ERROR|Fundo_Notes.Controllers.RegistrationController|Invalid Request
2024-05-09 12:20:14.9078|INFO|Microsoft.AspNetCore.Mvc.Infrastructure.ObjectResultExecutor|Executing OkObjectResult, writing value of type 'ModelLayer.ResponseModel.ResponseModelLayer`1[[System.String, System.Private.CoreLib, Version=8.0.0.0, Culture=neutral, PublicKeyToken=7cec85d7bea7798e]]'.
2024-05-09 12:20:14.9268|INFO|Microsoft.AspNetCore.Mvc.Infrastructure.ControllerActionInvoker|Executed action Fundo_Notes.Controllers.RegistrationController.UserRegistration (Fundo Notes) in 62.8722ms
2024-05-09 12:20:14.9268|INFO|Microsoft.AspNetCore.Routing.EndpointMiddleware|Executed endpoint 'Fundo_Notes.Controllers.RegistrationController.UserRegistration (Fundo Notes)'
2024-05-09 12:20:14.9268|INFO|Microsoft.AspNetCore.Hosting.Diagnostics|Request finished HTTP/2 POST https://localhost:7037/api/Register - 200 - application/json;+charset=utf-8 99.7197ms
2024-05-09 12:20:27.8370|INFO|Microsoft.AspNetCore.Hosting.Diagnostics|Request starting HTTP/2 POST https://localhost:7037/api/Register - application/json 107
2024-05-09 12:20:27.8370|INFO|Microsoft.AspNetCore.Routing.EndpointMiddleware|Executing endpoint 'Fundo_Notes.Controllers.RegistrationController.UserRegistration (Fundo Notes)'
2024-05-09 12:20:27.8370|INFO|Microsoft.AspNetCore.Mvc.Infrastructure.ControllerActionInvoker|Route matched with {action = "UserRegistration", controller = "Registration"}. Executing controller action with signature System.Threading.Tasks.Task`1[Microsoft.AspNetCore.Mvc.IActionResult] UserRegistration(ModelLayer.Registration.UserRegistrationModel) on controller Fundo_Notes.Controllers.RegistrationController (Fundo Notes).
2024-05-09 12:20:28.3670|INFO|Fundo_Notes.Controllers.RegistrationController|Registration successful
2024-05-09 12:20:28.3670|INFO|Microsoft.AspNetCore.Mvc.Infrastructure.ObjectResultExecutor|Executing OkObjectResult, writing value of type 'ModelLayer.ResponseModel.ResponseModelLayer`1[[ModelLayer.Registration.UserRegistrationModel, ModelLayer, Version=1.0.0.0, Culture=neutral, PublicKeyToken=null]]'.
2024-05-09 12:20:28.3670|INFO|Microsoft.AspNetCore.Mvc.Infrastructure.ControllerActionInvoker|Executed action Fundo_Notes.Controllers.RegistrationController.UserRegistration (Fundo Notes) in 529.7584ms
2024-05-09 12:20:28.3670|INFO|Microsoft.AspNetCore.Routing.EndpointMiddleware|Executed endpoint 'Fundo_Notes.Controllers.RegistrationController.UserRegistration (Fundo Notes)'
2024-05-09 12:20:28.3670|INFO|Microsoft.AspNetCore.Hosting.Diagnostics|Request finished HTTP/2 POST https://localhost:7037/api/Register - 200 - application/json;+charset=utf-8 536.4600ms
2024-05-09 12:21:01.6849|INFO|Microsoft.AspNetCore.Hosting.Diagnostics|Request starting HTTP/2 PATCH https://localhost:7037/api/updatePassword?email=supi%40gmail.com&oldPassword=Supi%40123&newPassword=Supi%40234 - - -
2024-05-09 12:21:01.6849|INFO|Microsoft.AspNetCore.Routing.EndpointMiddleware|Executing endpoint 'Fundo_Notes.Controllers.RegistrationController.UpdatePassword (Fundo Notes)'
2024-05-09 12:21:01.6849|INFO|Microsoft.AspNetCore.Mvc.Infrastructure.ControllerActionInvoker|Route matched with {action = "UpdatePassword", controller = "Registration"}. Executing controller action with signature System.Threading.Tasks.Task`1[Microsoft.AspNetCore.Mvc.IActionResult] UpdatePassword(System.String, System.String, System.String) on controller Fundo_Notes.Controllers.RegistrationController (Fundo Notes).
2024-05-09 12:21:02.0553|ERROR|Fundo_Notes.Controllers.RegistrationController|Failed to login Must declare the scalar variable "@Password".
2024-05-09 12:21:02.0560|INFO|Microsoft.AspNetCore.Mvc.Infrastructure.ObjectResultExecutor|Executing OkObjectResult, writing value of type 'ModelLayer.ResponseModel.ResponseModelLayer`1[[System.String, System.Private.CoreLib, Version=8.0.0.0, Culture=neutral, PublicKeyToken=7cec85d7bea7798e]]'.
2024-05-09 12:21:02.0560|INFO|Microsoft.AspNetCore.Mvc.Infrastructure.ControllerActionInvoker|Executed action Fundo_Notes.Controllers.RegistrationController.UpdatePassword (Fundo Notes) in 366.1303ms
2024-05-09 12:21:02.0560|INFO|Microsoft.AspNetCore.Routing.EndpointMiddleware|Executed endpoint 'Fundo_Notes.Controllers.RegistrationController.UpdatePassword (Fundo Notes)'
2024-05-09 12:21:02.0560|INFO|Microsoft.AspNetCore.Hosting.Diagnostics|Request finished HTTP/2 PATCH https://localhost:7037/api/updatePassword?email=supi%40gmail.com&oldPassword=Supi%40123&newPassword=Supi%40234 - 200 - application/json;+charset=utf-8 373.9300ms
2024-05-09 12:22:29.8089|WARN|Microsoft.AspNetCore.Server.Kestrel.Core.KestrelServer|The ASP.NET Core developer certificate is not trusted. For information about trusting the ASP.NET Core developer certificate, see https://aka.ms/aspnet/https-trust-dev-cert.
2024-05-09 12:22:29.8809|INFO|Microsoft.Hosting.Lifetime|Now listening on: https://localhost:7037
2024-05-09 12:22:29.8809|INFO|Microsoft.Hosting.Lifetime|Now listening on: http://localhost:5142
2024-05-09 12:22:29.8809|INFO|Microsoft.Hosting.Lifetime|Application started. Press Ctrl+C to shut down.
2024-05-09 12:22:29.8809|INFO|Microsoft.Hosting.Lifetime|Hosting environment: Development
2024-05-09 12:22:29.8809|INFO|Microsoft.Hosting.Lifetime|Content root path: C:\Users\Thanay\source\repos\Fundo Notes\Fundo Notes
2024-05-09 12:22:30.1364|INFO|Microsoft.AspNetCore.Hosting.Diagnostics|Request starting HTTP/2 GET https://localhost:7037/swagger/index.html - - -
2024-05-09 12:22:30.3537|INFO|Microsoft.AspNetCore.Hosting.Diagnostics|Request finished HTTP/2 GET https://localhost:7037/swagger/index.html - 200 - text/html;charset=utf-8 214.8076ms
2024-05-09 12:22:30.3537|INFO|Microsoft.AspNetCore.Hosting.Diagnostics|Request starting HTTP/2 GET https://localhost:7037/swagger/swagger-ui.css - - -
2024-05-09 12:22:30.3537|INFO|Microsoft.AspNetCore.Hosting.Diagnostics|Request starting HTTP/2 GET https://localhost:7037/_framework/aspnetcore-browser-refresh.js - - -
2024-05-09 12:22:30.3537|INFO|Microsoft.AspNetCore.Hosting.Diagnostics|Request starting HTTP/2 GET https://localhost:7037/_vs/browserLink - - -
2024-05-09 12:22:30.3666|INFO|Microsoft.AspNetCore.Hosting.Diagnostics|Request finished HTTP/2 GET https://localhost:7037/_framework/aspnetcore-browser-refresh.js - 200 13758 application/javascript;+charset=utf-8 6.3495ms
2024-05-09 12:22:30.3798|INFO|Microsoft.AspNetCore.StaticFiles.StaticFileMiddleware|Sending file. Request path: '/swagger-ui.css'. Physical path: 'N/A'
2024-05-09 12:22:30.3798|INFO|Microsoft.AspNetCore.Hosting.Diagnostics|Request finished HTTP/2 GET https://localhost:7037/swagger/swagger-ui.css - 200 143943 text/css 21.2347ms
2024-05-09 12:22:30.3950|INFO|Microsoft.AspNetCore.Hosting.Diagnostics|Request finished HTTP/2 GET https://localhost:7037/_vs/browserLink - 200 - text/javascript;+charset=UTF-8 34.8743ms
2024-05-09 12:22:30.6019|INFO|Microsoft.AspNetCore.Hosting.Diagnostics|Request starting HTTP/2 GET https://localhost:7037/swagger/v1/swagger.json - - -
2024-05-09 12:22:30.6019|INFO|Microsoft.AspNetCore.Hosting.Diagnostics|Request starting HTTP/2 GET https://localhost:7037/swagger/favicon-32x32.png - - -
2024-05-09 12:22:30.6019|INFO|Microsoft.AspNetCore.StaticFiles.StaticFileMiddleware|Sending file. Request path: '/favicon-32x32.png'. Physical path: 'N/A'
2024-05-09 12:22:30.6019|INFO|Microsoft.AspNetCore.Hosting.Diagnostics|Request finished HTTP/2 GET https://localhost:7037/swagger/favicon-32x32.png - 200 628 image/png 2.3398ms
2024-05-09 12:22:30.7219|INFO|Microsoft.AspNetCore.Hosting.Diagnostics|Request finished HTTP/2 GET https://localhost:7037/swagger/v1/swagger.json - 200 - application/json;charset=utf-8 120.0758ms
2024-05-09 12:22:33.7297|INFO|Microsoft.AspNetCore.Hosting.Diagnostics|Request starting HTTP/2 GET https://localhost:7037/swagger/index.html - - -
2024-05-09 12:22:33.7386|INFO|Microsoft.AspNetCore.Hosting.Diagnostics|Request finished HTTP/2 GET https://localhost:7037/swagger/index.html - 200 - text/html;charset=utf-8 8.8801ms
2024-05-09 12:22:33.7386|INFO|Microsoft.AspNetCore.Hosting.Diagnostics|Request starting HTTP/2 GET https://localhost:7037/swagger/swagger-ui.css - - -
2024-05-09 12:22:33.7386|INFO|Microsoft.AspNetCore.Hosting.Diagnostics|Request starting HTTP/2 GET https://localhost:7037/_vs/browserLink - - -
2024-05-09 12:22:33.7386|INFO|Microsoft.AspNetCore.Hosting.Diagnostics|Request starting HTTP/2 GET https://localhost:7037/_framework/aspnetcore-browser-refresh.js - - -
2024-05-09 12:22:33.7386|INFO|Microsoft.AspNetCore.Hosting.Diagnostics|Request finished HTTP/2 GET https://localhost:7037/_framework/aspnetcore-browser-refresh.js - 200 13758 application/javascript;+charset=utf-8 1.0970ms
2024-05-09 12:22:33.7386|INFO|Microsoft.AspNetCore.StaticFiles.StaticFileMiddleware|Sending file. Request path: '/swagger-ui.css'. Physical path: 'N/A'
2024-05-09 12:22:33.7545|INFO|Microsoft.AspNetCore.Hosting.Diagnostics|Request finished HTTP/2 GET https://localhost:7037/swagger/swagger-ui.css - 200 143943 text/css 4.5231ms
2024-05-09 12:22:33.7777|INFO|Microsoft.AspNetCore.Hosting.Diagnostics|Request finished HTTP/2 GET https://localhost:7037/_vs/browserLink - 200 - text/javascript;+charset=UTF-8 26.9605ms
2024-05-09 12:22:33.8174|INFO|Microsoft.AspNetCore.Hosting.Diagnostics|Request starting HTTP/2 GET https://localhost:7037/swagger/v1/swagger.json - - -
2024-05-09 12:22:33.8174|INFO|Microsoft.AspNetCore.Hosting.Diagnostics|Request starting HTTP/2 GET https://localhost:7037/swagger/favicon-32x32.png - - -
2024-05-09 12:22:33.8174|INFO|Microsoft.AspNetCore.StaticFiles.StaticFileMiddleware|Sending file. Request path: '/favicon-32x32.png'. Physical path: 'N/A'
2024-05-09 12:22:33.8174|INFO|Microsoft.AspNetCore.Hosting.Diagnostics|Request finished HTTP/2 GET https://localhost:7037/swagger/v1/swagger.json - 200 - application/json;charset=utf-8 7.6545ms
2024-05-09 12:22:33.8174|INFO|Microsoft.AspNetCore.Hosting.Diagnostics|Request finished HTTP/2 GET https://localhost:7037/swagger/favicon-32x32.png - 200 628 image/png 1.1054ms
2024-05-09 12:23:01.2803|INFO|Microsoft.AspNetCore.Hosting.Diagnostics|Request starting HTTP/2 PATCH https://localhost:7037/api/updatePassword?email=supi%40gmail.com&oldPassword=supi%40123&newPassword=supi%40234 - - -
2024-05-09 12:23:01.2803|INFO|Microsoft.AspNetCore.Routing.EndpointMiddleware|Executing endpoint 'Fundo_Notes.Controllers.RegistrationController.UpdatePassword (Fundo Notes)'
2024-05-09 12:23:01.3058|INFO|Microsoft.AspNetCore.Mvc.Infrastructure.ControllerActionInvoker|Route matched with {action = "UpdatePassword", controller = "Registration"}. Executing controller action with signature System.Threading.Tasks.Task`1[Microsoft.AspNetCore.Mvc.IActionResult] UpdatePassword(System.String, System.String, System.String) on controller Fundo_Notes.Controllers.RegistrationController (Fundo Notes).
2024-05-09 12:23:01.8966|ERROR|Fundo_Notes.Controllers.RegistrationController|Failed to login Can't update, Current Password 'supi@123' is Invalid
2024-05-09 12:23:01.8966|INFO|Microsoft.AspNetCore.Mvc.Infrastructure.ObjectResultExecutor|Executing OkObjectResult, writing value of type 'ModelLayer.ResponseModel.ResponseModelLayer`1[[System.String, System.Private.CoreLib, Version=8.0.0.0, Culture=neutral, PublicKeyToken=7cec85d7bea7798e]]'.
2024-05-09 12:23:01.9182|INFO|Microsoft.AspNetCore.Mvc.Infrastructure.ControllerActionInvoker|Executed action Fundo_Notes.Controllers.RegistrationController.UpdatePassword (Fundo Notes) in 601.9159ms
2024-05-09 12:23:01.9182|INFO|Microsoft.AspNetCore.Routing.EndpointMiddleware|Executed endpoint 'Fundo_Notes.Controllers.RegistrationController.UpdatePassword (Fundo Notes)'
2024-05-09 12:23:01.9182|INFO|Microsoft.AspNetCore.Hosting.Diagnostics|Request finished HTTP/2 PATCH https://localhost:7037/api/updatePassword?email=supi%40gmail.com&oldPassword=supi%40123&newPassword=supi%40234 - 200 - application/json;+charset=utf-8 638.7826ms
2024-05-09 12:23:14.2274|INFO|Microsoft.AspNetCore.Hosting.Diagnostics|Request starting HTTP/2 PATCH https://localhost:7037/api/updatePassword?email=supi%40gmail.com&oldPassword=Supi%40123&newPassword=Supi%40234 - - -
2024-05-09 12:23:14.2320|INFO|Microsoft.AspNetCore.Routing.EndpointMiddleware|Executing endpoint 'Fundo_Notes.Controllers.RegistrationController.UpdatePassword (Fundo Notes)'
2024-05-09 12:23:14.2320|INFO|Microsoft.AspNetCore.Mvc.Infrastructure.ControllerActionInvoker|Route matched with {action = "UpdatePassword", controller = "Registration"}. Executing controller action with signature System.Threading.Tasks.Task`1[Microsoft.AspNetCore.Mvc.IActionResult] UpdatePassword(System.String, System.String, System.String) on controller Fundo_Notes.Controllers.RegistrationController (Fundo Notes).
2024-05-09 12:23:14.4693|INFO|Fundo_Notes.Controllers.RegistrationController|Successfully Updated Password
2024-05-09 12:23:14.4693|INFO|Microsoft.AspNetCore.Mvc.Infrastructure.ObjectResultExecutor|Executing OkObjectResult, writing value of type 'ModelLayer.ResponseModel.ResponseModelLayer`1[[System.String, System.Private.CoreLib, Version=8.0.0.0, Culture=neutral, PublicKeyToken=7cec85d7bea7798e]]'.
2024-05-09 12:23:14.4693|INFO|Microsoft.AspNetCore.Mvc.Infrastructure.ControllerActionInvoker|Executed action Fundo_Notes.Controllers.RegistrationController.UpdatePassword (Fundo Notes) in 236.5306ms
2024-05-09 12:23:14.4693|INFO|Microsoft.AspNetCore.Routing.EndpointMiddleware|Executed endpoint 'Fundo_Notes.Controllers.RegistrationController.UpdatePassword (Fundo Notes)'
2024-05-09 12:23:14.4693|INFO|Microsoft.AspNetCore.Hosting.Diagnostics|Request finished HTTP/2 PATCH https://localhost:7037/api/updatePassword?email=supi%40gmail.com&oldPassword=Supi%40123&newPassword=Supi%40234 - 200 - application/json;+charset=utf-8 243.4434ms
2024-05-09 13:10:19.2913|WARN|Microsoft.AspNetCore.Server.Kestrel.Core.KestrelServer|The ASP.NET Core developer certificate is not trusted. For information about trusting the ASP.NET Core developer certificate, see https://aka.ms/aspnet/https-trust-dev-cert.
2024-05-09 13:10:19.3729|INFO|Microsoft.Hosting.Lifetime|Now listening on: https://localhost:7037
2024-05-09 13:10:19.3729|INFO|Microsoft.Hosting.Lifetime|Now listening on: http://localhost:5142
2024-05-09 13:10:19.3729|INFO|Microsoft.Hosting.Lifetime|Application started. Press Ctrl+C to shut down.
2024-05-09 13:10:19.3729|INFO|Microsoft.Hosting.Lifetime|Hosting environment: Development
2024-05-09 13:10:19.3729|INFO|Microsoft.Hosting.Lifetime|Content root path: C:\Users\Thanay\source\repos\Fundo Notes\Fundo Notes
2024-05-09 13:10:19.9019|INFO|Microsoft.AspNetCore.Hosting.Diagnostics|Request starting HTTP/2 GET https://localhost:7037/swagger - - -
2024-05-09 13:10:20.0261|INFO|Microsoft.AspNetCore.Hosting.Diagnostics|Request finished HTTP/2 GET https://localhost:7037/swagger - 301 0 - 123.7136ms
2024-05-09 13:10:20.0261|INFO|Microsoft.AspNetCore.Hosting.Diagnostics|Request starting HTTP/2 GET https://localhost:7037/swagger/index.html - - -
2024-05-09 13:10:20.1465|INFO|Microsoft.AspNetCore.Hosting.Diagnostics|Request finished HTTP/2 GET https://localhost:7037/swagger/index.html - 200 - text/html;charset=utf-8 116.4798ms
2024-05-09 13:10:20.1465|INFO|Microsoft.AspNetCore.Hosting.Diagnostics|Request starting HTTP/2 GET https://localhost:7037/swagger/swagger-ui.css - - -
2024-05-09 13:10:20.1465|INFO|Microsoft.AspNetCore.Hosting.Diagnostics|Request starting HTTP/2 GET https://localhost:7037/swagger/swagger-ui-standalone-preset.js - - -
2024-05-09 13:10:20.1465|INFO|Microsoft.AspNetCore.Hosting.Diagnostics|Request starting HTTP/2 GET https://localhost:7037/swagger/swagger-ui-bundle.js - - -
2024-05-09 13:10:20.1465|INFO|Microsoft.AspNetCore.Hosting.Diagnostics|Request starting HTTP/2 GET https://localhost:7037/_framework/aspnetcore-browser-refresh.js - - -
2024-05-09 13:10:20.1465|INFO|Microsoft.AspNetCore.Hosting.Diagnostics|Request starting HTTP/2 GET https://localhost:7037/_vs/browserLink - - -
2024-05-09 13:10:20.1679|INFO|Microsoft.AspNetCore.Hosting.Diagnostics|Request finished HTTP/2 GET https://localhost:7037/_framework/aspnetcore-browser-refresh.js - 200 13758 application/javascript;+charset=utf-8 14.1275ms
2024-05-09 13:10:20.1851|INFO|Microsoft.AspNetCore.StaticFiles.StaticFileMiddleware|Sending file. Request path: '/swagger-ui.css'. Physical path: 'N/A'
2024-05-09 13:10:20.1851|INFO|Microsoft.AspNetCore.StaticFiles.StaticFileMiddleware|Sending file. Request path: '/swagger-ui-standalone-preset.js'. Physical path: 'N/A'
2024-05-09 13:10:20.1966|INFO|Microsoft.AspNetCore.Hosting.Diagnostics|Request finished HTTP/2 GET https://localhost:7037/swagger/swagger-ui.css - 200 143943 text/css 44.9970ms
2024-05-09 13:10:20.2099|INFO|Microsoft.AspNetCore.Hosting.Diagnostics|Request finished HTTP/2 GET https://localhost:7037/swagger/swagger-ui-standalone-preset.js - 200 339486 text/javascript 56.6877ms
2024-05-09 13:10:20.2099|INFO|Microsoft.AspNetCore.StaticFiles.StaticFileMiddleware|Sending file. Request path: '/swagger-ui-bundle.js'. Physical path: 'N/A'
2024-05-09 13:10:20.2099|INFO|Microsoft.AspNetCore.Hosting.Diagnostics|Request finished HTTP/2 GET https://localhost:7037/swagger/swagger-ui-bundle.js - 200 1096145 text/javascript 66.7137ms
2024-05-09 13:10:20.2629|INFO|Microsoft.AspNetCore.Hosting.Diagnostics|Request finished HTTP/2 GET https://localhost:7037/_vs/browserLink - 200 - text/javascript;+charset=UTF-8 107.4429ms
2024-05-09 13:10:20.5707|INFO|Microsoft.AspNetCore.Hosting.Diagnostics|Request starting HTTP/2 GET https://localhost:7037/swagger/v1/swagger.json - - -
2024-05-09 13:10:20.8363|INFO|Microsoft.AspNetCore.Hosting.Diagnostics|Request finished HTTP/2 GET https://localhost:7037/swagger/v1/swagger.json - 200 - application/json;charset=utf-8 265.5806ms
2024-05-09 13:16:15.3341|WARN|Microsoft.AspNetCore.Server.Kestrel.Core.KestrelServer|The ASP.NET Core developer certificate is not trusted. For information about trusting the ASP.NET Core developer certificate, see https://aka.ms/aspnet/https-trust-dev-cert.
2024-05-09 13:16:15.3969|INFO|Microsoft.Hosting.Lifetime|Now listening on: https://localhost:7037
2024-05-09 13:16:15.3969|INFO|Microsoft.Hosting.Lifetime|Now listening on: http://localhost:5142
2024-05-09 13:16:15.3969|INFO|Microsoft.Hosting.Lifetime|Application started. Press Ctrl+C to shut down.
2024-05-09 13:16:15.3969|INFO|Microsoft.Hosting.Lifetime|Hosting environment: Development
2024-05-09 13:16:15.3969|INFO|Microsoft.Hosting.Lifetime|Content root path: C:\Users\Thanay\source\repos\Fundo Notes\Fundo Notes
2024-05-09 13:16:16.0782|INFO|Microsoft.AspNetCore.Hosting.Diagnostics|Request starting HTTP/2 GET https://localhost:7037/swagger/index.html - - -
2024-05-09 13:16:16.2692|INFO|Microsoft.AspNetCore.Hosting.Diagnostics|Request finished HTTP/2 GET https://localhost:7037/swagger/index.html - 200 - text/html;charset=utf-8 190.3490ms
2024-05-09 13:16:16.2692|INFO|Microsoft.AspNetCore.Hosting.Diagnostics|Request starting HTTP/2 GET https://localhost:7037/swagger/swagger-ui.css - - -
2024-05-09 13:16:16.2692|INFO|Microsoft.AspNetCore.Hosting.Diagnostics|Request starting HTTP/2 GET https://localhost:7037/_framework/aspnetcore-browser-refresh.js - - -
2024-05-09 13:16:16.2692|INFO|Microsoft.AspNetCore.Hosting.Diagnostics|Request starting HTTP/2 GET https://localhost:7037/_vs/browserLink - - -
2024-05-09 13:16:16.2692|INFO|Microsoft.AspNetCore.Hosting.Diagnostics|Request finished HTTP/2 GET https://localhost:7037/_framework/aspnetcore-browser-refresh.js - 200 13758 application/javascript;+charset=utf-8 3.4276ms
2024-05-09 13:16:16.2692|INFO|Microsoft.AspNetCore.StaticFiles.StaticFileMiddleware|Sending file. Request path: '/swagger-ui.css'. Physical path: 'N/A'
2024-05-09 13:16:16.2850|INFO|Microsoft.AspNetCore.Hosting.Diagnostics|Request finished HTTP/2 GET https://localhost:7037/swagger/swagger-ui.css - 200 143943 text/css 14.1696ms
2024-05-09 13:16:16.3293|INFO|Microsoft.AspNetCore.Hosting.Diagnostics|Request finished HTTP/2 GET https://localhost:7037/_vs/browserLink - 200 - text/javascript;+charset=UTF-8 58.1308ms
2024-05-09 13:16:16.3604|INFO|Microsoft.AspNetCore.Hosting.Diagnostics|Request starting HTTP/2 GET https://localhost:7037/swagger/v1/swagger.json - - -
2024-05-09 13:16:16.3698|INFO|Microsoft.AspNetCore.Hosting.Diagnostics|Request starting HTTP/2 GET https://localhost:7037/swagger/favicon-32x32.png - - -
2024-05-09 13:16:16.3698|INFO|Microsoft.AspNetCore.StaticFiles.StaticFileMiddleware|Sending file. Request path: '/favicon-32x32.png'. Physical path: 'N/A'
2024-05-09 13:16:16.3698|INFO|Microsoft.AspNetCore.Hosting.Diagnostics|Request finished HTTP/2 GET https://localhost:7037/swagger/favicon-32x32.png - 200 628 image/png 3.7213ms
2024-05-09 13:16:16.5021|INFO|Microsoft.AspNetCore.Hosting.Diagnostics|Request finished HTTP/2 GET https://localhost:7037/swagger/v1/swagger.json - 200 - application/json;charset=utf-8 141.6096ms
2024-05-09 13:16:51.6533|WARN|Microsoft.AspNetCore.Server.Kestrel.Core.KestrelServer|The ASP.NET Core developer certificate is not trusted. For information about trusting the ASP.NET Core developer certificate, see https://aka.ms/aspnet/https-trust-dev-cert.
2024-05-09 13:16:51.7322|INFO|Microsoft.Hosting.Lifetime|Now listening on: https://localhost:7037
2024-05-09 13:16:51.7322|INFO|Microsoft.Hosting.Lifetime|Now listening on: http://localhost:5142
2024-05-09 13:16:51.7322|INFO|Microsoft.Hosting.Lifetime|Application started. Press Ctrl+C to shut down.
2024-05-09 13:16:51.7375|INFO|Microsoft.Hosting.Lifetime|Hosting environment: Development
2024-05-09 13:16:51.7375|INFO|Microsoft.Hosting.Lifetime|Content root path: C:\Users\Thanay\source\repos\Fundo Notes\Fundo Notes
2024-05-09 13:16:52.1995|INFO|Microsoft.AspNetCore.Hosting.Diagnostics|Request starting HTTP/2 GET https://localhost:7037/swagger/index.html - - -
2024-05-09 13:16:52.3999|INFO|Microsoft.AspNetCore.Hosting.Diagnostics|Request finished HTTP/2 GET https://localhost:7037/swagger/index.html - 200 - text/html;charset=utf-8 200.7643ms
2024-05-09 13:16:52.3999|INFO|Microsoft.AspNetCore.Hosting.Diagnostics|Request starting HTTP/2 GET https://localhost:7037/_vs/browserLink - - -
2024-05-09 13:16:52.3999|INFO|Microsoft.AspNetCore.Hosting.Diagnostics|Request starting HTTP/2 GET https://localhost:7037/swagger/swagger-ui.css - - -
2024-05-09 13:16:52.3999|INFO|Microsoft.AspNetCore.Hosting.Diagnostics|Request starting HTTP/2 GET https://localhost:7037/_framework/aspnetcore-browser-refresh.js - - -
2024-05-09 13:16:52.4105|INFO|Microsoft.AspNetCore.Hosting.Diagnostics|Request finished HTTP/2 GET https://localhost:7037/_framework/aspnetcore-browser-refresh.js - 200 13758 application/javascript;+charset=utf-8 7.4285ms
2024-05-09 13:16:52.4249|INFO|Microsoft.AspNetCore.StaticFiles.StaticFileMiddleware|Sending file. Request path: '/swagger-ui.css'. Physical path: 'N/A'
2024-05-09 13:16:52.4249|INFO|Microsoft.AspNetCore.Hosting.Diagnostics|Request finished HTTP/2 GET https://localhost:7037/swagger/swagger-ui.css - 200 143943 text/css 25.6706ms
2024-05-09 13:16:52.4452|INFO|Microsoft.AspNetCore.Hosting.Diagnostics|Request finished HTTP/2 GET https://localhost:7037/_vs/browserLink - 200 - text/javascript;+charset=UTF-8 44.2664ms
2024-05-09 13:16:52.5559|INFO|Microsoft.AspNetCore.Hosting.Diagnostics|Request starting HTTP/2 GET https://localhost:7037/swagger/v1/swagger.json - - -
2024-05-09 13:16:52.5559|INFO|Microsoft.AspNetCore.Hosting.Diagnostics|Request starting HTTP/2 GET https://localhost:7037/swagger/favicon-32x32.png - - -
2024-05-09 13:16:52.5559|INFO|Microsoft.AspNetCore.StaticFiles.StaticFileMiddleware|Sending file. Request path: '/favicon-32x32.png'. Physical path: 'N/A'
2024-05-09 13:16:52.5559|INFO|Microsoft.AspNetCore.Hosting.Diagnostics|Request finished HTTP/2 GET https://localhost:7037/swagger/favicon-32x32.png - 200 628 image/png 2.5289ms
2024-05-09 13:16:52.6722|INFO|Microsoft.AspNetCore.Hosting.Diagnostics|Request finished HTTP/2 GET https://localhost:7037/swagger/v1/swagger.json - 200 - application/json;charset=utf-8 116.2832ms
2024-05-09 13:16:57.3124|INFO|Microsoft.AspNetCore.Hosting.Diagnostics|Request starting HTTP/2 GET https://localhost:7037/swagger/index.html - - -
2024-05-09 13:16:57.3124|INFO|Microsoft.AspNetCore.Hosting.Diagnostics|Request finished HTTP/2 GET https://localhost:7037/swagger/index.html - 200 - text/html;charset=utf-8 11.9788ms
2024-05-09 13:16:57.3379|INFO|Microsoft.AspNetCore.Hosting.Diagnostics|Request starting HTTP/2 GET https://localhost:7037/_vs/browserLink - - -
2024-05-09 13:16:57.3379|INFO|Microsoft.AspNetCore.Hosting.Diagnostics|Request starting HTTP/2 GET https://localhost:7037/_framework/aspnetcore-browser-refresh.js - - -
2024-05-09 13:16:57.3379|INFO|Microsoft.AspNetCore.Hosting.Diagnostics|Request finished HTTP/2 GET https://localhost:7037/_framework/aspnetcore-browser-refresh.js - 200 13758 application/javascript;+charset=utf-8 1.6045ms
2024-05-09 13:16:57.3529|INFO|Microsoft.AspNetCore.Hosting.Diagnostics|Request finished HTTP/2 GET https://localhost:7037/_vs/browserLink - 200 - text/javascript;+charset=UTF-8 14.9983ms
2024-05-09 13:16:57.4034|INFO|Microsoft.AspNetCore.Hosting.Diagnostics|Request starting HTTP/2 GET https://localhost:7037/swagger/v1/swagger.json - - -
2024-05-09 13:16:57.4132|INFO|Microsoft.AspNetCore.Hosting.Diagnostics|Request starting HTTP/2 GET https://localhost:7037/swagger/favicon-32x32.png - - -
2024-05-09 13:16:57.4132|INFO|Microsoft.AspNetCore.StaticFiles.StaticFileMiddleware|Sending file. Request path: '/favicon-32x32.png'. Physical path: 'N/A'
2024-05-09 13:16:57.4132|INFO|Microsoft.AspNetCore.Hosting.Diagnostics|Request finished HTTP/2 GET https://localhost:7037/swagger/favicon-32x32.png - 200 628 image/png 2.1133ms
2024-05-09 13:16:57.4132|INFO|Microsoft.AspNetCore.Hosting.Diagnostics|Request finished HTTP/2 GET https://localhost:7037/swagger/v1/swagger.json - 200 - application/json;charset=utf-8 14.1500ms
2024-05-09 13:17:29.2474|INFO|Microsoft.AspNetCore.Hosting.Diagnostics|Request starting HTTP/2 POST https://localhost:7037/api/forgotpassword?Email=thanaykumaryr%40gmail.com - - 0
2024-05-09 13:17:29.2474|INFO|Microsoft.AspNetCore.Routing.EndpointMiddleware|Executing endpoint 'Fundo_Notes.Controllers.RegistrationController.ForgotPassword (Fundo Notes)'
2024-05-09 13:17:29.3133|INFO|Microsoft.AspNetCore.Mvc.Infrastructure.ControllerActionInvoker|Route matched with {action = "ForgotPassword", controller = "Registration"}. Executing controller action with signature System.Threading.Tasks.Task`1[Microsoft.AspNetCore.Mvc.IActionResult] ForgotPassword(System.String) on controller Fundo_Notes.Controllers.RegistrationController (Fundo Notes).
2024-05-09 13:17:29.3749|INFO|Fundo_Notes.Controllers.RegistrationController|Email Sent
2024-05-09 13:17:30.1747|ERROR|Fundo_Notes.Controllers.RegistrationController|error occured while sending mail Value cannot be null. (Parameter 'value')
2024-05-09 13:17:30.1854|INFO|Microsoft.AspNetCore.Mvc.Infrastructure.ObjectResultExecutor|Executing OkObjectResult, writing value of type 'ModelLayer.ResponseModel.ResponseModelLayer`1[[System.String, System.Private.CoreLib, Version=8.0.0.0, Culture=neutral, PublicKeyToken=7cec85d7bea7798e]]'.
2024-05-09 13:17:30.2030|INFO|Microsoft.AspNetCore.Mvc.Infrastructure.ControllerActionInvoker|Executed action Fundo_Notes.Controllers.RegistrationController.ForgotPassword (Fundo Notes) in 877.4685ms
2024-05-09 13:17:30.2030|INFO|Microsoft.AspNetCore.Routing.EndpointMiddleware|Executed endpoint 'Fundo_Notes.Controllers.RegistrationController.ForgotPassword (Fundo Notes)'
2024-05-09 13:17:30.2030|INFO|Microsoft.AspNetCore.Hosting.Diagnostics|Request finished HTTP/2 POST https://localhost:7037/api/forgotpassword?Email=thanaykumaryr%40gmail.com - 200 - application/json;+charset=utf-8 957.0297ms
2024-05-09 13:22:08.8732|INFO|Microsoft.AspNetCore.Hosting.Diagnostics|Request starting HTTP/2 POST https://localhost:7037/api/forgotpassword?Email=thanaykumaryr%40gmail.com - - 0
2024-05-09 13:22:08.8732|INFO|Microsoft.AspNetCore.Routing.EndpointMiddleware|Executing endpoint 'Fundo_Notes.Controllers.RegistrationController.ForgotPassword (Fundo Notes)'
2024-05-09 13:22:08.8732|INFO|Microsoft.AspNetCore.Mvc.Infrastructure.ControllerActionInvoker|Route matched with {action = "ForgotPassword", controller = "Registration"}. Executing controller action with signature System.Threading.Tasks.Task`1[Microsoft.AspNetCore.Mvc.IActionResult] ForgotPassword(System.String) on controller Fundo_Notes.Controllers.RegistrationController (Fundo Notes).
2024-05-09 13:22:08.8805|INFO|Fundo_Notes.Controllers.RegistrationController|Email Sent
2024-05-09 13:22:08.8999|ERROR|Fundo_Notes.Controllers.RegistrationController|error occured while sending mail Value cannot be null. (Parameter 'value')
2024-05-09 13:22:08.8999|INFO|Microsoft.AspNetCore.Mvc.Infrastructure.ObjectResultExecutor|Executing OkObjectResult, writing value of type 'ModelLayer.ResponseModel.ResponseModelLayer`1[[System.String, System.Private.CoreLib, Version=8.0.0.0, Culture=neutral, PublicKeyToken=7cec85d7bea7798e]]'.
2024-05-09 13:22:08.8999|INFO|Microsoft.AspNetCore.Mvc.Infrastructure.ControllerActionInvoker|Executed action Fundo_Notes.Controllers.RegistrationController.ForgotPassword (Fundo Notes) in 23.32ms
2024-05-09 13:22:08.8999|INFO|Microsoft.AspNetCore.Routing.EndpointMiddleware|Executed endpoint 'Fundo_Notes.Controllers.RegistrationController.ForgotPassword (Fundo Notes)'
2024-05-09 13:22:08.8999|INFO|Microsoft.AspNetCore.Hosting.Diagnostics|Request finished HTTP/2 POST https://localhost:7037/api/forgotpassword?Email=thanaykumaryr%40gmail.com - 200 - application/json;+charset=utf-8 28.3728ms
2024-05-09 13:26:39.9083|WARN|Microsoft.AspNetCore.Server.Kestrel.Core.KestrelServer|The ASP.NET Core developer certificate is not trusted. For information about trusting the ASP.NET Core developer certificate, see https://aka.ms/aspnet/https-trust-dev-cert.
2024-05-09 13:26:39.9804|INFO|Microsoft.Hosting.Lifetime|Now listening on: https://localhost:7037
2024-05-09 13:26:39.9804|INFO|Microsoft.Hosting.Lifetime|Now listening on: http://localhost:5142
2024-05-09 13:26:39.9804|INFO|Microsoft.Hosting.Lifetime|Application started. Press Ctrl+C to shut down.
2024-05-09 13:26:39.9804|INFO|Microsoft.Hosting.Lifetime|Hosting environment: Development
2024-05-09 13:26:39.9804|INFO|Microsoft.Hosting.Lifetime|Content root path: C:\Users\Thanay\source\repos\Fundo Notes\Fundo Notes
2024-05-09 13:26:40.2727|INFO|Microsoft.AspNetCore.Hosting.Diagnostics|Request starting HTTP/2 GET https://localhost:7037/swagger/index.html - - -
2024-05-09 13:26:40.4750|INFO|Microsoft.AspNetCore.Hosting.Diagnostics|Request finished HTTP/2 GET https://localhost:7037/swagger/index.html - 200 - text/html;charset=utf-8 201.9153ms
2024-05-09 13:26:40.4750|INFO|Microsoft.AspNetCore.Hosting.Diagnostics|Request starting HTTP/2 GET https://localhost:7037/_framework/aspnetcore-browser-refresh.js - - -
2024-05-09 13:26:40.4750|INFO|Microsoft.AspNetCore.Hosting.Diagnostics|Request starting HTTP/2 GET https://localhost:7037/_vs/browserLink - - -
2024-05-09 13:26:40.4750|INFO|Microsoft.AspNetCore.Hosting.Diagnostics|Request finished HTTP/2 GET https://localhost:7037/_framework/aspnetcore-browser-refresh.js - 200 13758 application/javascript;+charset=utf-8 3.6498ms
2024-05-09 13:26:40.5128|INFO|Microsoft.AspNetCore.Hosting.Diagnostics|Request finished HTTP/2 GET https://localhost:7037/_vs/browserLink - 200 - text/javascript;+charset=UTF-8 31.7553ms
2024-05-09 13:26:40.5612|INFO|Microsoft.AspNetCore.Hosting.Diagnostics|Request starting HTTP/2 GET https://localhost:7037/swagger/v1/swagger.json - - -
2024-05-09 13:26:40.5679|INFO|Microsoft.AspNetCore.Hosting.Diagnostics|Request starting HTTP/2 GET https://localhost:7037/swagger/favicon-32x32.png - - -
2024-05-09 13:26:40.5679|INFO|Microsoft.AspNetCore.StaticFiles.StaticFileMiddleware|Sending file. Request path: '/favicon-32x32.png'. Physical path: 'N/A'
2024-05-09 13:26:40.5679|INFO|Microsoft.AspNetCore.Hosting.Diagnostics|Request finished HTTP/2 GET https://localhost:7037/swagger/favicon-32x32.png - 200 628 image/png 12.3123ms
2024-05-09 13:26:40.6556|INFO|Microsoft.AspNetCore.Hosting.Diagnostics|Request finished HTTP/2 GET https://localhost:7037/swagger/v1/swagger.json - 200 - application/json;charset=utf-8 94.4789ms
2024-05-09 13:26:45.3502|INFO|Microsoft.AspNetCore.Hosting.Diagnostics|Request starting HTTP/2 GET https://localhost:7037/swagger/index.html - - -
2024-05-09 13:26:45.3740|INFO|Microsoft.AspNetCore.Hosting.Diagnostics|Request finished HTTP/2 GET https://localhost:7037/swagger/index.html - 200 - text/html;charset=utf-8 23.7573ms
2024-05-09 13:26:45.3820|INFO|Microsoft.AspNetCore.Hosting.Diagnostics|Request starting HTTP/2 GET https://localhost:7037/_vs/browserLink - - -
2024-05-09 13:26:45.3820|INFO|Microsoft.AspNetCore.Hosting.Diagnostics|Request starting HTTP/2 GET https://localhost:7037/_framework/aspnetcore-browser-refresh.js - - -
2024-05-09 13:26:45.3820|INFO|Microsoft.AspNetCore.Hosting.Diagnostics|Request finished HTTP/2 GET https://localhost:7037/_framework/aspnetcore-browser-refresh.js - 200 13758 application/javascript;+charset=utf-8 2.9993ms
2024-05-09 13:26:45.4062|INFO|Microsoft.AspNetCore.Hosting.Diagnostics|Request finished HTTP/2 GET https://localhost:7037/_vs/browserLink - 200 - text/javascript;+charset=UTF-8 24.1549ms
2024-05-09 13:26:45.5221|INFO|Microsoft.AspNetCore.Hosting.Diagnostics|Request starting HTTP/2 GET https://localhost:7037/swagger/v1/swagger.json - - -
2024-05-09 13:26:45.5221|INFO|Microsoft.AspNetCore.Hosting.Diagnostics|Request starting HTTP/2 GET https://localhost:7037/swagger/favicon-32x32.png - - -
2024-05-09 13:26:45.5221|INFO|Microsoft.AspNetCore.Hosting.Diagnostics|Request finished HTTP/2 GET https://localhost:7037/swagger/v1/swagger.json - 200 - application/json;charset=utf-8 11.5324ms
2024-05-09 13:26:45.5221|INFO|Microsoft.AspNetCore.StaticFiles.StaticFileMiddleware|Sending file. Request path: '/favicon-32x32.png'. Physical path: 'N/A'
2024-05-09 13:26:45.5221|INFO|Microsoft.AspNetCore.Hosting.Diagnostics|Request finished HTTP/2 GET https://localhost:7037/swagger/favicon-32x32.png - 200 628 image/png 3.4609ms
2024-05-09 13:26:46.4227|INFO|Microsoft.AspNetCore.Hosting.Diagnostics|Request starting HTTP/2 GET https://localhost:7037/swagger/index.html - - -
2024-05-09 13:26:46.4227|INFO|Microsoft.AspNetCore.Hosting.Diagnostics|Request finished HTTP/2 GET https://localhost:7037/swagger/index.html - 200 - text/html;charset=utf-8 3.6792ms
2024-05-09 13:26:46.4453|INFO|Microsoft.AspNetCore.Hosting.Diagnostics|Request starting HTTP/2 GET https://localhost:7037/_vs/browserLink - - -
2024-05-09 13:26:46.4453|INFO|Microsoft.AspNetCore.Hosting.Diagnostics|Request starting HTTP/2 GET https://localhost:7037/_framework/aspnetcore-browser-refresh.js - - -
2024-05-09 13:26:46.4453|INFO|Microsoft.AspNetCore.Hosting.Diagnostics|Request finished HTTP/2 GET https://localhost:7037/_framework/aspnetcore-browser-refresh.js - 200 13758 application/javascript;+charset=utf-8 1.0544ms
2024-05-09 13:26:46.4453|INFO|Microsoft.AspNetCore.Hosting.Diagnostics|Request finished HTTP/2 GET https://localhost:7037/_vs/browserLink - 200 - text/javascript;+charset=UTF-8 10.3731ms
2024-05-09 13:26:46.5041|INFO|Microsoft.AspNetCore.Hosting.Diagnostics|Request starting HTTP/2 GET https://localhost:7037/swagger/v1/swagger.json - - -
2024-05-09 13:26:46.5041|INFO|Microsoft.AspNetCore.Hosting.Diagnostics|Request starting HTTP/2 GET https://localhost:7037/swagger/favicon-32x32.png - - -
2024-05-09 13:26:46.5041|INFO|Microsoft.AspNetCore.StaticFiles.StaticFileMiddleware|Sending file. Request path: '/favicon-32x32.png'. Physical path: 'N/A'
2024-05-09 13:26:46.5041|INFO|Microsoft.AspNetCore.Hosting.Diagnostics|Request finished HTTP/2 GET https://localhost:7037/swagger/favicon-32x32.png - 200 628 image/png 0.9434ms
2024-05-09 13:26:46.5041|INFO|Microsoft.AspNetCore.Hosting.Diagnostics|Request finished HTTP/2 GET https://localhost:7037/swagger/v1/swagger.json - 200 - application/json;charset=utf-8 8.3975ms
2024-05-09 13:27:02.4723|INFO|Microsoft.AspNetCore.Hosting.Diagnostics|Request starting HTTP/2 POST https://localhost:7037/api/forgotpassword?Email=thanaykumaryr%40gmail.com - - 0
2024-05-09 13:27:02.4723|INFO|Microsoft.AspNetCore.Routing.EndpointMiddleware|Executing endpoint 'Fundo_Notes.Controllers.RegistrationController.ForgotPassword (Fundo Notes)'
2024-05-09 13:27:02.5081|INFO|Microsoft.AspNetCore.Mvc.Infrastructure.ControllerActionInvoker|Route matched with {action = "ForgotPassword", controller = "Registration"}. Executing controller action with signature System.Threading.Tasks.Task`1[Microsoft.AspNetCore.Mvc.IActionResult] ForgotPassword(System.String) on controller Fundo_Notes.Controllers.RegistrationController (Fundo Notes).
2024-05-09 13:27:02.5285|INFO|Fundo_Notes.Controllers.RegistrationController|Email Sent
2024-05-09 13:27:02.8112|ERROR|Fundo_Notes.Controllers.RegistrationController|error occured while sending mail Value cannot be null. (Parameter 'value')
2024-05-09 13:27:02.8185|INFO|Microsoft.AspNetCore.Mvc.Infrastructure.ObjectResultExecutor|Executing OkObjectResult, writing value of type 'ModelLayer.ResponseModel.ResponseModelLayer`1[[System.String, System.Private.CoreLib, Version=8.0.0.0, Culture=neutral, PublicKeyToken=7cec85d7bea7798e]]'.
2024-05-09 13:27:02.8185|INFO|Microsoft.AspNetCore.Mvc.Infrastructure.ControllerActionInvoker|Executed action Fundo_Notes.Controllers.RegistrationController.ForgotPassword (Fundo Notes) in 314.746ms
2024-05-09 13:27:02.8185|INFO|Microsoft.AspNetCore.Routing.EndpointMiddleware|Executed endpoint 'Fundo_Notes.Controllers.RegistrationController.ForgotPassword (Fundo Notes)'
2024-05-09 13:27:02.8185|INFO|Microsoft.AspNetCore.Hosting.Diagnostics|Request finished HTTP/2 POST https://localhost:7037/api/forgotpassword?Email=thanaykumaryr%40gmail.com - 200 - application/json;+charset=utf-8 357.7509ms
2024-05-09 13:27:58.7077|WARN|Microsoft.AspNetCore.Server.Kestrel.Core.KestrelServer|The ASP.NET Core developer certificate is not trusted. For information about trusting the ASP.NET Core developer certificate, see https://aka.ms/aspnet/https-trust-dev-cert.
2024-05-09 13:27:58.7830|INFO|Microsoft.Hosting.Lifetime|Now listening on: https://localhost:7037
2024-05-09 13:27:58.7864|INFO|Microsoft.Hosting.Lifetime|Now listening on: http://localhost:5142
2024-05-09 13:27:58.7864|INFO|Microsoft.Hosting.Lifetime|Application started. Press Ctrl+C to shut down.
2024-05-09 13:27:58.7864|INFO|Microsoft.Hosting.Lifetime|Hosting environment: Development
2024-05-09 13:27:58.7864|INFO|Microsoft.Hosting.Lifetime|Content root path: C:\Users\Thanay\source\repos\Fundo Notes\Fundo Notes
2024-05-09 13:27:58.9367|INFO|Microsoft.AspNetCore.Hosting.Diagnostics|Request starting HTTP/2 GET https://localhost:7037/swagger/index.html - - -
2024-05-09 13:27:59.1495|INFO|Microsoft.AspNetCore.Hosting.Diagnostics|Request finished HTTP/2 GET https://localhost:7037/swagger/index.html - 200 - text/html;charset=utf-8 210.7344ms
2024-05-09 13:27:59.1495|INFO|Microsoft.AspNetCore.Hosting.Diagnostics|Request starting HTTP/2 GET https://localhost:7037/_framework/aspnetcore-browser-refresh.js - - -
2024-05-09 13:27:59.1495|INFO|Microsoft.AspNetCore.Hosting.Diagnostics|Request starting HTTP/2 GET https://localhost:7037/_vs/browserLink - - -
2024-05-09 13:27:59.1495|INFO|Microsoft.AspNetCore.Hosting.Diagnostics|Request finished HTTP/2 GET https://localhost:7037/_framework/aspnetcore-browser-refresh.js - 200 13758 application/javascript;+charset=utf-8 4.6605ms
2024-05-09 13:27:59.2017|INFO|Microsoft.AspNetCore.Hosting.Diagnostics|Request finished HTTP/2 GET https://localhost:7037/_vs/browserLink - 200 - text/javascript;+charset=UTF-8 47.8071ms
2024-05-09 13:27:59.6427|INFO|Microsoft.AspNetCore.Hosting.Diagnostics|Request starting HTTP/2 GET https://localhost:7037/swagger/v1/swagger.json - - -
2024-05-09 13:27:59.6427|INFO|Microsoft.AspNetCore.Hosting.Diagnostics|Request starting HTTP/2 GET https://localhost:7037/swagger/favicon-32x32.png - - -
2024-05-09 13:27:59.6532|INFO|Microsoft.AspNetCore.StaticFiles.StaticFileMiddleware|Sending file. Request path: '/favicon-32x32.png'. Physical path: 'N/A'
2024-05-09 13:27:59.6532|INFO|Microsoft.AspNetCore.Hosting.Diagnostics|Request finished HTTP/2 GET https://localhost:7037/swagger/favicon-32x32.png - 200 628 image/png 10.8785ms
2024-05-09 13:27:59.7436|INFO|Microsoft.AspNetCore.Hosting.Diagnostics|Request finished HTTP/2 GET https://localhost:7037/swagger/v1/swagger.json - 200 - application/json;charset=utf-8 100.9186ms
2024-05-09 13:28:18.5575|INFO|Microsoft.AspNetCore.Hosting.Diagnostics|Request starting HTTP/2 GET https://localhost:7037/swagger/index.html - - -
2024-05-09 13:28:18.5697|INFO|Microsoft.AspNetCore.Hosting.Diagnostics|Request finished HTTP/2 GET https://localhost:7037/swagger/index.html - 200 - text/html;charset=utf-8 12.0549ms
2024-05-09 13:28:18.5898|INFO|Microsoft.AspNetCore.Hosting.Diagnostics|Request starting HTTP/2 GET https://localhost:7037/_vs/browserLink - - -
2024-05-09 13:28:18.5898|INFO|Microsoft.AspNetCore.Hosting.Diagnostics|Request starting HTTP/2 GET https://localhost:7037/_framework/aspnetcore-browser-refresh.js - - -
2024-05-09 13:28:18.5898|INFO|Microsoft.AspNetCore.Hosting.Diagnostics|Request finished HTTP/2 GET https://localhost:7037/_framework/aspnetcore-browser-refresh.js - 200 13758 application/javascript;+charset=utf-8 2.6832ms
2024-05-09 13:28:18.6093|INFO|Microsoft.AspNetCore.Hosting.Diagnostics|Request finished HTTP/2 GET https://localhost:7037/_vs/browserLink - 200 - text/javascript;+charset=UTF-8 19.4743ms
2024-05-09 13:28:18.6618|INFO|Microsoft.AspNetCore.Hosting.Diagnostics|Request starting HTTP/2 GET https://localhost:7037/swagger/v1/swagger.json - - -
2024-05-09 13:28:18.6618|INFO|Microsoft.AspNetCore.Hosting.Diagnostics|Request starting HTTP/2 GET https://localhost:7037/swagger/favicon-32x32.png - - -
2024-05-09 13:28:18.6618|INFO|Microsoft.AspNetCore.StaticFiles.StaticFileMiddleware|Sending file. Request path: '/favicon-32x32.png'. Physical path: 'N/A'
2024-05-09 13:28:18.6618|INFO|Microsoft.AspNetCore.Hosting.Diagnostics|Request finished HTTP/2 GET https://localhost:7037/swagger/favicon-32x32.png - 200 628 image/png 2.0128ms
2024-05-09 13:28:18.6763|INFO|Microsoft.AspNetCore.Hosting.Diagnostics|Request finished HTTP/2 GET https://localhost:7037/swagger/v1/swagger.json - 200 - application/json;charset=utf-8 14.3998ms
2024-05-09 13:28:35.4215|INFO|Microsoft.AspNetCore.Hosting.Diagnostics|Request starting HTTP/2 POST https://localhost:7037/api/forgotpassword?Email=thanaykumaryr%40gmail.com - - 0
2024-05-09 13:28:35.4293|INFO|Microsoft.AspNetCore.Routing.EndpointMiddleware|Executing endpoint 'Fundo_Notes.Controllers.RegistrationController.ForgotPassword (Fundo Notes)'
2024-05-09 13:28:35.4513|INFO|Microsoft.AspNetCore.Mvc.Infrastructure.ControllerActionInvoker|Route matched with {action = "ForgotPassword", controller = "Registration"}. Executing controller action with signature System.Threading.Tasks.Task`1[Microsoft.AspNetCore.Mvc.IActionResult] ForgotPassword(System.String) on controller Fundo_Notes.Controllers.RegistrationController (Fundo Notes).
2024-05-09 13:28:35.4708|INFO|Fundo_Notes.Controllers.RegistrationController|Email Sent
2024-05-09 13:28:35.7469|ERROR|Fundo_Notes.Controllers.RegistrationController|error occured while sending mail Value cannot be null. (Parameter 'value')
2024-05-09 13:28:35.7469|INFO|Microsoft.AspNetCore.Mvc.Infrastructure.ObjectResultExecutor|Executing OkObjectResult, writing value of type 'ModelLayer.ResponseModel.ResponseModelLayer`1[[System.String, System.Private.CoreLib, Version=8.0.0.0, Culture=neutral, PublicKeyToken=7cec85d7bea7798e]]'.
2024-05-09 13:28:35.7637|INFO|Microsoft.AspNetCore.Mvc.Infrastructure.ControllerActionInvoker|Executed action Fundo_Notes.Controllers.RegistrationController.ForgotPassword (Fundo Notes) in 303.9209ms
2024-05-09 13:28:35.7637|INFO|Microsoft.AspNetCore.Routing.EndpointMiddleware|Executed endpoint 'Fundo_Notes.Controllers.RegistrationController.ForgotPassword (Fundo Notes)'
2024-05-09 13:28:35.7637|INFO|Microsoft.AspNetCore.Hosting.Diagnostics|Request finished HTTP/2 POST https://localhost:7037/api/forgotpassword?Email=thanaykumaryr%40gmail.com - 200 - application/json;+charset=utf-8 343.5652ms
2024-05-09 13:29:01.5034|WARN|Microsoft.AspNetCore.Server.Kestrel.Core.KestrelServer|The ASP.NET Core developer certificate is not trusted. For information about trusting the ASP.NET Core developer certificate, see https://aka.ms/aspnet/https-trust-dev-cert.
2024-05-09 13:29:01.6258|INFO|Microsoft.Hosting.Lifetime|Now listening on: https://localhost:7037
2024-05-09 13:29:01.6258|INFO|Microsoft.Hosting.Lifetime|Now listening on: http://localhost:5142
2024-05-09 13:29:01.6300|INFO|Microsoft.Hosting.Lifetime|Application started. Press Ctrl+C to shut down.
2024-05-09 13:29:01.6300|INFO|Microsoft.Hosting.Lifetime|Hosting environment: Development
2024-05-09 13:29:01.6300|INFO|Microsoft.Hosting.Lifetime|Content root path: C:\Users\Thanay\source\repos\Fundo Notes\Fundo Notes
2024-05-09 13:29:05.7248|INFO|Microsoft.AspNetCore.Hosting.Diagnostics|Request starting HTTP/2 GET https://localhost:7037/swagger - - -
2024-05-09 13:29:06.0885|INFO|Microsoft.AspNetCore.Hosting.Diagnostics|Request finished HTTP/2 GET https://localhost:7037/swagger - 301 0 - 376.2941ms
2024-05-09 13:29:06.1045|INFO|Microsoft.AspNetCore.Hosting.Diagnostics|Request starting HTTP/2 GET https://localhost:7037/swagger/index.html - - -
2024-05-09 13:29:06.3580|INFO|Microsoft.AspNetCore.Hosting.Diagnostics|Request finished HTTP/2 GET https://localhost:7037/swagger/index.html - 200 - text/html;charset=utf-8 253.7391ms
2024-05-09 13:29:06.3653|INFO|Microsoft.AspNetCore.Hosting.Diagnostics|Request starting HTTP/2 GET https://localhost:7037/swagger/swagger-ui.css - - -
2024-05-09 13:29:06.3653|INFO|Microsoft.AspNetCore.Hosting.Diagnostics|Request starting HTTP/2 GET https://localhost:7037/swagger/swagger-ui-bundle.js - - -
2024-05-09 13:29:06.3653|INFO|Microsoft.AspNetCore.Hosting.Diagnostics|Request starting HTTP/2 GET https://localhost:7037/swagger/swagger-ui-standalone-preset.js - - -
2024-05-09 13:29:06.4607|INFO|Microsoft.AspNetCore.StaticFiles.StaticFileMiddleware|Sending file. Request path: '/swagger-ui-standalone-preset.js'. Physical path: 'N/A'
2024-05-09 13:29:06.4607|INFO|Microsoft.AspNetCore.StaticFiles.StaticFileMiddleware|Sending file. Request path: '/swagger-ui.css'. Physical path: 'N/A'
2024-05-09 13:29:06.4607|INFO|Microsoft.AspNetCore.Hosting.Diagnostics|Request finished HTTP/2 GET https://localhost:7037/swagger/swagger-ui-standalone-preset.js - 200 339486 text/javascript 91.8232ms
2024-05-09 13:29:06.4607|INFO|Microsoft.AspNetCore.Hosting.Diagnostics|Request finished HTTP/2 GET https://localhost:7037/swagger/swagger-ui.css - 200 143943 text/css 98.3560ms
2024-05-09 13:29:06.4776|INFO|Microsoft.AspNetCore.Hosting.Diagnostics|Request starting HTTP/2 GET https://localhost:7037/_framework/aspnetcore-browser-refresh.js - - -
2024-05-09 13:29:06.5058|INFO|Microsoft.AspNetCore.Hosting.Diagnostics|Request finished HTTP/2 GET https://localhost:7037/_framework/aspnetcore-browser-refresh.js - 200 13758 application/javascript;+charset=utf-8 28.0042ms
2024-05-09 13:29:06.5206|INFO|Microsoft.AspNetCore.StaticFiles.StaticFileMiddleware|Sending file. Request path: '/swagger-ui-bundle.js'. Physical path: 'N/A'
2024-05-09 13:29:06.5206|INFO|Microsoft.AspNetCore.Hosting.Diagnostics|Request finished HTTP/2 GET https://localhost:7037/swagger/swagger-ui-bundle.js - 200 1096145 text/javascript 159.4767ms
2024-05-09 13:29:06.5453|INFO|Microsoft.AspNetCore.Hosting.Diagnostics|Request starting HTTP/2 GET https://localhost:7037/_vs/browserLink - - -
2024-05-09 13:29:06.6447|INFO|Microsoft.AspNetCore.Hosting.Diagnostics|Request finished HTTP/2 GET https://localhost:7037/_vs/browserLink - 200 - text/javascript;+charset=UTF-8 99.9346ms
2024-05-09 13:29:07.4621|INFO|Microsoft.AspNetCore.Hosting.Diagnostics|Request starting HTTP/2 GET https://localhost:7037/swagger/v1/swagger.json - - -
2024-05-09 13:29:07.6404|INFO|Microsoft.AspNetCore.Hosting.Diagnostics|Request finished HTTP/2 GET https://localhost:7037/swagger/v1/swagger.json - 200 - application/json;charset=utf-8 178.9339ms
2024-05-09 13:31:35.8310|WARN|Microsoft.AspNetCore.Server.Kestrel.Core.KestrelServer|The ASP.NET Core developer certificate is not trusted. For information about trusting the ASP.NET Core developer certificate, see https://aka.ms/aspnet/https-trust-dev-cert.
2024-05-09 13:31:35.8869|INFO|Microsoft.Hosting.Lifetime|Now listening on: https://localhost:7037
2024-05-09 13:31:35.8869|INFO|Microsoft.Hosting.Lifetime|Now listening on: http://localhost:5142
2024-05-09 13:31:35.8869|INFO|Microsoft.Hosting.Lifetime|Application started. Press Ctrl+C to shut down.
2024-05-09 13:31:35.8869|INFO|Microsoft.Hosting.Lifetime|Hosting environment: Development
2024-05-09 13:31:35.8869|INFO|Microsoft.Hosting.Lifetime|Content root path: C:\Users\Thanay\source\repos\Fundo Notes\Fundo Notes
2024-05-09 13:31:36.1269|INFO|Microsoft.AspNetCore.Hosting.Diagnostics|Request starting HTTP/2 GET https://localhost:7037/swagger - - -
2024-05-09 13:31:36.2431|INFO|Microsoft.AspNetCore.Hosting.Diagnostics|Request finished HTTP/2 GET https://localhost:7037/swagger - 301 0 - 115.3262ms
2024-05-09 13:31:36.2431|INFO|Microsoft.AspNetCore.Hosting.Diagnostics|Request starting HTTP/2 GET https://localhost:7037/swagger/index.html - - -
2024-05-09 13:31:36.3395|INFO|Microsoft.AspNetCore.Hosting.Diagnostics|Request finished HTTP/2 GET https://localhost:7037/swagger/index.html - 200 - text/html;charset=utf-8 92.8254ms
2024-05-09 13:31:37.5665|INFO|Microsoft.AspNetCore.Hosting.Diagnostics|Request starting HTTP/2 GET https://localhost:7037/swagger/swagger-ui-bundle.js - - -
2024-05-09 13:31:37.5665|INFO|Microsoft.AspNetCore.Hosting.Diagnostics|Request starting HTTP/2 GET https://localhost:7037/_framework/aspnetcore-browser-refresh.js - - -
2024-05-09 13:31:37.5665|INFO|Microsoft.AspNetCore.Hosting.Diagnostics|Request starting HTTP/2 GET https://localhost:7037/swagger/swagger-ui-standalone-preset.js - - -
2024-05-09 13:31:37.5665|INFO|Microsoft.AspNetCore.Hosting.Diagnostics|Request starting HTTP/2 GET https://localhost:7037/swagger/swagger-ui.css - - -
2024-05-09 13:31:37.5665|INFO|Microsoft.AspNetCore.Hosting.Diagnostics|Request finished HTTP/2 GET https://localhost:7037/_framework/aspnetcore-browser-refresh.js - 200 13758 application/javascript;+charset=utf-8 9.6683ms
2024-05-09 13:31:37.5665|INFO|Microsoft.AspNetCore.Hosting.Diagnostics|Request starting HTTP/2 GET https://localhost:7037/_vs/browserLink - - -
2024-05-09 13:31:37.5994|INFO|Microsoft.AspNetCore.StaticFiles.StaticFileMiddleware|Sending file. Request path: '/swagger-ui-standalone-preset.js'. Physical path: 'N/A'
2024-05-09 13:31:37.5994|INFO|Microsoft.AspNetCore.StaticFiles.StaticFileMiddleware|Sending file. Request path: '/swagger-ui.css'. Physical path: 'N/A'
2024-05-09 13:31:37.5994|INFO|Microsoft.AspNetCore.Hosting.Diagnostics|Request finished HTTP/2 GET https://localhost:7037/swagger/swagger-ui-standalone-preset.js - 200 339486 text/javascript 37.4000ms
2024-05-09 13:31:37.5994|INFO|Microsoft.AspNetCore.Hosting.Diagnostics|Request finished HTTP/2 GET https://localhost:7037/swagger/swagger-ui.css - 200 143943 text/css 38.9979ms
2024-05-09 13:31:37.6193|INFO|Microsoft.AspNetCore.StaticFiles.StaticFileMiddleware|Sending file. Request path: '/swagger-ui-bundle.js'. Physical path: 'N/A'
2024-05-09 13:31:37.6193|INFO|Microsoft.AspNetCore.Hosting.Diagnostics|Request finished HTTP/2 GET https://localhost:7037/swagger/swagger-ui-bundle.js - 200 1096145 text/javascript 53.3198ms
2024-05-09 13:31:37.6370|INFO|Microsoft.AspNetCore.Hosting.Diagnostics|Request finished HTTP/2 GET https://localhost:7037/_vs/browserLink - 200 - text/javascript;+charset=UTF-8 59.8126ms
2024-05-09 13:31:37.8990|INFO|Microsoft.AspNetCore.Hosting.Diagnostics|Request starting HTTP/2 GET https://localhost:7037/swagger/v1/swagger.json - - -
2024-05-09 13:31:38.0213|INFO|Microsoft.AspNetCore.Hosting.Diagnostics|Request finished HTTP/2 GET https://localhost:7037/swagger/v1/swagger.json - 200 - application/json;charset=utf-8 122.2998ms
2024-05-09 13:31:58.2633|WARN|Microsoft.AspNetCore.Server.Kestrel.Core.KestrelServer|The ASP.NET Core developer certificate is not trusted. For information about trusting the ASP.NET Core developer certificate, see https://aka.ms/aspnet/https-trust-dev-cert.
2024-05-09 13:32:09.5310|WARN|Microsoft.AspNetCore.Server.Kestrel.Core.KestrelServer|The ASP.NET Core developer certificate is not trusted. For information about trusting the ASP.NET Core developer certificate, see https://aka.ms/aspnet/https-trust-dev-cert.
2024-05-09 13:32:09.7359|INFO|Microsoft.Hosting.Lifetime|Now listening on: https://localhost:7037
2024-05-09 13:32:09.7431|INFO|Microsoft.Hosting.Lifetime|Now listening on: http://localhost:5142
2024-05-09 13:32:09.7431|INFO|Microsoft.Hosting.Lifetime|Application started. Press Ctrl+C to shut down.
2024-05-09 13:32:09.7431|INFO|Microsoft.Hosting.Lifetime|Hosting environment: Development
2024-05-09 13:32:09.7431|INFO|Microsoft.Hosting.Lifetime|Content root path: C:\Users\Thanay\source\repos\Fundo Notes\Fundo Notes
2024-05-09 13:32:11.7713|INFO|Microsoft.AspNetCore.Hosting.Diagnostics|Request starting HTTP/2 GET https://localhost:7037/swagger - - -
2024-05-09 13:32:11.9589|INFO|Microsoft.AspNetCore.Hosting.Diagnostics|Request finished HTTP/2 GET https://localhost:7037/swagger - 301 0 - 197.0934ms
2024-05-09 13:32:11.9589|INFO|Microsoft.AspNetCore.Hosting.Diagnostics|Request starting HTTP/2 GET https://localhost:7037/swagger/index.html - - -
2024-05-09 13:32:12.0835|INFO|Microsoft.AspNetCore.Hosting.Diagnostics|Request finished HTTP/2 GET https://localhost:7037/swagger/index.html - 200 - text/html;charset=utf-8 118.8472ms
2024-05-09 13:32:12.0835|INFO|Microsoft.AspNetCore.Hosting.Diagnostics|Request starting HTTP/2 GET https://localhost:7037/swagger/swagger-ui.css - - -
2024-05-09 13:32:12.0835|INFO|Microsoft.AspNetCore.Hosting.Diagnostics|Request starting HTTP/2 GET https://localhost:7037/_framework/aspnetcore-browser-refresh.js - - -
2024-05-09 13:32:12.0835|INFO|Microsoft.AspNetCore.Hosting.Diagnostics|Request starting HTTP/2 GET https://localhost:7037/swagger/swagger-ui-bundle.js - - -
2024-05-09 13:32:12.0835|INFO|Microsoft.AspNetCore.Hosting.Diagnostics|Request starting HTTP/2 GET https://localhost:7037/swagger/swagger-ui-standalone-preset.js - - -
2024-05-09 13:32:12.0835|INFO|Microsoft.AspNetCore.Hosting.Diagnostics|Request starting HTTP/2 GET https://localhost:7037/_vs/browserLink - - -
2024-05-09 13:32:12.1411|INFO|Microsoft.AspNetCore.Hosting.Diagnostics|Request finished HTTP/2 GET https://localhost:7037/_framework/aspnetcore-browser-refresh.js - 200 13758 application/javascript;+charset=utf-8 50.5943ms
2024-05-09 13:32:12.2171|INFO|Microsoft.AspNetCore.StaticFiles.StaticFileMiddleware|Sending file. Request path: '/swagger-ui.css'. Physical path: 'N/A'
2024-05-09 13:32:12.2171|INFO|Microsoft.AspNetCore.StaticFiles.StaticFileMiddleware|Sending file. Request path: '/swagger-ui-standalone-preset.js'. Physical path: 'N/A'
2024-05-09 13:32:12.2171|INFO|Microsoft.AspNetCore.Hosting.Diagnostics|Request finished HTTP/2 GET https://localhost:7037/swagger/swagger-ui-standalone-preset.js - 200 339486 text/javascript 129.3288ms
2024-05-09 13:32:12.2171|INFO|Microsoft.AspNetCore.Hosting.Diagnostics|Request finished HTTP/2 GET https://localhost:7037/swagger/swagger-ui.css - 200 143943 text/css 129.1887ms
2024-05-09 13:32:12.2451|INFO|Microsoft.AspNetCore.StaticFiles.StaticFileMiddleware|Sending file. Request path: '/swagger-ui-bundle.js'. Physical path: 'N/A'
2024-05-09 13:32:12.2451|INFO|Microsoft.AspNetCore.Hosting.Diagnostics|Request finished HTTP/2 GET https://localhost:7037/swagger/swagger-ui-bundle.js - 200 1096145 text/javascript 159.0519ms
2024-05-09 13:32:12.2578|INFO|Microsoft.AspNetCore.Hosting.Diagnostics|Request finished HTTP/2 GET https://localhost:7037/_vs/browserLink - 200 - text/javascript;+charset=UTF-8 166.6405ms
2024-05-09 13:32:12.5085|INFO|Microsoft.AspNetCore.Hosting.Diagnostics|Request starting HTTP/2 GET https://localhost:7037/swagger/v1/swagger.json - - -
2024-05-09 13:32:12.6699|INFO|Microsoft.AspNetCore.Hosting.Diagnostics|Request finished HTTP/2 GET https://localhost:7037/swagger/v1/swagger.json - 200 - application/json;charset=utf-8 161.8316ms
2024-05-09 13:32:31.5482|INFO|Microsoft.AspNetCore.Hosting.Diagnostics|Request starting HTTP/2 POST https://localhost:7037/api/forgotpassword?Email=thanaykumaryr%40gmail.com - - 0
2024-05-09 13:32:31.9638|INFO|Microsoft.AspNetCore.Routing.EndpointMiddleware|Executing endpoint 'Fundo_Notes.Controllers.RegistrationController.ForgotPassword (Fundo Notes)'
2024-05-09 13:32:33.1621|INFO|Microsoft.AspNetCore.Mvc.Infrastructure.ControllerActionInvoker|Route matched with {action = "ForgotPassword", controller = "Registration"}. Executing controller action with signature System.Threading.Tasks.Task`1[Microsoft.AspNetCore.Mvc.IActionResult] ForgotPassword(System.String) on controller Fundo_Notes.Controllers.RegistrationController (Fundo Notes).
2024-05-09 13:32:51.2662|INFO|Fundo_Notes.Controllers.RegistrationController|Email Sent
2024-05-09 13:36:28.1165|ERROR|Fundo_Notes.Controllers.RegistrationController|error occured while sending mail Value cannot be null. (Parameter 'value')
2024-05-09 13:36:28.1870|INFO|Microsoft.AspNetCore.Mvc.Infrastructure.ObjectResultExecutor|Executing OkObjectResult, writing value of type 'ModelLayer.ResponseModel.ResponseModelLayer`1[[System.String, System.Private.CoreLib, Version=8.0.0.0, Culture=neutral, PublicKeyToken=7cec85d7bea7798e]]'.
2024-05-09 13:36:28.2068|INFO|Microsoft.AspNetCore.Mvc.Infrastructure.ControllerActionInvoker|Executed action Fundo_Notes.Controllers.RegistrationController.ForgotPassword (Fundo Notes) in 235034.8632ms
2024-05-09 13:36:28.2068|INFO|Microsoft.AspNetCore.Routing.EndpointMiddleware|Executed endpoint 'Fundo_Notes.Controllers.RegistrationController.ForgotPassword (Fundo Notes)'
2024-05-09 13:36:28.2068|INFO|Microsoft.AspNetCore.Hosting.Diagnostics|Request finished HTTP/2 POST https://localhost:7037/api/forgotpassword?Email=thanaykumaryr%40gmail.com - 200 - application/json;+charset=utf-8 236661.1793ms
2024-05-09 13:36:47.6509|WARN|Microsoft.AspNetCore.Server.Kestrel.Core.KestrelServer|The ASP.NET Core developer certificate is not trusted. For information about trusting the ASP.NET Core developer certificate, see https://aka.ms/aspnet/https-trust-dev-cert.
2024-05-09 13:36:47.8510|INFO|Microsoft.Hosting.Lifetime|Now listening on: https://localhost:7037
2024-05-09 13:36:47.8510|INFO|Microsoft.Hosting.Lifetime|Now listening on: http://localhost:5142
2024-05-09 13:36:47.8510|INFO|Microsoft.Hosting.Lifetime|Application started. Press Ctrl+C to shut down.
2024-05-09 13:36:47.8510|INFO|Microsoft.Hosting.Lifetime|Hosting environment: Development
2024-05-09 13:36:47.8510|INFO|Microsoft.Hosting.Lifetime|Content root path: C:\Users\Thanay\source\repos\Fundo Notes\Fundo Notes
2024-05-09 13:36:48.7802|INFO|Microsoft.AspNetCore.Hosting.Diagnostics|Request starting HTTP/2 GET https://localhost:7037/swagger - - -
2024-05-09 13:36:49.0307|INFO|Microsoft.AspNetCore.Hosting.Diagnostics|Request finished HTTP/2 GET https://localhost:7037/swagger - 301 0 - 257.4721ms
2024-05-09 13:36:49.0375|INFO|Microsoft.AspNetCore.Hosting.Diagnostics|Request starting HTTP/2 GET https://localhost:7037/swagger/index.html - - -
2024-05-09 13:36:49.1437|INFO|Microsoft.AspNetCore.Hosting.Diagnostics|Request finished HTTP/2 GET https://localhost:7037/swagger/index.html - 200 - text/html;charset=utf-8 106.2285ms
2024-05-09 13:36:49.1489|INFO|Microsoft.AspNetCore.Hosting.Diagnostics|Request starting HTTP/2 GET https://localhost:7037/swagger/swagger-ui.css - - -
2024-05-09 13:36:49.1489|INFO|Microsoft.AspNetCore.Hosting.Diagnostics|Request starting HTTP/2 GET https://localhost:7037/swagger/swagger-ui-bundle.js - - -
2024-05-09 13:36:49.1489|INFO|Microsoft.AspNetCore.Hosting.Diagnostics|Request starting HTTP/2 GET https://localhost:7037/swagger/swagger-ui-standalone-preset.js - - -
2024-05-09 13:36:49.1489|INFO|Microsoft.AspNetCore.Hosting.Diagnostics|Request starting HTTP/2 GET https://localhost:7037/_vs/browserLink - - -
2024-05-09 13:36:49.1489|INFO|Microsoft.AspNetCore.Hosting.Diagnostics|Request starting HTTP/2 GET https://localhost:7037/_framework/aspnetcore-browser-refresh.js - - -
2024-05-09 13:36:49.1647|INFO|Microsoft.AspNetCore.Hosting.Diagnostics|Request finished HTTP/2 GET https://localhost:7037/_framework/aspnetcore-browser-refresh.js - 200 13758 application/javascript;+charset=utf-8 14.7375ms
2024-05-09 13:36:49.2447|INFO|Microsoft.AspNetCore.StaticFiles.StaticFileMiddleware|Sending file. Request path: '/swagger-ui.css'. Physical path: 'N/A'
2024-05-09 13:36:49.2561|INFO|Microsoft.AspNetCore.Hosting.Diagnostics|Request finished HTTP/2 GET https://localhost:7037/swagger/swagger-ui.css - 200 143943 text/css 107.2303ms
2024-05-09 13:36:49.2699|INFO|Microsoft.AspNetCore.StaticFiles.StaticFileMiddleware|Sending file. Request path: '/swagger-ui-standalone-preset.js'. Physical path: 'N/A'
2024-05-09 13:36:49.2699|INFO|Microsoft.AspNetCore.Hosting.Diagnostics|Request finished HTTP/2 GET https://localhost:7037/swagger/swagger-ui-standalone-preset.js - 200 339486 text/javascript 131.8859ms
2024-05-09 13:36:49.3215|INFO|Microsoft.AspNetCore.StaticFiles.StaticFileMiddleware|Sending file. Request path: '/swagger-ui-bundle.js'. Physical path: 'N/A'
2024-05-09 13:36:49.3215|INFO|Microsoft.AspNetCore.Hosting.Diagnostics|Request finished HTTP/2 GET https://localhost:7037/swagger/swagger-ui-bundle.js - 200 1096145 text/javascript 180.1546ms
2024-05-09 13:36:49.3517|INFO|Microsoft.AspNetCore.Hosting.Diagnostics|Request finished HTTP/2 GET https://localhost:7037/_vs/browserLink - 200 - text/javascript;+charset=UTF-8 201.7870ms
2024-05-09 13:36:49.5844|INFO|Microsoft.AspNetCore.Hosting.Diagnostics|Request starting HTTP/2 GET https://localhost:7037/swagger/v1/swagger.json - - -
2024-05-09 13:36:49.7664|INFO|Microsoft.AspNetCore.Hosting.Diagnostics|Request finished HTTP/2 GET https://localhost:7037/swagger/v1/swagger.json - 200 - application/json;charset=utf-8 182.5783ms
2024-05-09 13:37:34.7723|WARN|Microsoft.AspNetCore.Server.Kestrel.Core.KestrelServer|The ASP.NET Core developer certificate is not trusted. For information about trusting the ASP.NET Core developer certificate, see https://aka.ms/aspnet/https-trust-dev-cert.
2024-05-09 13:37:34.9381|INFO|Microsoft.Hosting.Lifetime|Now listening on: https://localhost:7037
2024-05-09 13:37:34.9381|INFO|Microsoft.Hosting.Lifetime|Now listening on: http://localhost:5142
2024-05-09 13:37:34.9381|INFO|Microsoft.Hosting.Lifetime|Application started. Press Ctrl+C to shut down.
2024-05-09 13:37:34.9413|INFO|Microsoft.Hosting.Lifetime|Hosting environment: Development
2024-05-09 13:37:34.9413|INFO|Microsoft.Hosting.Lifetime|Content root path: C:\Users\Thanay\source\repos\Fundo Notes\Fundo Notes
2024-05-09 13:37:35.3950|INFO|Microsoft.AspNetCore.Hosting.Diagnostics|Request starting HTTP/2 GET https://localhost:7037/swagger - - -
2024-05-09 13:37:35.6043|INFO|Microsoft.AspNetCore.Hosting.Diagnostics|Request finished HTTP/2 GET https://localhost:7037/swagger - 301 0 - 220.1601ms
2024-05-09 13:37:35.6043|INFO|Microsoft.AspNetCore.Hosting.Diagnostics|Request starting HTTP/2 GET https://localhost:7037/swagger/index.html - - -
2024-05-09 13:37:35.6900|INFO|Microsoft.AspNetCore.Hosting.Diagnostics|Request finished HTTP/2 GET https://localhost:7037/swagger/index.html - 200 - text/html;charset=utf-8 81.1907ms
2024-05-09 13:37:35.6937|INFO|Microsoft.AspNetCore.Hosting.Diagnostics|Request starting HTTP/2 GET https://localhost:7037/swagger/swagger-ui.css - - -
2024-05-09 13:37:35.6937|INFO|Microsoft.AspNetCore.Hosting.Diagnostics|Request starting HTTP/2 GET https://localhost:7037/swagger/swagger-ui-standalone-preset.js - - -
2024-05-09 13:37:35.6937|INFO|Microsoft.AspNetCore.Hosting.Diagnostics|Request starting HTTP/2 GET https://localhost:7037/swagger/swagger-ui-bundle.js - - -
2024-05-09 13:37:35.6937|INFO|Microsoft.AspNetCore.Hosting.Diagnostics|Request starting HTTP/2 GET https://localhost:7037/_framework/aspnetcore-browser-refresh.js - - -
2024-05-09 13:37:35.6937|INFO|Microsoft.AspNetCore.Hosting.Diagnostics|Request starting HTTP/2 GET https://localhost:7037/_vs/browserLink - - -
2024-05-09 13:37:35.7121|INFO|Microsoft.AspNetCore.Hosting.Diagnostics|Request finished HTTP/2 GET https://localhost:7037/_framework/aspnetcore-browser-refresh.js - 200 13758 application/javascript;+charset=utf-8 18.3226ms
2024-05-09 13:37:35.7495|INFO|Microsoft.AspNetCore.StaticFiles.StaticFileMiddleware|Sending file. Request path: '/swagger-ui-standalone-preset.js'. Physical path: 'N/A'
2024-05-09 13:37:35.7495|INFO|Microsoft.AspNetCore.StaticFiles.StaticFileMiddleware|Sending file. Request path: '/swagger-ui.css'. Physical path: 'N/A'
2024-05-09 13:37:35.7542|INFO|Microsoft.AspNetCore.Hosting.Diagnostics|Request finished HTTP/2 GET https://localhost:7037/swagger/swagger-ui.css - 200 143943 text/css 60.4352ms
2024-05-09 13:37:35.7542|INFO|Microsoft.AspNetCore.Hosting.Diagnostics|Request finished HTTP/2 GET https://localhost:7037/swagger/swagger-ui-standalone-preset.js - 200 339486 text/javascript 60.3993ms
2024-05-09 13:37:35.7700|INFO|Microsoft.AspNetCore.StaticFiles.StaticFileMiddleware|Sending file. Request path: '/swagger-ui-bundle.js'. Physical path: 'N/A'
2024-05-09 13:37:35.7700|INFO|Microsoft.AspNetCore.Hosting.Diagnostics|Request finished HTTP/2 GET https://localhost:7037/swagger/swagger-ui-bundle.js - 200 1096145 text/javascript 76.7956ms
2024-05-09 13:37:35.7884|INFO|Microsoft.AspNetCore.Hosting.Diagnostics|Request finished HTTP/2 GET https://localhost:7037/_vs/browserLink - 200 - text/javascript;+charset=UTF-8 93.8684ms
2024-05-09 13:37:35.9631|INFO|Microsoft.AspNetCore.Hosting.Diagnostics|Request starting HTTP/2 GET https://localhost:7037/swagger/v1/swagger.json - - -
2024-05-09 13:37:36.0829|INFO|Microsoft.AspNetCore.Hosting.Diagnostics|Request finished HTTP/2 GET https://localhost:7037/swagger/v1/swagger.json - 200 - application/json;charset=utf-8 120.2357ms
2024-05-09 13:37:57.6679|INFO|Microsoft.AspNetCore.Hosting.Diagnostics|Request starting HTTP/2 POST https://localhost:7037/api/forgotpassword?Email=thanaykumaryr%40gmail.com - - 0
2024-05-09 13:37:57.6679|INFO|Microsoft.AspNetCore.Routing.EndpointMiddleware|Executing endpoint 'Fundo_Notes.Controllers.RegistrationController.ForgotPassword (Fundo Notes)'
2024-05-09 13:37:57.7005|INFO|Microsoft.AspNetCore.Mvc.Infrastructure.ControllerActionInvoker|Route matched with {action = "ForgotPassword", controller = "Registration"}. Executing controller action with signature System.Threading.Tasks.Task`1[Microsoft.AspNetCore.Mvc.IActionResult] ForgotPassword(System.String) on controller Fundo_Notes.Controllers.RegistrationController (Fundo Notes).
2024-05-09 13:37:57.7311|INFO|Fundo_Notes.Controllers.RegistrationController|Email Sent
2024-05-09 13:45:07.8029|WARN|Microsoft.AspNetCore.Server.Kestrel.Core.KestrelServer|The ASP.NET Core developer certificate is not trusted. For information about trusting the ASP.NET Core developer certificate, see https://aka.ms/aspnet/https-trust-dev-cert.
2024-05-09 13:45:07.8973|INFO|Microsoft.Hosting.Lifetime|Now listening on: https://localhost:7037
2024-05-09 13:45:07.8973|INFO|Microsoft.Hosting.Lifetime|Now listening on: http://localhost:5142
2024-05-09 13:45:07.8973|INFO|Microsoft.Hosting.Lifetime|Application started. Press Ctrl+C to shut down.
2024-05-09 13:45:07.8973|INFO|Microsoft.Hosting.Lifetime|Hosting environment: Development
2024-05-09 13:45:07.8973|INFO|Microsoft.Hosting.Lifetime|Content root path: C:\Users\Thanay\source\repos\Fundo Notes\Fundo Notes
2024-05-09 13:45:08.8391|INFO|Microsoft.AspNetCore.Hosting.Diagnostics|Request starting HTTP/2 GET https://localhost:7037/swagger - - -
2024-05-09 13:45:09.0447|INFO|Microsoft.AspNetCore.Hosting.Diagnostics|Request finished HTTP/2 GET https://localhost:7037/swagger - 301 0 - 205.5089ms
2024-05-09 13:45:09.0527|INFO|Microsoft.AspNetCore.Hosting.Diagnostics|Request starting HTTP/2 GET https://localhost:7037/swagger/index.html - - -
2024-05-09 13:45:09.2132|INFO|Microsoft.AspNetCore.Hosting.Diagnostics|Request finished HTTP/2 GET https://localhost:7037/swagger/index.html - 200 - text/html;charset=utf-8 160.3114ms
2024-05-09 13:45:09.2132|INFO|Microsoft.AspNetCore.Hosting.Diagnostics|Request starting HTTP/2 GET https://localhost:7037/swagger/swagger-ui.css - - -
2024-05-09 13:45:09.2132|INFO|Microsoft.AspNetCore.Hosting.Diagnostics|Request starting HTTP/2 GET https://localhost:7037/swagger/swagger-ui-bundle.js - - -
2024-05-09 13:45:09.2132|INFO|Microsoft.AspNetCore.Hosting.Diagnostics|Request starting HTTP/2 GET https://localhost:7037/swagger/swagger-ui-standalone-preset.js - - -
2024-05-09 13:45:09.2132|INFO|Microsoft.AspNetCore.Hosting.Diagnostics|Request starting HTTP/2 GET https://localhost:7037/_framework/aspnetcore-browser-refresh.js - - -
2024-05-09 13:45:09.2230|INFO|Microsoft.AspNetCore.Hosting.Diagnostics|Request starting HTTP/2 GET https://localhost:7037/_vs/browserLink - - -
2024-05-09 13:45:09.2230|INFO|Microsoft.AspNetCore.Hosting.Diagnostics|Request finished HTTP/2 GET https://localhost:7037/_framework/aspnetcore-browser-refresh.js - 200 13758 application/javascript;+charset=utf-8 4.8871ms
2024-05-09 13:45:09.2605|INFO|Microsoft.AspNetCore.StaticFiles.StaticFileMiddleware|Sending file. Request path: '/swagger-ui-standalone-preset.js'. Physical path: 'N/A'
2024-05-09 13:45:09.2605|INFO|Microsoft.AspNetCore.StaticFiles.StaticFileMiddleware|Sending file. Request path: '/swagger-ui.css'. Physical path: 'N/A'
2024-05-09 13:45:09.2605|INFO|Microsoft.AspNetCore.Hosting.Diagnostics|Request finished HTTP/2 GET https://localhost:7037/swagger/swagger-ui.css - 200 143943 text/css 40.5004ms
2024-05-09 13:45:09.2605|INFO|Microsoft.AspNetCore.Hosting.Diagnostics|Request finished HTTP/2 GET https://localhost:7037/swagger/swagger-ui-standalone-preset.js - 200 339486 text/javascript 40.9420ms
2024-05-09 13:45:09.2919|INFO|Microsoft.AspNetCore.Hosting.Diagnostics|Request finished HTTP/2 GET https://localhost:7037/_vs/browserLink - 200 - text/javascript;+charset=UTF-8 62.0233ms
2024-05-09 13:45:09.2919|INFO|Microsoft.AspNetCore.StaticFiles.StaticFileMiddleware|Sending file. Request path: '/swagger-ui-bundle.js'. Physical path: 'N/A'
2024-05-09 13:45:09.2919|INFO|Microsoft.AspNetCore.Hosting.Diagnostics|Request finished HTTP/2 GET https://localhost:7037/swagger/swagger-ui-bundle.js - 200 1096145 text/javascript 78.9006ms
2024-05-09 13:45:09.7265|INFO|Microsoft.AspNetCore.Hosting.Diagnostics|Request starting HTTP/2 GET https://localhost:7037/swagger/v1/swagger.json - - -
2024-05-09 13:45:09.9000|INFO|Microsoft.AspNetCore.Hosting.Diagnostics|Request finished HTTP/2 GET https://localhost:7037/swagger/v1/swagger.json - 200 - application/json;charset=utf-8 173.4330ms
2024-05-09 13:45:25.7496|INFO|Microsoft.AspNetCore.Hosting.Diagnostics|Request starting HTTP/2 POST https://localhost:7037/api/forgotpassword?Email=thanaykumaryr%40gmail.com - - 0
2024-05-09 13:45:25.7587|INFO|Microsoft.AspNetCore.Routing.EndpointMiddleware|Executing endpoint 'Fundo_Notes.Controllers.RegistrationController.ForgotPassword (Fundo Notes)'
2024-05-09 13:45:25.7879|INFO|Microsoft.AspNetCore.Mvc.Infrastructure.ControllerActionInvoker|Route matched with {action = "ForgotPassword", controller = "Registration"}. Executing controller action with signature System.Threading.Tasks.Task`1[Microsoft.AspNetCore.Mvc.IActionResult] ForgotPassword(System.String) on controller Fundo_Notes.Controllers.RegistrationController (Fundo Notes).
2024-05-09 13:45:25.8143|INFO|Fundo_Notes.Controllers.RegistrationController|Email Sent
2024-05-09 13:45:30.9254|INFO|Microsoft.AspNetCore.Mvc.Infrastructure.ObjectResultExecutor|Executing OkObjectResult, writing value of type 'ModelLayer.ResponseModel.ResponseModelLayer`1[[System.String, System.Private.CoreLib, Version=8.0.0.0, Culture=neutral, PublicKeyToken=7cec85d7bea7798e]]'.
2024-05-09 13:45:30.9674|INFO|Microsoft.AspNetCore.Mvc.Infrastructure.ControllerActionInvoker|Executed action Fundo_Notes.Controllers.RegistrationController.ForgotPassword (Fundo Notes) in 5162.9511ms
2024-05-09 13:45:30.9674|INFO|Microsoft.AspNetCore.Routing.EndpointMiddleware|Executed endpoint 'Fundo_Notes.Controllers.RegistrationController.ForgotPassword (Fundo Notes)'
2024-05-09 13:45:30.9674|INFO|Microsoft.AspNetCore.Hosting.Diagnostics|Request finished HTTP/2 POST https://localhost:7037/api/forgotpassword?Email=thanaykumaryr%40gmail.com - 200 - application/json;+charset=utf-8 5219.6570ms
