2024-05-20 09:05:44.8595|INFO|Microsoft.AspNetCore.DataProtection.KeyManagement.XmlKeyManager|User profile is available. Using 'C:\Users\Thanay\AppData\Local\ASP.NET\DataProtection-Keys' as key repository and Windows DPAPI to encrypt keys at rest.
2024-05-20 09:05:45.5451|WARN|Microsoft.AspNetCore.Server.Kestrel.Core.KestrelServer|The ASP.NET Core developer certificate is not trusted. For information about trusting the ASP.NET Core developer certificate, see https://aka.ms/aspnet/https-trust-dev-cert.
2024-05-20 09:05:45.6503|INFO|Microsoft.Hosting.Lifetime|Now listening on: https://localhost:7037
2024-05-20 09:05:45.6503|INFO|Microsoft.Hosting.Lifetime|Now listening on: http://localhost:5142
2024-05-20 09:05:45.6503|INFO|Microsoft.Hosting.Lifetime|Application started. Press Ctrl+C to shut down.
2024-05-20 09:05:45.6503|INFO|Microsoft.Hosting.Lifetime|Hosting environment: Development
2024-05-20 09:05:45.6503|INFO|Microsoft.Hosting.Lifetime|Content root path: C:\Users\Thanay\source\repos\FundoNotesWebApi\Fundo Notes
2024-05-20 09:05:52.6905|INFO|Microsoft.AspNetCore.Hosting.Diagnostics|Request starting HTTP/2 GET https://localhost:7037/swagger - - -
2024-05-20 09:05:52.9852|INFO|Microsoft.AspNetCore.Hosting.Diagnostics|Request finished HTTP/2 GET https://localhost:7037/swagger - 301 0 - 294.8439ms
2024-05-20 09:05:52.9852|INFO|Microsoft.AspNetCore.Hosting.Diagnostics|Request starting HTTP/2 GET https://localhost:7037/swagger/index.html - - -
2024-05-20 09:05:53.0801|INFO|Microsoft.AspNetCore.Hosting.Diagnostics|Request finished HTTP/2 GET https://localhost:7037/swagger/index.html - 200 - text/html;charset=utf-8 90.4323ms
2024-05-20 09:05:53.0801|INFO|Microsoft.AspNetCore.Hosting.Diagnostics|Request starting HTTP/2 GET https://localhost:7037/swagger/swagger-ui.css - - -
2024-05-20 09:05:53.0801|INFO|Microsoft.AspNetCore.Hosting.Diagnostics|Request starting HTTP/2 GET https://localhost:7037/swagger/swagger-ui-standalone-preset.js - - -
2024-05-20 09:05:53.0801|INFO|Microsoft.AspNetCore.Hosting.Diagnostics|Request starting HTTP/2 GET https://localhost:7037/swagger/swagger-ui-bundle.js - - -
2024-05-20 09:05:53.0801|INFO|Microsoft.AspNetCore.Hosting.Diagnostics|Request starting HTTP/2 GET https://localhost:7037/_framework/aspnetcore-browser-refresh.js - - -
2024-05-20 09:05:53.0801|INFO|Microsoft.AspNetCore.Hosting.Diagnostics|Request starting HTTP/2 GET https://localhost:7037/_vs/browserLink - - -
2024-05-20 09:05:53.0801|INFO|Microsoft.AspNetCore.Hosting.Diagnostics|Request finished HTTP/2 GET https://localhost:7037/_framework/aspnetcore-browser-refresh.js - 200 13758 application/javascript;+charset=utf-8 4.0786ms
2024-05-20 09:05:53.1325|INFO|Microsoft.AspNetCore.StaticFiles.StaticFileMiddleware|Sending file. Request path: '/swagger-ui.css'. Physical path: 'N/A'
2024-05-20 09:05:53.1325|INFO|Microsoft.AspNetCore.Hosting.Diagnostics|Request finished HTTP/2 GET https://localhost:7037/swagger/swagger-ui.css - 200 143943 text/css 38.7946ms
2024-05-20 09:05:53.1442|INFO|Microsoft.AspNetCore.StaticFiles.StaticFileMiddleware|Sending file. Request path: '/swagger-ui-standalone-preset.js'. Physical path: 'N/A'
2024-05-20 09:05:53.1442|INFO|Microsoft.AspNetCore.Hosting.Diagnostics|Request finished HTTP/2 GET https://localhost:7037/swagger/swagger-ui-standalone-preset.js - 200 339486 text/javascript 48.4584ms
2024-05-20 09:05:53.1594|INFO|Microsoft.AspNetCore.StaticFiles.StaticFileMiddleware|Sending file. Request path: '/swagger-ui-bundle.js'. Physical path: 'N/A'
2024-05-20 09:05:53.1594|INFO|Microsoft.AspNetCore.Hosting.Diagnostics|Request finished HTTP/2 GET https://localhost:7037/swagger/swagger-ui-bundle.js - 200 1096145 text/javascript 63.5801ms
2024-05-20 09:05:53.2071|INFO|Microsoft.AspNetCore.Hosting.Diagnostics|Request finished HTTP/2 GET https://localhost:7037/_vs/browserLink - 200 - text/javascript;+charset=UTF-8 110.1095ms
2024-05-20 09:05:53.4380|INFO|Microsoft.AspNetCore.Hosting.Diagnostics|Request starting HTTP/2 GET https://localhost:7037/swagger/v1/swagger.json - - -
2024-05-20 09:05:53.4816|INFO|Microsoft.AspNetCore.Hosting.Diagnostics|Request starting HTTP/2 GET https://localhost:7037/swagger/favicon-32x32.png - - -
2024-05-20 09:05:53.4816|INFO|Microsoft.AspNetCore.StaticFiles.StaticFileMiddleware|Sending file. Request path: '/favicon-32x32.png'. Physical path: 'N/A'
2024-05-20 09:05:53.4851|INFO|Microsoft.AspNetCore.Hosting.Diagnostics|Request finished HTTP/2 GET https://localhost:7037/swagger/favicon-32x32.png - 200 628 image/png 3.4335ms
2024-05-20 09:05:53.6535|INFO|Microsoft.AspNetCore.Hosting.Diagnostics|Request finished HTTP/2 GET https://localhost:7037/swagger/v1/swagger.json - 200 - application/json;charset=utf-8 215.3929ms
2024-05-20 09:06:30.7337|INFO|Microsoft.AspNetCore.Hosting.Diagnostics|Request starting HTTP/2 POST https://localhost:7037/api/user/login?email=thanaykumaryr%40gmail.com&password=Thanay%40123 - - 0
2024-05-20 09:06:30.7337|INFO|Microsoft.AspNetCore.Routing.EndpointMiddleware|Executing endpoint 'Fundo_Notes.Controllers.UserController.UserLogin (Fundo Notes)'
2024-05-20 09:06:30.7780|INFO|Microsoft.AspNetCore.Mvc.Infrastructure.ControllerActionInvoker|Route matched with {action = "UserLogin", controller = "User"}. Executing controller action with signature System.Threading.Tasks.Task`1[Microsoft.AspNetCore.Mvc.IActionResult] UserLogin(System.String, System.String) on controller Fundo_Notes.Controllers.UserController (Fundo Notes).
2024-05-20 09:06:32.4372|INFO|Fundo_Notes.Controllers.UserController|User Login Successfully
2024-05-20 09:06:32.4372|INFO|Microsoft.AspNetCore.Mvc.Infrastructure.ObjectResultExecutor|Executing OkObjectResult, writing value of type 'ModelLayer.ResponseModel.ResponseModel`1[[System.String, System.Private.CoreLib, Version=8.0.0.0, Culture=neutral, PublicKeyToken=7cec85d7bea7798e]]'.
2024-05-20 09:06:32.4578|INFO|Microsoft.AspNetCore.Mvc.Infrastructure.ControllerActionInvoker|Executed action Fundo_Notes.Controllers.UserController.UserLogin (Fundo Notes) in 1671.5429ms
2024-05-20 09:06:32.4578|INFO|Microsoft.AspNetCore.Routing.EndpointMiddleware|Executed endpoint 'Fundo_Notes.Controllers.UserController.UserLogin (Fundo Notes)'
2024-05-20 09:06:32.4578|INFO|Microsoft.AspNetCore.Hosting.Diagnostics|Request finished HTTP/2 POST https://localhost:7037/api/user/login?email=thanaykumaryr%40gmail.com&password=Thanay%40123 - 200 - application/json;+charset=utf-8 1725.3461ms
2024-05-20 09:08:20.6519|INFO|Microsoft.AspNetCore.Hosting.Diagnostics|Request starting HTTP/2 POST https://localhost:7037/api/note - application/json 142
2024-05-20 09:08:20.7186|INFO|Microsoft.AspNetCore.Routing.EndpointMiddleware|Executing endpoint 'FundooNotes.Controllers.NoteController.CreateNote (Fundo Notes)'
2024-05-20 09:08:20.7303|INFO|Microsoft.AspNetCore.Mvc.Infrastructure.ControllerActionInvoker|Route matched with {action = "CreateNote", controller = "Note"}. Executing controller action with signature System.Threading.Tasks.Task`1[Microsoft.AspNetCore.Mvc.IActionResult] CreateNote(ModelLayer.Notes.CreateNoteRequest, Int32) on controller FundooNotes.Controllers.NoteController (Fundo Notes).
2024-05-20 09:08:25.2154|INFO|Microsoft.AspNetCore.Mvc.Infrastructure.ControllerActionInvoker|Executed action FundooNotes.Controllers.NoteController.CreateNote (Fundo Notes) in 4484.7217ms
2024-05-20 09:08:25.2154|INFO|Microsoft.AspNetCore.Routing.EndpointMiddleware|Executed endpoint 'FundooNotes.Controllers.NoteController.CreateNote (Fundo Notes)'
2024-05-20 09:08:25.2154|ERROR|Microsoft.AspNetCore.Diagnostics.DeveloperExceptionPageMiddleware|An unhandled exception has occurred while executing the request.|StackExchange.Redis.RedisConnectionException: It was not possible to connect to the redis server(s). Error connecting right now. To allow this multiplexer to continue retrying until it's able to connect, use abortConnect=false in your connection string or AbortOnConnectFail=false; in your code.
   at StackExchange.Redis.ConnectionMultiplexer.ConnectImpl(ConfigurationOptions configuration, TextWriter writer, Nullable`1 serverType, EndPointCollection endpoints) in /_/src/StackExchange.Redis/ConnectionMultiplexer.cs:line 723
   at StackExchange.Redis.ConnectionMultiplexer.Connect(ConfigurationOptions configuration, TextWriter log) in /_/src/StackExchange.Redis/ConnectionMultiplexer.cs:line 685
   at StackExchange.Redis.ConnectionMultiplexer.Connect(String configuration, TextWriter log) in /_/src/StackExchange.Redis/ConnectionMultiplexer.cs:line 663
   at RepositoryLayer.Services.CacheService..ctor(String connectionString) in C:\Users\Thanay\source\repos\FundoNotesWebApi\RepositoryLayer\Helper\CacheService.cs:line 13
   at Program.<>c__DisplayClass0_0.<<Main>$>b__1(IServiceProvider sp) in C:\Users\Thanay\source\repos\FundoNotesWebApi\Fundo Notes\Program.cs:line 53
   at Microsoft.Extensions.DependencyInjection.ServiceLookup.CallSiteVisitor`2.VisitCallSiteMain(ServiceCallSite callSite, TArgument argument)
   at Microsoft.Extensions.DependencyInjection.ServiceLookup.CallSiteRuntimeResolver.VisitRootCache(ServiceCallSite callSite, RuntimeResolverContext context)
   at Microsoft.Extensions.DependencyInjection.ServiceLookup.CallSiteVisitor`2.VisitCallSite(ServiceCallSite callSite, TArgument argument)
   at Microsoft.Extensions.DependencyInjection.ServiceLookup.CallSiteVisitor`2.VisitCallSiteMain(ServiceCallSite callSite, TArgument argument)
   at Microsoft.Extensions.DependencyInjection.ServiceLookup.CallSiteRuntimeResolver.VisitCache(ServiceCallSite callSite, RuntimeResolverContext context, ServiceProviderEngineScope serviceProviderEngine, RuntimeResolverLock lockType)
   at Microsoft.Extensions.DependencyInjection.ServiceLookup.CallSiteRuntimeResolver.VisitScopeCache(ServiceCallSite callSite, RuntimeResolverContext context)
   at Microsoft.Extensions.DependencyInjection.ServiceLookup.CallSiteVisitor`2.VisitCallSite(ServiceCallSite callSite, TArgument argument)
   at Microsoft.Extensions.DependencyInjection.ServiceLookup.CallSiteVisitor`2.VisitCallSiteMain(ServiceCallSite callSite, TArgument argument)
   at Microsoft.Extensions.DependencyInjection.ServiceLookup.CallSiteRuntimeResolver.VisitCache(ServiceCallSite callSite, RuntimeResolverContext context, ServiceProviderEngineScope serviceProviderEngine, RuntimeResolverLock lockType)
   at Microsoft.Extensions.DependencyInjection.ServiceLookup.CallSiteRuntimeResolver.VisitScopeCache(ServiceCallSite callSite, RuntimeResolverContext context)
   at Microsoft.Extensions.DependencyInjection.ServiceLookup.CallSiteVisitor`2.VisitCallSite(ServiceCallSite callSite, TArgument argument)
   at Microsoft.Extensions.DependencyInjection.ServiceLookup.CallSiteRuntimeResolver.Resolve(ServiceCallSite callSite, ServiceProviderEngineScope scope)
   at Microsoft.Extensions.DependencyInjection.ServiceLookup.DynamicServiceProviderEngine.<>c__DisplayClass2_0.<RealizeService>b__0(ServiceProviderEngineScope scope)
   at Microsoft.Extensions.DependencyInjection.ServiceProvider.GetService(ServiceIdentifier serviceIdentifier, ServiceProviderEngineScope serviceProviderEngineScope)
   at Microsoft.Extensions.DependencyInjection.ServiceLookup.ServiceProviderEngineScope.GetService(Type serviceType)
   at lambda_method17(Closure, IServiceProvider, Object[])
   at Microsoft.AspNetCore.Mvc.Controllers.ControllerFactoryProvider.<>c__DisplayClass6_0.<CreateControllerFactory>g__CreateController|0(ControllerContext controllerContext)
   at Microsoft.AspNetCore.Mvc.Infrastructure.ControllerActionInvoker.Next(State& next, Scope& scope, Object& state, Boolean& isCompleted)
   at Microsoft.AspNetCore.Mvc.Infrastructure.ControllerActionInvoker.InvokeInnerFilterAsync()
--- End of stack trace from previous location ---
   at Microsoft.AspNetCore.Mvc.Infrastructure.ResourceInvoker.<InvokeFilterPipelineAsync>g__Awaited|20_0(ResourceInvoker invoker, Task lastTask, State next, Scope scope, Object state, Boolean isCompleted)
   at Microsoft.AspNetCore.Mvc.Infrastructure.ResourceInvoker.<InvokeAsync>g__Logged|17_1(ResourceInvoker invoker)
   at Microsoft.AspNetCore.Mvc.Infrastructure.ResourceInvoker.<InvokeAsync>g__Logged|17_1(ResourceInvoker invoker)
   at Microsoft.AspNetCore.Routing.EndpointMiddleware.<Invoke>g__AwaitRequestTask|7_0(Endpoint endpoint, Task requestTask, ILogger logger)
   at Microsoft.AspNetCore.Authorization.AuthorizationMiddleware.Invoke(HttpContext context)
   at Swashbuckle.AspNetCore.SwaggerUI.SwaggerUIMiddleware.Invoke(HttpContext httpContext)
   at Swashbuckle.AspNetCore.Swagger.SwaggerMiddleware.Invoke(HttpContext httpContext, ISwaggerProvider swaggerProvider)
   at Microsoft.AspNetCore.Authentication.AuthenticationMiddleware.Invoke(HttpContext context)
   at Microsoft.AspNetCore.Diagnostics.DeveloperExceptionPageMiddlewareImpl.Invoke(HttpContext context)
2024-05-20 09:08:25.4509|INFO|Microsoft.AspNetCore.Hosting.Diagnostics|Request finished HTTP/2 POST https://localhost:7037/api/note - 500 - text/plain;+charset=utf-8 4799.0610ms
2024-05-20 09:09:03.6138|INFO|Microsoft.AspNetCore.Hosting.Diagnostics|Request starting HTTP/2 POST https://localhost:7037/api/note - application/json 142
2024-05-20 09:09:03.6191|INFO|Microsoft.AspNetCore.Routing.EndpointMiddleware|Executing endpoint 'FundooNotes.Controllers.NoteController.CreateNote (Fundo Notes)'
2024-05-20 09:09:03.6191|INFO|Microsoft.AspNetCore.Mvc.Infrastructure.ControllerActionInvoker|Route matched with {action = "CreateNote", controller = "Note"}. Executing controller action with signature System.Threading.Tasks.Task`1[Microsoft.AspNetCore.Mvc.IActionResult] CreateNote(ModelLayer.Notes.CreateNoteRequest, Int32) on controller FundooNotes.Controllers.NoteController (Fundo Notes).
2024-05-20 09:09:03.8500|INFO|FundooNotes.Controllers.NoteController|Note Created Successfully
2024-05-20 09:09:03.8500|INFO|Microsoft.AspNetCore.Mvc.Infrastructure.ObjectResultExecutor|Executing OkObjectResult, writing value of type 'ModelLayer.ResponseModel.ResponseModel`1[[System.String, System.Private.CoreLib, Version=8.0.0.0, Culture=neutral, PublicKeyToken=7cec85d7bea7798e]]'.
2024-05-20 09:09:03.8500|INFO|Microsoft.AspNetCore.Mvc.Infrastructure.ControllerActionInvoker|Executed action FundooNotes.Controllers.NoteController.CreateNote (Fundo Notes) in 233.1183ms
2024-05-20 09:09:03.8500|INFO|Microsoft.AspNetCore.Routing.EndpointMiddleware|Executed endpoint 'FundooNotes.Controllers.NoteController.CreateNote (Fundo Notes)'
2024-05-20 09:09:03.8500|INFO|Microsoft.AspNetCore.Hosting.Diagnostics|Request finished HTTP/2 POST https://localhost:7037/api/note - 200 - application/json;+charset=utf-8 239.4747ms
2024-05-20 09:09:16.2948|INFO|Microsoft.AspNetCore.Hosting.Diagnostics|Request starting HTTP/2 GET https://localhost:7037/api/note - - -
2024-05-20 09:09:16.3071|INFO|Microsoft.AspNetCore.Routing.EndpointMiddleware|Executing endpoint 'FundooNotes.Controllers.NoteController.DisplayNote (Fundo Notes)'
2024-05-20 09:09:16.3071|INFO|Microsoft.AspNetCore.Mvc.Infrastructure.ControllerActionInvoker|Route matched with {action = "DisplayNote", controller = "Note"}. Executing controller action with signature System.Threading.Tasks.Task`1[Microsoft.AspNetCore.Mvc.IActionResult] DisplayNote() on controller FundooNotes.Controllers.NoteController (Fundo Notes).
2024-05-20 09:09:16.5643|INFO|FundooNotes.Controllers.NoteController|Active Note Fetched Successfully from DB
2024-05-20 09:09:16.5643|INFO|Microsoft.AspNetCore.Mvc.Infrastructure.ObjectResultExecutor|Executing OkObjectResult, writing value of type 'ModelLayer.ResponseModel.ResponseModel`1[[System.Collections.Generic.IEnumerable`1[[ModelLayer.Notes.NoteResponse, ModelLayer, Version=1.0.0.0, Culture=neutral, PublicKeyToken=null]], System.Private.CoreLib, Version=8.0.0.0, Culture=neutral, PublicKeyToken=7cec85d7bea7798e]]'.
2024-05-20 09:09:16.5643|INFO|Microsoft.AspNetCore.Mvc.Infrastructure.ControllerActionInvoker|Executed action FundooNotes.Controllers.NoteController.DisplayNote (Fundo Notes) in 256.7356ms
2024-05-20 09:09:16.5643|INFO|Microsoft.AspNetCore.Routing.EndpointMiddleware|Executed endpoint 'FundooNotes.Controllers.NoteController.DisplayNote (Fundo Notes)'
2024-05-20 09:09:16.5643|INFO|Microsoft.AspNetCore.Hosting.Diagnostics|Request finished HTTP/2 GET https://localhost:7037/api/note - 200 - application/json;+charset=utf-8 273.9240ms
2024-05-20 09:09:23.8660|INFO|Microsoft.AspNetCore.Hosting.Diagnostics|Request starting HTTP/2 GET https://localhost:7037/api/note - - -
2024-05-20 09:09:23.8660|INFO|Microsoft.AspNetCore.Routing.EndpointMiddleware|Executing endpoint 'FundooNotes.Controllers.NoteController.DisplayNote (Fundo Notes)'
2024-05-20 09:09:23.8660|INFO|Microsoft.AspNetCore.Mvc.Infrastructure.ControllerActionInvoker|Route matched with {action = "DisplayNote", controller = "Note"}. Executing controller action with signature System.Threading.Tasks.Task`1[Microsoft.AspNetCore.Mvc.IActionResult] DisplayNote() on controller FundooNotes.Controllers.NoteController (Fundo Notes).
2024-05-20 09:09:23.9184|INFO|FundooNotes.Controllers.NoteController|Active Note Fetched Successfully from cache
2024-05-20 09:09:23.9184|INFO|Microsoft.AspNetCore.Mvc.Infrastructure.ObjectResultExecutor|Executing OkObjectResult, writing value of type 'ModelLayer.ResponseModel.ResponseModel`1[[System.Collections.Generic.IEnumerable`1[[ModelLayer.Notes.NoteResponse, ModelLayer, Version=1.0.0.0, Culture=neutral, PublicKeyToken=null]], System.Private.CoreLib, Version=8.0.0.0, Culture=neutral, PublicKeyToken=7cec85d7bea7798e]]'.
2024-05-20 09:09:23.9184|INFO|Microsoft.AspNetCore.Mvc.Infrastructure.ControllerActionInvoker|Executed action FundooNotes.Controllers.NoteController.DisplayNote (Fundo Notes) in 47.7931ms
2024-05-20 09:09:23.9184|INFO|Microsoft.AspNetCore.Routing.EndpointMiddleware|Executed endpoint 'FundooNotes.Controllers.NoteController.DisplayNote (Fundo Notes)'
2024-05-20 09:09:23.9184|INFO|Microsoft.AspNetCore.Hosting.Diagnostics|Request finished HTTP/2 GET https://localhost:7037/api/note - 200 - application/json;+charset=utf-8 54.8841ms
2024-05-20 09:11:19.0766|INFO|Microsoft.AspNetCore.DataProtection.KeyManagement.XmlKeyManager|User profile is available. Using 'C:\Users\Thanay\AppData\Local\ASP.NET\DataProtection-Keys' as key repository and Windows DPAPI to encrypt keys at rest.
2024-05-20 09:11:19.2248|WARN|Microsoft.AspNetCore.Server.Kestrel.Core.KestrelServer|The ASP.NET Core developer certificate is not trusted. For information about trusting the ASP.NET Core developer certificate, see https://aka.ms/aspnet/https-trust-dev-cert.
2024-05-20 09:11:19.2601|INFO|Microsoft.Hosting.Lifetime|Now listening on: https://localhost:7037
2024-05-20 09:11:19.2601|INFO|Microsoft.Hosting.Lifetime|Now listening on: http://localhost:5142
2024-05-20 09:11:19.2601|INFO|Microsoft.Hosting.Lifetime|Application started. Press Ctrl+C to shut down.
2024-05-20 09:11:19.2601|INFO|Microsoft.Hosting.Lifetime|Hosting environment: Development
2024-05-20 09:11:19.2601|INFO|Microsoft.Hosting.Lifetime|Content root path: C:\Users\Thanay\source\repos\FundoNotesWebApi\Fundo Notes
2024-05-20 09:11:19.5666|INFO|Microsoft.AspNetCore.Hosting.Diagnostics|Request starting HTTP/2 GET https://localhost:7037/swagger/index.html - - -
2024-05-20 09:11:19.7725|INFO|Microsoft.AspNetCore.Hosting.Diagnostics|Request finished HTTP/2 GET https://localhost:7037/swagger/index.html - 200 - text/html;charset=utf-8 204.2959ms
2024-05-20 09:11:19.7725|INFO|Microsoft.AspNetCore.Hosting.Diagnostics|Request starting HTTP/2 GET https://localhost:7037/swagger/swagger-ui.css - - -
2024-05-20 09:11:19.7725|INFO|Microsoft.AspNetCore.Hosting.Diagnostics|Request starting HTTP/2 GET https://localhost:7037/_vs/browserLink - - -
2024-05-20 09:11:19.7725|INFO|Microsoft.AspNetCore.Hosting.Diagnostics|Request starting HTTP/2 GET https://localhost:7037/_framework/aspnetcore-browser-refresh.js - - -
2024-05-20 09:11:19.7803|INFO|Microsoft.AspNetCore.Hosting.Diagnostics|Request finished HTTP/2 GET https://localhost:7037/_framework/aspnetcore-browser-refresh.js - 200 13758 application/javascript;+charset=utf-8 4.3021ms
2024-05-20 09:11:19.7803|INFO|Microsoft.AspNetCore.StaticFiles.StaticFileMiddleware|Sending file. Request path: '/swagger-ui.css'. Physical path: 'N/A'
2024-05-20 09:11:19.7938|INFO|Microsoft.AspNetCore.Hosting.Diagnostics|Request finished HTTP/2 GET https://localhost:7037/swagger/swagger-ui.css - 200 143943 text/css 18.1992ms
2024-05-20 09:11:19.8080|INFO|Microsoft.AspNetCore.Hosting.Diagnostics|Request finished HTTP/2 GET https://localhost:7037/_vs/browserLink - 200 - text/javascript;+charset=UTF-8 31.9825ms
2024-05-20 09:11:20.0803|INFO|Microsoft.AspNetCore.Hosting.Diagnostics|Request starting HTTP/2 GET https://localhost:7037/swagger/v1/swagger.json - - -
2024-05-20 09:11:20.0803|INFO|Microsoft.AspNetCore.Hosting.Diagnostics|Request starting HTTP/2 GET https://localhost:7037/swagger/favicon-32x32.png - - -
2024-05-20 09:11:20.0908|INFO|Microsoft.AspNetCore.StaticFiles.StaticFileMiddleware|Sending file. Request path: '/favicon-32x32.png'. Physical path: 'N/A'
2024-05-20 09:11:20.0908|INFO|Microsoft.AspNetCore.Hosting.Diagnostics|Request finished HTTP/2 GET https://localhost:7037/swagger/favicon-32x32.png - 200 628 image/png 2.6038ms
2024-05-20 09:11:20.1952|INFO|Microsoft.AspNetCore.Hosting.Diagnostics|Request finished HTTP/2 GET https://localhost:7037/swagger/v1/swagger.json - 200 - application/json;charset=utf-8 114.8351ms
2024-05-20 09:11:25.7824|INFO|Microsoft.AspNetCore.Hosting.Diagnostics|Request starting HTTP/2 GET https://localhost:7037/swagger/index.html - - -
2024-05-20 09:11:25.7888|INFO|Microsoft.AspNetCore.Hosting.Diagnostics|Request finished HTTP/2 GET https://localhost:7037/swagger/index.html - 200 - text/html;charset=utf-8 6.3693ms
2024-05-20 09:11:25.7888|INFO|Microsoft.AspNetCore.Hosting.Diagnostics|Request starting HTTP/2 GET https://localhost:7037/swagger/swagger-ui.css - - -
2024-05-20 09:11:25.7888|INFO|Microsoft.AspNetCore.Hosting.Diagnostics|Request starting HTTP/2 GET https://localhost:7037/_vs/browserLink - - -
2024-05-20 09:11:25.7888|INFO|Microsoft.AspNetCore.Hosting.Diagnostics|Request starting HTTP/2 GET https://localhost:7037/_framework/aspnetcore-browser-refresh.js - - -
2024-05-20 09:11:25.8030|INFO|Microsoft.AspNetCore.Hosting.Diagnostics|Request finished HTTP/2 GET https://localhost:7037/_framework/aspnetcore-browser-refresh.js - 200 13758 application/javascript;+charset=utf-8 0.9564ms
2024-05-20 09:11:25.8030|INFO|Microsoft.AspNetCore.StaticFiles.StaticFileMiddleware|Sending file. Request path: '/swagger-ui.css'. Physical path: 'N/A'
2024-05-20 09:11:25.8030|INFO|Microsoft.AspNetCore.Hosting.Diagnostics|Request finished HTTP/2 GET https://localhost:7037/swagger/swagger-ui.css - 200 143943 text/css 4.1535ms
2024-05-20 09:11:25.8030|INFO|Microsoft.AspNetCore.Hosting.Diagnostics|Request finished HTTP/2 GET https://localhost:7037/_vs/browserLink - 200 - text/javascript;+charset=UTF-8 13.2629ms
2024-05-20 09:11:25.8725|INFO|Microsoft.AspNetCore.Hosting.Diagnostics|Request starting HTTP/2 GET https://localhost:7037/swagger/v1/swagger.json - - -
2024-05-20 09:11:25.8815|INFO|Microsoft.AspNetCore.Hosting.Diagnostics|Request starting HTTP/2 GET https://localhost:7037/swagger/favicon-32x32.png - - -
2024-05-20 09:11:25.8815|INFO|Microsoft.AspNetCore.StaticFiles.StaticFileMiddleware|Sending file. Request path: '/favicon-32x32.png'. Physical path: 'N/A'
2024-05-20 09:11:25.8815|INFO|Microsoft.AspNetCore.Hosting.Diagnostics|Request finished HTTP/2 GET https://localhost:7037/swagger/favicon-32x32.png - 200 628 image/png 1.3110ms
2024-05-20 09:11:25.8815|INFO|Microsoft.AspNetCore.Hosting.Diagnostics|Request finished HTTP/2 GET https://localhost:7037/swagger/v1/swagger.json - 200 - application/json;charset=utf-8 18.5155ms
2024-05-20 09:11:54.2190|INFO|Microsoft.AspNetCore.Hosting.Diagnostics|Request starting HTTP/2 GET https://localhost:7037/api/note - - -
2024-05-20 09:11:54.3180|INFO|Microsoft.AspNetCore.Routing.EndpointMiddleware|Executing endpoint 'FundooNotes.Controllers.NoteController.DisplayNote (Fundo Notes)'
2024-05-20 09:11:54.3372|INFO|Microsoft.AspNetCore.Mvc.Infrastructure.ControllerActionInvoker|Route matched with {action = "DisplayNote", controller = "Note"}. Executing controller action with signature System.Threading.Tasks.Task`1[Microsoft.AspNetCore.Mvc.IActionResult] DisplayNote() on controller FundooNotes.Controllers.NoteController (Fundo Notes).
2024-05-20 09:11:58.4990|INFO|Microsoft.AspNetCore.Mvc.Infrastructure.ControllerActionInvoker|Executed action FundooNotes.Controllers.NoteController.DisplayNote (Fundo Notes) in 4151.8591ms
2024-05-20 09:11:58.4990|INFO|Microsoft.AspNetCore.Routing.EndpointMiddleware|Executed endpoint 'FundooNotes.Controllers.NoteController.DisplayNote (Fundo Notes)'
2024-05-20 09:11:58.4990|ERROR|Microsoft.AspNetCore.Diagnostics.DeveloperExceptionPageMiddleware|An unhandled exception has occurred while executing the request.|StackExchange.Redis.RedisConnectionException: It was not possible to connect to the redis server(s). Error connecting right now. To allow this multiplexer to continue retrying until it's able to connect, use abortConnect=false in your connection string or AbortOnConnectFail=false; in your code.
   at StackExchange.Redis.ConnectionMultiplexer.ConnectImpl(ConfigurationOptions configuration, TextWriter writer, Nullable`1 serverType, EndPointCollection endpoints) in /_/src/StackExchange.Redis/ConnectionMultiplexer.cs:line 723
   at StackExchange.Redis.ConnectionMultiplexer.Connect(ConfigurationOptions configuration, TextWriter log) in /_/src/StackExchange.Redis/ConnectionMultiplexer.cs:line 685
   at StackExchange.Redis.ConnectionMultiplexer.Connect(String configuration, TextWriter log) in /_/src/StackExchange.Redis/ConnectionMultiplexer.cs:line 663
   at RepositoryLayer.Services.CacheService..ctor(String connectionString) in C:\Users\Thanay\source\repos\FundoNotesWebApi\RepositoryLayer\Helper\CacheService.cs:line 13
   at Program.<>c__DisplayClass0_0.<<Main>$>b__1(IServiceProvider sp) in C:\Users\Thanay\source\repos\FundoNotesWebApi\Fundo Notes\Program.cs:line 53
   at Microsoft.Extensions.DependencyInjection.ServiceLookup.CallSiteVisitor`2.VisitCallSiteMain(ServiceCallSite callSite, TArgument argument)
   at Microsoft.Extensions.DependencyInjection.ServiceLookup.CallSiteRuntimeResolver.VisitRootCache(ServiceCallSite callSite, RuntimeResolverContext context)
   at Microsoft.Extensions.DependencyInjection.ServiceLookup.CallSiteVisitor`2.VisitCallSite(ServiceCallSite callSite, TArgument argument)
   at Microsoft.Extensions.DependencyInjection.ServiceLookup.CallSiteRuntimeResolver.VisitConstructor(ConstructorCallSite constructorCallSite, RuntimeResolverContext context)
   at Microsoft.Extensions.DependencyInjection.ServiceLookup.CallSiteVisitor`2.VisitCallSiteMain(ServiceCallSite callSite, TArgument argument)
   at Microsoft.Extensions.DependencyInjection.ServiceLookup.CallSiteRuntimeResolver.VisitCache(ServiceCallSite callSite, RuntimeResolverContext context, ServiceProviderEngineScope serviceProviderEngine, RuntimeResolverLock lockType)
   at Microsoft.Extensions.DependencyInjection.ServiceLookup.CallSiteRuntimeResolver.VisitScopeCache(ServiceCallSite callSite, RuntimeResolverContext context)
   at Microsoft.Extensions.DependencyInjection.ServiceLookup.CallSiteVisitor`2.VisitCallSite(ServiceCallSite callSite, TArgument argument)
   at Microsoft.Extensions.DependencyInjection.ServiceLookup.CallSiteRuntimeResolver.VisitConstructor(ConstructorCallSite constructorCallSite, RuntimeResolverContext context)
   at Microsoft.Extensions.DependencyInjection.ServiceLookup.CallSiteVisitor`2.VisitCallSiteMain(ServiceCallSite callSite, TArgument argument)
   at Microsoft.Extensions.DependencyInjection.ServiceLookup.CallSiteRuntimeResolver.VisitCache(ServiceCallSite callSite, RuntimeResolverContext context, ServiceProviderEngineScope serviceProviderEngine, RuntimeResolverLock lockType)
   at Microsoft.Extensions.DependencyInjection.ServiceLookup.CallSiteRuntimeResolver.VisitScopeCache(ServiceCallSite callSite, RuntimeResolverContext context)
   at Microsoft.Extensions.DependencyInjection.ServiceLookup.CallSiteVisitor`2.VisitCallSite(ServiceCallSite callSite, TArgument argument)
   at Microsoft.Extensions.DependencyInjection.ServiceLookup.CallSiteRuntimeResolver.Resolve(ServiceCallSite callSite, ServiceProviderEngineScope scope)
   at Microsoft.Extensions.DependencyInjection.ServiceLookup.DynamicServiceProviderEngine.<>c__DisplayClass2_0.<RealizeService>b__0(ServiceProviderEngineScope scope)
   at Microsoft.Extensions.DependencyInjection.ServiceProvider.GetService(ServiceIdentifier serviceIdentifier, ServiceProviderEngineScope serviceProviderEngineScope)
   at Microsoft.Extensions.DependencyInjection.ServiceLookup.ServiceProviderEngineScope.GetService(Type serviceType)
   at lambda_method9(Closure, IServiceProvider, Object[])
   at Microsoft.AspNetCore.Mvc.Controllers.ControllerFactoryProvider.<>c__DisplayClass6_0.<CreateControllerFactory>g__CreateController|0(ControllerContext controllerContext)
   at Microsoft.AspNetCore.Mvc.Infrastructure.ControllerActionInvoker.Next(State& next, Scope& scope, Object& state, Boolean& isCompleted)
   at Microsoft.AspNetCore.Mvc.Infrastructure.ControllerActionInvoker.InvokeInnerFilterAsync()
--- End of stack trace from previous location ---
   at Microsoft.AspNetCore.Mvc.Infrastructure.ResourceInvoker.<InvokeFilterPipelineAsync>g__Awaited|20_0(ResourceInvoker invoker, Task lastTask, State next, Scope scope, Object state, Boolean isCompleted)
   at Microsoft.AspNetCore.Mvc.Infrastructure.ResourceInvoker.<InvokeAsync>g__Logged|17_1(ResourceInvoker invoker)
   at Microsoft.AspNetCore.Mvc.Infrastructure.ResourceInvoker.<InvokeAsync>g__Logged|17_1(ResourceInvoker invoker)
   at Microsoft.AspNetCore.Routing.EndpointMiddleware.<Invoke>g__AwaitRequestTask|7_0(Endpoint endpoint, Task requestTask, ILogger logger)
   at Microsoft.AspNetCore.Authorization.AuthorizationMiddleware.Invoke(HttpContext context)
   at Swashbuckle.AspNetCore.SwaggerUI.SwaggerUIMiddleware.Invoke(HttpContext httpContext)
   at Swashbuckle.AspNetCore.Swagger.SwaggerMiddleware.Invoke(HttpContext httpContext, ISwaggerProvider swaggerProvider)
   at Microsoft.AspNetCore.Authentication.AuthenticationMiddleware.Invoke(HttpContext context)
   at Microsoft.AspNetCore.Diagnostics.DeveloperExceptionPageMiddlewareImpl.Invoke(HttpContext context)
2024-05-20 09:11:58.5691|INFO|Microsoft.AspNetCore.Hosting.Diagnostics|Request finished HTTP/2 GET https://localhost:7037/api/note - 500 - text/plain;+charset=utf-8 4350.0752ms
2024-05-20 09:12:27.4647|INFO|Microsoft.AspNetCore.Hosting.Diagnostics|Request starting HTTP/2 GET https://localhost:7037/api/note - - -
2024-05-20 09:12:27.4743|INFO|Microsoft.AspNetCore.Routing.EndpointMiddleware|Executing endpoint 'FundooNotes.Controllers.NoteController.DisplayNote (Fundo Notes)'
2024-05-20 09:12:27.4743|INFO|Microsoft.AspNetCore.Mvc.Infrastructure.ControllerActionInvoker|Route matched with {action = "DisplayNote", controller = "Note"}. Executing controller action with signature System.Threading.Tasks.Task`1[Microsoft.AspNetCore.Mvc.IActionResult] DisplayNote() on controller FundooNotes.Controllers.NoteController (Fundo Notes).
2024-05-20 09:12:29.1012|INFO|FundooNotes.Controllers.NoteController|Active Note Fetched Successfully from DB
2024-05-20 09:12:29.1012|INFO|Microsoft.AspNetCore.Mvc.Infrastructure.ObjectResultExecutor|Executing OkObjectResult, writing value of type 'ModelLayer.ResponseModel.ResponseModel`1[[System.Collections.Generic.IEnumerable`1[[ModelLayer.Notes.NoteResponse, ModelLayer, Version=1.0.0.0, Culture=neutral, PublicKeyToken=null]], System.Private.CoreLib, Version=8.0.0.0, Culture=neutral, PublicKeyToken=7cec85d7bea7798e]]'.
2024-05-20 09:12:29.1255|INFO|Microsoft.AspNetCore.Mvc.Infrastructure.ControllerActionInvoker|Executed action FundooNotes.Controllers.NoteController.DisplayNote (Fundo Notes) in 1650.2424ms
2024-05-20 09:12:29.1255|INFO|Microsoft.AspNetCore.Routing.EndpointMiddleware|Executed endpoint 'FundooNotes.Controllers.NoteController.DisplayNote (Fundo Notes)'
2024-05-20 09:12:29.1255|INFO|Microsoft.AspNetCore.Hosting.Diagnostics|Request finished HTTP/2 GET https://localhost:7037/api/note - 200 - application/json;+charset=utf-8 1662.7313ms
2024-05-20 09:12:32.6197|INFO|Microsoft.AspNetCore.Hosting.Diagnostics|Request starting HTTP/2 GET https://localhost:7037/api/note - - -
2024-05-20 09:12:32.6242|INFO|Microsoft.AspNetCore.Routing.EndpointMiddleware|Executing endpoint 'FundooNotes.Controllers.NoteController.DisplayNote (Fundo Notes)'
2024-05-20 09:12:32.6242|INFO|Microsoft.AspNetCore.Mvc.Infrastructure.ControllerActionInvoker|Route matched with {action = "DisplayNote", controller = "Note"}. Executing controller action with signature System.Threading.Tasks.Task`1[Microsoft.AspNetCore.Mvc.IActionResult] DisplayNote() on controller FundooNotes.Controllers.NoteController (Fundo Notes).
2024-05-20 09:12:32.6659|INFO|FundooNotes.Controllers.NoteController|Active Note Fetched Successfully from cache
2024-05-20 09:12:32.6659|INFO|Microsoft.AspNetCore.Mvc.Infrastructure.ObjectResultExecutor|Executing OkObjectResult, writing value of type 'ModelLayer.ResponseModel.ResponseModel`1[[System.Collections.Generic.IEnumerable`1[[ModelLayer.Notes.NoteResponse, ModelLayer, Version=1.0.0.0, Culture=neutral, PublicKeyToken=null]], System.Private.CoreLib, Version=8.0.0.0, Culture=neutral, PublicKeyToken=7cec85d7bea7798e]]'.
2024-05-20 09:12:32.6659|INFO|Microsoft.AspNetCore.Mvc.Infrastructure.ControllerActionInvoker|Executed action FundooNotes.Controllers.NoteController.DisplayNote (Fundo Notes) in 42.1088ms
2024-05-20 09:12:32.6659|INFO|Microsoft.AspNetCore.Routing.EndpointMiddleware|Executed endpoint 'FundooNotes.Controllers.NoteController.DisplayNote (Fundo Notes)'
2024-05-20 09:12:32.6659|INFO|Microsoft.AspNetCore.Hosting.Diagnostics|Request finished HTTP/2 GET https://localhost:7037/api/note - 200 - application/json;+charset=utf-8 48.0957ms
2024-05-20 09:12:36.6203|INFO|Microsoft.AspNetCore.Hosting.Diagnostics|Request starting HTTP/2 GET https://localhost:7037/api/note - - -
2024-05-20 09:12:36.6203|INFO|Microsoft.AspNetCore.Routing.EndpointMiddleware|Executing endpoint 'FundooNotes.Controllers.NoteController.DisplayNote (Fundo Notes)'
2024-05-20 09:12:36.6203|INFO|Microsoft.AspNetCore.Mvc.Infrastructure.ControllerActionInvoker|Route matched with {action = "DisplayNote", controller = "Note"}. Executing controller action with signature System.Threading.Tasks.Task`1[Microsoft.AspNetCore.Mvc.IActionResult] DisplayNote() on controller FundooNotes.Controllers.NoteController (Fundo Notes).
2024-05-20 09:12:36.6335|INFO|FundooNotes.Controllers.NoteController|Active Note Fetched Successfully from cache
2024-05-20 09:12:36.6335|INFO|Microsoft.AspNetCore.Mvc.Infrastructure.ObjectResultExecutor|Executing OkObjectResult, writing value of type 'ModelLayer.ResponseModel.ResponseModel`1[[System.Collections.Generic.IEnumerable`1[[ModelLayer.Notes.NoteResponse, ModelLayer, Version=1.0.0.0, Culture=neutral, PublicKeyToken=null]], System.Private.CoreLib, Version=8.0.0.0, Culture=neutral, PublicKeyToken=7cec85d7bea7798e]]'.
2024-05-20 09:12:36.6335|INFO|Microsoft.AspNetCore.Mvc.Infrastructure.ControllerActionInvoker|Executed action FundooNotes.Controllers.NoteController.DisplayNote (Fundo Notes) in 4.693ms
2024-05-20 09:12:36.6335|INFO|Microsoft.AspNetCore.Routing.EndpointMiddleware|Executed endpoint 'FundooNotes.Controllers.NoteController.DisplayNote (Fundo Notes)'
2024-05-20 09:12:36.6335|INFO|Microsoft.AspNetCore.Hosting.Diagnostics|Request finished HTTP/2 GET https://localhost:7037/api/note - 200 - application/json;+charset=utf-8 15.2276ms
