2024-05-16 09:40:36.3525|INFO|Microsoft.AspNetCore.DataProtection.KeyManagement.XmlKeyManager|User profile is available. Using 'C:\Users\Thanay\AppData\Local\ASP.NET\DataProtection-Keys' as key repository and Windows DPAPI to encrypt keys at rest.
2024-05-16 09:40:37.0062|WARN|Microsoft.AspNetCore.Server.Kestrel.Core.KestrelServer|The ASP.NET Core developer certificate is not trusted. For information about trusting the ASP.NET Core developer certificate, see https://aka.ms/aspnet/https-trust-dev-cert.
2024-05-16 09:40:37.1308|INFO|Microsoft.Hosting.Lifetime|Now listening on: https://localhost:7037
2024-05-16 09:40:37.1308|INFO|Microsoft.Hosting.Lifetime|Now listening on: http://localhost:5142
2024-05-16 09:40:37.1308|INFO|Microsoft.Hosting.Lifetime|Application started. Press Ctrl+C to shut down.
2024-05-16 09:40:37.1308|INFO|Microsoft.Hosting.Lifetime|Hosting environment: Development
2024-05-16 09:40:37.1308|INFO|Microsoft.Hosting.Lifetime|Content root path: C:\Users\Thanay\source\repos\FundoNotesWebApi\Fundo Notes
2024-05-16 09:40:37.6561|INFO|Microsoft.AspNetCore.Hosting.Diagnostics|Request starting HTTP/2 GET https://localhost:7037/swagger - - -
2024-05-16 09:40:38.0909|INFO|Microsoft.AspNetCore.Hosting.Diagnostics|Request finished HTTP/2 GET https://localhost:7037/swagger - 301 0 - 433.0268ms
2024-05-16 09:40:38.0959|INFO|Microsoft.AspNetCore.Hosting.Diagnostics|Request starting HTTP/2 GET https://localhost:7037/swagger/index.html - - -
2024-05-16 09:40:38.2445|INFO|Microsoft.AspNetCore.Hosting.Diagnostics|Request finished HTTP/2 GET https://localhost:7037/swagger/index.html - 200 - text/html;charset=utf-8 148.5559ms
2024-05-16 09:40:38.8417|INFO|Microsoft.AspNetCore.Hosting.Diagnostics|Request starting HTTP/2 GET https://localhost:7037/swagger/swagger-ui.css - - -
2024-05-16 09:40:38.8417|INFO|Microsoft.AspNetCore.Hosting.Diagnostics|Request starting HTTP/2 GET https://localhost:7037/swagger/swagger-ui-bundle.js - - -
2024-05-16 09:40:38.8417|INFO|Microsoft.AspNetCore.Hosting.Diagnostics|Request starting HTTP/2 GET https://localhost:7037/swagger/swagger-ui-standalone-preset.js - - -
2024-05-16 09:40:38.8417|INFO|Microsoft.AspNetCore.Hosting.Diagnostics|Request starting HTTP/2 GET https://localhost:7037/_framework/aspnetcore-browser-refresh.js - - -
2024-05-16 09:40:38.8417|INFO|Microsoft.AspNetCore.Hosting.Diagnostics|Request starting HTTP/2 GET https://localhost:7037/_vs/browserLink - - -
2024-05-16 09:40:38.8417|INFO|Microsoft.AspNetCore.Hosting.Diagnostics|Request finished HTTP/2 GET https://localhost:7037/_framework/aspnetcore-browser-refresh.js - 200 13758 application/javascript;+charset=utf-8 8.8513ms
2024-05-16 09:40:38.8848|INFO|Microsoft.AspNetCore.StaticFiles.StaticFileMiddleware|Sending file. Request path: '/swagger-ui-standalone-preset.js'. Physical path: 'N/A'
2024-05-16 09:40:38.8848|INFO|Microsoft.AspNetCore.StaticFiles.StaticFileMiddleware|Sending file. Request path: '/swagger-ui.css'. Physical path: 'N/A'
2024-05-16 09:40:38.8848|INFO|Microsoft.AspNetCore.Hosting.Diagnostics|Request finished HTTP/2 GET https://localhost:7037/swagger/swagger-ui.css - 200 143943 text/css 45.2716ms
2024-05-16 09:40:38.8848|INFO|Microsoft.AspNetCore.Hosting.Diagnostics|Request finished HTTP/2 GET https://localhost:7037/swagger/swagger-ui-standalone-preset.js - 200 339486 text/javascript 41.8632ms
2024-05-16 09:40:38.9014|INFO|Microsoft.AspNetCore.StaticFiles.StaticFileMiddleware|Sending file. Request path: '/swagger-ui-bundle.js'. Physical path: 'N/A'
2024-05-16 09:40:38.9014|INFO|Microsoft.AspNetCore.Hosting.Diagnostics|Request finished HTTP/2 GET https://localhost:7037/swagger/swagger-ui-bundle.js - 200 1096145 text/javascript 58.4290ms
2024-05-16 09:40:38.9657|INFO|Microsoft.AspNetCore.Hosting.Diagnostics|Request finished HTTP/2 GET https://localhost:7037/_vs/browserLink - 200 - text/javascript;+charset=UTF-8 114.1581ms
2024-05-16 09:40:39.1996|INFO|Microsoft.AspNetCore.Hosting.Diagnostics|Request starting HTTP/2 GET https://localhost:7037/swagger/v1/swagger.json - - -
2024-05-16 09:40:39.4007|INFO|Microsoft.AspNetCore.Hosting.Diagnostics|Request finished HTTP/2 GET https://localhost:7037/swagger/v1/swagger.json - 200 - application/json;charset=utf-8 201.0127ms
2024-05-16 09:43:07.6898|INFO|Microsoft.AspNetCore.Hosting.Diagnostics|Request starting HTTP/2 POST https://localhost:7037/api/note - application/json 162
2024-05-16 09:43:07.7842|INFO|Microsoft.AspNetCore.Routing.EndpointMiddleware|Executing endpoint 'FundooNotes.Controllers.NoteController.CreateNote (Fundo Notes)'
2024-05-16 09:43:07.8199|INFO|Microsoft.AspNetCore.Mvc.Infrastructure.ControllerActionInvoker|Route matched with {action = "CreateNote", controller = "Note"}. Executing controller action with signature System.Threading.Tasks.Task`1[Microsoft.AspNetCore.Mvc.IActionResult] CreateNote(ModelLayer.Notes.CreateNoteRequest, Int32) on controller FundooNotes.Controllers.NoteController (Fundo Notes).
2024-05-16 09:43:08.8089|INFO|FundooNotes.Controllers.NoteController|Note Created Successfully
2024-05-16 09:43:08.8154|INFO|Microsoft.AspNetCore.Mvc.Infrastructure.ObjectResultExecutor|Executing OkObjectResult, writing value of type 'ModelLayer.ResponseModel.ResponseModel`1[[System.String, System.Private.CoreLib, Version=8.0.0.0, Culture=neutral, PublicKeyToken=7cec85d7bea7798e]]'.
2024-05-16 09:43:08.8154|INFO|Microsoft.AspNetCore.Mvc.Infrastructure.ControllerActionInvoker|Executed action FundooNotes.Controllers.NoteController.CreateNote (Fundo Notes) in 997.4203ms
2024-05-16 09:43:08.8154|INFO|Microsoft.AspNetCore.Routing.EndpointMiddleware|Executed endpoint 'FundooNotes.Controllers.NoteController.CreateNote (Fundo Notes)'
2024-05-16 09:43:08.8154|INFO|Microsoft.AspNetCore.Hosting.Diagnostics|Request finished HTTP/2 POST https://localhost:7037/api/note - 200 - application/json;+charset=utf-8 1135.2112ms
2024-05-16 09:43:24.6875|INFO|Microsoft.AspNetCore.Hosting.Diagnostics|Request starting HTTP/2 GET https://localhost:7037/api/note - - -
2024-05-16 09:43:24.6875|INFO|Microsoft.AspNetCore.Routing.EndpointMiddleware|Executing endpoint 'FundooNotes.Controllers.NoteController.DisplayNote (Fundo Notes)'
2024-05-16 09:43:24.6974|INFO|Microsoft.AspNetCore.Mvc.Infrastructure.ControllerActionInvoker|Route matched with {action = "DisplayNote", controller = "Note"}. Executing controller action with signature System.Threading.Tasks.Task`1[Microsoft.AspNetCore.Mvc.IActionResult] DisplayNote() on controller FundooNotes.Controllers.NoteController (Fundo Notes).
2024-05-16 09:43:24.9014|INFO|FundooNotes.Controllers.NoteController|Active Note Fetched Successfully from DB
2024-05-16 09:43:24.9014|INFO|Microsoft.AspNetCore.Mvc.Infrastructure.ObjectResultExecutor|Executing OkObjectResult, writing value of type 'ModelLayer.ResponseModel.ResponseModel`1[[System.Collections.Generic.IEnumerable`1[[ModelLayer.Notes.NoteResponse, ModelLayer, Version=1.0.0.0, Culture=neutral, PublicKeyToken=null]], System.Private.CoreLib, Version=8.0.0.0, Culture=neutral, PublicKeyToken=7cec85d7bea7798e]]'.
2024-05-16 09:43:24.9014|INFO|Microsoft.AspNetCore.Mvc.Infrastructure.ControllerActionInvoker|Executed action FundooNotes.Controllers.NoteController.DisplayNote (Fundo Notes) in 209.3126ms
2024-05-16 09:43:24.9014|INFO|Microsoft.AspNetCore.Routing.EndpointMiddleware|Executed endpoint 'FundooNotes.Controllers.NoteController.DisplayNote (Fundo Notes)'
2024-05-16 09:43:24.9014|INFO|Microsoft.AspNetCore.Hosting.Diagnostics|Request finished HTTP/2 GET https://localhost:7037/api/note - 200 - application/json;+charset=utf-8 220.2866ms
2024-05-16 09:43:37.6829|INFO|Microsoft.AspNetCore.Hosting.Diagnostics|Request starting HTTP/2 GET https://localhost:7037/api/note - - -
2024-05-16 09:43:37.6863|INFO|Microsoft.AspNetCore.Routing.EndpointMiddleware|Executing endpoint 'FundooNotes.Controllers.NoteController.DisplayNote (Fundo Notes)'
2024-05-16 09:43:37.6863|INFO|Microsoft.AspNetCore.Mvc.Infrastructure.ControllerActionInvoker|Route matched with {action = "DisplayNote", controller = "Note"}. Executing controller action with signature System.Threading.Tasks.Task`1[Microsoft.AspNetCore.Mvc.IActionResult] DisplayNote() on controller FundooNotes.Controllers.NoteController (Fundo Notes).
2024-05-16 09:43:37.7125|INFO|FundooNotes.Controllers.NoteController|Active Note Fetched Successfully from cache
2024-05-16 09:43:37.7125|INFO|Microsoft.AspNetCore.Mvc.Infrastructure.ObjectResultExecutor|Executing OkObjectResult, writing value of type 'ModelLayer.ResponseModel.ResponseModel`1[[System.Collections.Generic.IEnumerable`1[[ModelLayer.Notes.NoteResponse, ModelLayer, Version=1.0.0.0, Culture=neutral, PublicKeyToken=null]], System.Private.CoreLib, Version=8.0.0.0, Culture=neutral, PublicKeyToken=7cec85d7bea7798e]]'.
2024-05-16 09:43:37.7125|INFO|Microsoft.AspNetCore.Mvc.Infrastructure.ControllerActionInvoker|Executed action FundooNotes.Controllers.NoteController.DisplayNote (Fundo Notes) in 26.2681ms
2024-05-16 09:43:37.7125|INFO|Microsoft.AspNetCore.Routing.EndpointMiddleware|Executed endpoint 'FundooNotes.Controllers.NoteController.DisplayNote (Fundo Notes)'
2024-05-16 09:43:37.7125|INFO|Microsoft.AspNetCore.Hosting.Diagnostics|Request finished HTTP/2 GET https://localhost:7037/api/note - 200 - application/json;+charset=utf-8 30.8241ms
2024-05-16 09:47:07.9307|INFO|Microsoft.AspNetCore.Hosting.Diagnostics|Request starting HTTP/2 PUT https://localhost:7037/api/note/6 - application/json 184
2024-05-16 09:47:07.9307|INFO|Microsoft.AspNetCore.Routing.EndpointMiddleware|Executing endpoint 'FundooNotes.Controllers.NoteController.UpdateNote (Fundo Notes)'
2024-05-16 09:47:07.9360|INFO|Microsoft.AspNetCore.Mvc.Infrastructure.ControllerActionInvoker|Route matched with {action = "UpdateNote", controller = "Note"}. Executing controller action with signature System.Threading.Tasks.Task`1[Microsoft.AspNetCore.Mvc.IActionResult] UpdateNote(Int32, ModelLayer.Notes.CreateNoteRequest) on controller FundooNotes.Controllers.NoteController (Fundo Notes).
2024-05-16 09:47:07.9941|INFO|FundooNotes.Controllers.NoteController|Note updated successfully
2024-05-16 09:47:07.9941|INFO|Microsoft.AspNetCore.Mvc.Infrastructure.ObjectResultExecutor|Executing OkObjectResult, writing value of type 'ModelLayer.ResponseModel.ResponseModel`1[[ModelLayer.Notes.NoteResponse, ModelLayer, Version=1.0.0.0, Culture=neutral, PublicKeyToken=null]]'.
2024-05-16 09:47:07.9941|INFO|Microsoft.AspNetCore.Mvc.Infrastructure.ControllerActionInvoker|Executed action FundooNotes.Controllers.NoteController.UpdateNote (Fundo Notes) in 59.9677ms
2024-05-16 09:47:07.9941|INFO|Microsoft.AspNetCore.Routing.EndpointMiddleware|Executed endpoint 'FundooNotes.Controllers.NoteController.UpdateNote (Fundo Notes)'
2024-05-16 09:47:07.9941|INFO|Microsoft.AspNetCore.Hosting.Diagnostics|Request finished HTTP/2 PUT https://localhost:7037/api/note/6 - 200 - application/json;+charset=utf-8 66.2696ms
2024-05-16 09:47:46.8082|INFO|Microsoft.AspNetCore.Hosting.Diagnostics|Request starting HTTP/2 GET https://localhost:7037/api/note/archived - - -
2024-05-16 09:47:46.8082|INFO|Microsoft.AspNetCore.Routing.EndpointMiddleware|Executing endpoint 'FundooNotes.Controllers.NoteController.DisplayArchivedNotes (Fundo Notes)'
2024-05-16 09:47:46.8082|INFO|Microsoft.AspNetCore.Mvc.Infrastructure.ControllerActionInvoker|Route matched with {action = "DisplayArchivedNotes", controller = "Note"}. Executing controller action with signature System.Threading.Tasks.Task`1[Microsoft.AspNetCore.Mvc.IActionResult] DisplayArchivedNotes() on controller FundooNotes.Controllers.NoteController (Fundo Notes).
2024-05-16 09:47:46.8452|INFO|FundooNotes.Controllers.NoteController|Archived Notes Fetched Successfully from DB
2024-05-16 09:47:46.8452|INFO|Microsoft.AspNetCore.Mvc.Infrastructure.ObjectResultExecutor|Executing OkObjectResult, writing value of type 'ModelLayer.ResponseModel.ResponseModel`1[[System.Collections.Generic.IEnumerable`1[[ModelLayer.Notes.NoteResponse, ModelLayer, Version=1.0.0.0, Culture=neutral, PublicKeyToken=null]], System.Private.CoreLib, Version=8.0.0.0, Culture=neutral, PublicKeyToken=7cec85d7bea7798e]]'.
2024-05-16 09:47:46.8452|INFO|Microsoft.AspNetCore.Mvc.Infrastructure.ControllerActionInvoker|Executed action FundooNotes.Controllers.NoteController.DisplayArchivedNotes (Fundo Notes) in 27.6178ms
2024-05-16 09:47:46.8452|INFO|Microsoft.AspNetCore.Routing.EndpointMiddleware|Executed endpoint 'FundooNotes.Controllers.NoteController.DisplayArchivedNotes (Fundo Notes)'
2024-05-16 09:47:46.8452|INFO|Microsoft.AspNetCore.Hosting.Diagnostics|Request finished HTTP/2 GET https://localhost:7037/api/note/archived - 200 - application/json;+charset=utf-8 38.0487ms
2024-05-16 09:47:51.5522|INFO|Microsoft.AspNetCore.Hosting.Diagnostics|Request starting HTTP/2 GET https://localhost:7037/api/note/archived - - -
2024-05-16 09:47:51.5522|INFO|Microsoft.AspNetCore.Routing.EndpointMiddleware|Executing endpoint 'FundooNotes.Controllers.NoteController.DisplayArchivedNotes (Fundo Notes)'
2024-05-16 09:47:51.5522|INFO|Microsoft.AspNetCore.Mvc.Infrastructure.ControllerActionInvoker|Route matched with {action = "DisplayArchivedNotes", controller = "Note"}. Executing controller action with signature System.Threading.Tasks.Task`1[Microsoft.AspNetCore.Mvc.IActionResult] DisplayArchivedNotes() on controller FundooNotes.Controllers.NoteController (Fundo Notes).
2024-05-16 09:47:51.5522|INFO|FundooNotes.Controllers.NoteController|Archived Notes Fetched Successfully from cache
2024-05-16 09:47:51.5522|INFO|Microsoft.AspNetCore.Mvc.Infrastructure.ObjectResultExecutor|Executing OkObjectResult, writing value of type 'ModelLayer.ResponseModel.ResponseModel`1[[System.Collections.Generic.IEnumerable`1[[ModelLayer.Notes.NoteResponse, ModelLayer, Version=1.0.0.0, Culture=neutral, PublicKeyToken=null]], System.Private.CoreLib, Version=8.0.0.0, Culture=neutral, PublicKeyToken=7cec85d7bea7798e]]'.
2024-05-16 09:47:51.5522|INFO|Microsoft.AspNetCore.Mvc.Infrastructure.ControllerActionInvoker|Executed action FundooNotes.Controllers.NoteController.DisplayArchivedNotes (Fundo Notes) in 1.1682ms
2024-05-16 09:47:51.5522|INFO|Microsoft.AspNetCore.Routing.EndpointMiddleware|Executed endpoint 'FundooNotes.Controllers.NoteController.DisplayArchivedNotes (Fundo Notes)'
2024-05-16 09:47:51.5522|INFO|Microsoft.AspNetCore.Hosting.Diagnostics|Request finished HTTP/2 GET https://localhost:7037/api/note/archived - 200 - application/json;+charset=utf-8 2.8957ms
2024-05-16 09:47:57.6010|INFO|Microsoft.AspNetCore.Hosting.Diagnostics|Request starting HTTP/2 GET https://localhost:7037/api/note - - -
2024-05-16 09:47:57.6010|INFO|Microsoft.AspNetCore.Routing.EndpointMiddleware|Executing endpoint 'FundooNotes.Controllers.NoteController.DisplayNote (Fundo Notes)'
2024-05-16 09:47:57.6010|INFO|Microsoft.AspNetCore.Mvc.Infrastructure.ControllerActionInvoker|Route matched with {action = "DisplayNote", controller = "Note"}. Executing controller action with signature System.Threading.Tasks.Task`1[Microsoft.AspNetCore.Mvc.IActionResult] DisplayNote() on controller FundooNotes.Controllers.NoteController (Fundo Notes).
2024-05-16 09:47:57.6269|INFO|FundooNotes.Controllers.NoteController|Active Note Fetched Successfully from DB
2024-05-16 09:47:57.6269|INFO|Microsoft.AspNetCore.Mvc.Infrastructure.ObjectResultExecutor|Executing OkObjectResult, writing value of type 'ModelLayer.ResponseModel.ResponseModel`1[[System.Collections.Generic.IEnumerable`1[[ModelLayer.Notes.NoteResponse, ModelLayer, Version=1.0.0.0, Culture=neutral, PublicKeyToken=null]], System.Private.CoreLib, Version=8.0.0.0, Culture=neutral, PublicKeyToken=7cec85d7bea7798e]]'.
2024-05-16 09:47:57.6275|INFO|Microsoft.AspNetCore.Mvc.Infrastructure.ControllerActionInvoker|Executed action FundooNotes.Controllers.NoteController.DisplayNote (Fundo Notes) in 24.587ms
2024-05-16 09:47:57.6275|INFO|Microsoft.AspNetCore.Routing.EndpointMiddleware|Executed endpoint 'FundooNotes.Controllers.NoteController.DisplayNote (Fundo Notes)'
2024-05-16 09:47:57.6275|INFO|Microsoft.AspNetCore.Hosting.Diagnostics|Request finished HTTP/2 GET https://localhost:7037/api/note - 200 - application/json;+charset=utf-8 26.8932ms
2024-05-16 09:48:56.9620|INFO|Microsoft.AspNetCore.Hosting.Diagnostics|Request starting HTTP/2 PUT https://localhost:7037/api/note/6 - application/json 183
2024-05-16 09:48:56.9620|INFO|Microsoft.AspNetCore.Routing.EndpointMiddleware|Executing endpoint 'FundooNotes.Controllers.NoteController.UpdateNote (Fundo Notes)'
2024-05-16 09:48:56.9620|INFO|Microsoft.AspNetCore.Mvc.Infrastructure.ControllerActionInvoker|Route matched with {action = "UpdateNote", controller = "Note"}. Executing controller action with signature System.Threading.Tasks.Task`1[Microsoft.AspNetCore.Mvc.IActionResult] UpdateNote(Int32, ModelLayer.Notes.CreateNoteRequest) on controller FundooNotes.Controllers.NoteController (Fundo Notes).
2024-05-16 09:48:56.9935|INFO|FundooNotes.Controllers.NoteController|Note updated successfully
2024-05-16 09:48:56.9935|INFO|Microsoft.AspNetCore.Mvc.Infrastructure.ObjectResultExecutor|Executing OkObjectResult, writing value of type 'ModelLayer.ResponseModel.ResponseModel`1[[ModelLayer.Notes.NoteResponse, ModelLayer, Version=1.0.0.0, Culture=neutral, PublicKeyToken=null]]'.
2024-05-16 09:48:56.9935|INFO|Microsoft.AspNetCore.Mvc.Infrastructure.ControllerActionInvoker|Executed action FundooNotes.Controllers.NoteController.UpdateNote (Fundo Notes) in 30.4854ms
2024-05-16 09:48:56.9935|INFO|Microsoft.AspNetCore.Routing.EndpointMiddleware|Executed endpoint 'FundooNotes.Controllers.NoteController.UpdateNote (Fundo Notes)'
2024-05-16 09:48:56.9935|INFO|Microsoft.AspNetCore.Hosting.Diagnostics|Request finished HTTP/2 PUT https://localhost:7037/api/note/6 - 200 - application/json;+charset=utf-8 32.5349ms
2024-05-16 09:54:43.3031|INFO|Microsoft.AspNetCore.Hosting.Diagnostics|Request starting HTTP/2 GET https://localhost:7037/api/note/trash - - -
2024-05-16 09:54:43.3031|INFO|Microsoft.AspNetCore.Routing.EndpointMiddleware|Executing endpoint 'FundooNotes.Controllers.NoteController.DisplayDeletedNotes (Fundo Notes)'
2024-05-16 09:54:43.3031|INFO|Microsoft.AspNetCore.Mvc.Infrastructure.ControllerActionInvoker|Route matched with {action = "DisplayDeletedNotes", controller = "Note"}. Executing controller action with signature System.Threading.Tasks.Task`1[Microsoft.AspNetCore.Mvc.IActionResult] DisplayDeletedNotes() on controller FundooNotes.Controllers.NoteController (Fundo Notes).
2024-05-16 09:54:43.3395|INFO|FundooNotes.Controllers.NoteController|Trashed Notes Fetched Successfully from DB
2024-05-16 09:54:43.3395|INFO|Microsoft.AspNetCore.Mvc.Infrastructure.ObjectResultExecutor|Executing OkObjectResult, writing value of type 'ModelLayer.ResponseModel.ResponseModel`1[[System.Collections.Generic.IEnumerable`1[[ModelLayer.Notes.NoteResponse, ModelLayer, Version=1.0.0.0, Culture=neutral, PublicKeyToken=null]], System.Private.CoreLib, Version=8.0.0.0, Culture=neutral, PublicKeyToken=7cec85d7bea7798e]]'.
2024-05-16 09:54:43.3395|INFO|Microsoft.AspNetCore.Mvc.Infrastructure.ControllerActionInvoker|Executed action FundooNotes.Controllers.NoteController.DisplayDeletedNotes (Fundo Notes) in 27.5047ms
2024-05-16 09:54:43.3395|INFO|Microsoft.AspNetCore.Routing.EndpointMiddleware|Executed endpoint 'FundooNotes.Controllers.NoteController.DisplayDeletedNotes (Fundo Notes)'
2024-05-16 09:54:43.3395|INFO|Microsoft.AspNetCore.Hosting.Diagnostics|Request finished HTTP/2 GET https://localhost:7037/api/note/trash - 200 - application/json;+charset=utf-8 37.4673ms
2024-05-16 09:55:02.8210|INFO|Microsoft.AspNetCore.Hosting.Diagnostics|Request starting HTTP/2 GET https://localhost:7037/api/note/archived - - -
2024-05-16 09:55:02.8210|INFO|Microsoft.AspNetCore.Routing.EndpointMiddleware|Executing endpoint 'FundooNotes.Controllers.NoteController.DisplayArchivedNotes (Fundo Notes)'
2024-05-16 09:55:02.8210|INFO|Microsoft.AspNetCore.Mvc.Infrastructure.ControllerActionInvoker|Route matched with {action = "DisplayArchivedNotes", controller = "Note"}. Executing controller action with signature System.Threading.Tasks.Task`1[Microsoft.AspNetCore.Mvc.IActionResult] DisplayArchivedNotes() on controller FundooNotes.Controllers.NoteController (Fundo Notes).
2024-05-16 09:55:02.8210|INFO|FundooNotes.Controllers.NoteController|Archived Notes Fetched Successfully from DB
2024-05-16 09:55:02.8210|INFO|Microsoft.AspNetCore.Mvc.Infrastructure.ObjectResultExecutor|Executing OkObjectResult, writing value of type 'ModelLayer.ResponseModel.ResponseModel`1[[System.Collections.Generic.IEnumerable`1[[ModelLayer.Notes.NoteResponse, ModelLayer, Version=1.0.0.0, Culture=neutral, PublicKeyToken=null]], System.Private.CoreLib, Version=8.0.0.0, Culture=neutral, PublicKeyToken=7cec85d7bea7798e]]'.
2024-05-16 09:55:02.8210|INFO|Microsoft.AspNetCore.Mvc.Infrastructure.ControllerActionInvoker|Executed action FundooNotes.Controllers.NoteController.DisplayArchivedNotes (Fundo Notes) in 2.1131ms
2024-05-16 09:55:02.8210|INFO|Microsoft.AspNetCore.Routing.EndpointMiddleware|Executed endpoint 'FundooNotes.Controllers.NoteController.DisplayArchivedNotes (Fundo Notes)'
2024-05-16 09:55:02.8210|INFO|Microsoft.AspNetCore.Hosting.Diagnostics|Request finished HTTP/2 GET https://localhost:7037/api/note/archived - 200 - application/json;+charset=utf-8 4.0245ms
2024-05-16 09:55:08.6111|INFO|Microsoft.AspNetCore.Hosting.Diagnostics|Request starting HTTP/2 GET https://localhost:7037/api/note/archived - - -
2024-05-16 09:55:08.6111|INFO|Microsoft.AspNetCore.Routing.EndpointMiddleware|Executing endpoint 'FundooNotes.Controllers.NoteController.DisplayArchivedNotes (Fundo Notes)'
2024-05-16 09:55:08.6111|INFO|Microsoft.AspNetCore.Mvc.Infrastructure.ControllerActionInvoker|Route matched with {action = "DisplayArchivedNotes", controller = "Note"}. Executing controller action with signature System.Threading.Tasks.Task`1[Microsoft.AspNetCore.Mvc.IActionResult] DisplayArchivedNotes() on controller FundooNotes.Controllers.NoteController (Fundo Notes).
2024-05-16 09:55:08.6111|INFO|FundooNotes.Controllers.NoteController|Archived Notes Fetched Successfully from cache
2024-05-16 09:55:08.6111|INFO|Microsoft.AspNetCore.Mvc.Infrastructure.ObjectResultExecutor|Executing OkObjectResult, writing value of type 'ModelLayer.ResponseModel.ResponseModel`1[[System.Collections.Generic.IEnumerable`1[[ModelLayer.Notes.NoteResponse, ModelLayer, Version=1.0.0.0, Culture=neutral, PublicKeyToken=null]], System.Private.CoreLib, Version=8.0.0.0, Culture=neutral, PublicKeyToken=7cec85d7bea7798e]]'.
2024-05-16 09:55:08.6111|INFO|Microsoft.AspNetCore.Mvc.Infrastructure.ControllerActionInvoker|Executed action FundooNotes.Controllers.NoteController.DisplayArchivedNotes (Fundo Notes) in 1.7302ms
2024-05-16 09:55:08.6111|INFO|Microsoft.AspNetCore.Routing.EndpointMiddleware|Executed endpoint 'FundooNotes.Controllers.NoteController.DisplayArchivedNotes (Fundo Notes)'
2024-05-16 09:55:08.6111|INFO|Microsoft.AspNetCore.Hosting.Diagnostics|Request finished HTTP/2 GET https://localhost:7037/api/note/archived - 200 - application/json;+charset=utf-8 4.2537ms
2024-05-16 09:55:09.3981|INFO|Microsoft.AspNetCore.Hosting.Diagnostics|Request starting HTTP/2 GET https://localhost:7037/api/note/archived - - -
2024-05-16 09:55:09.3981|INFO|Microsoft.AspNetCore.Routing.EndpointMiddleware|Executing endpoint 'FundooNotes.Controllers.NoteController.DisplayArchivedNotes (Fundo Notes)'
2024-05-16 09:55:09.3981|INFO|Microsoft.AspNetCore.Mvc.Infrastructure.ControllerActionInvoker|Route matched with {action = "DisplayArchivedNotes", controller = "Note"}. Executing controller action with signature System.Threading.Tasks.Task`1[Microsoft.AspNetCore.Mvc.IActionResult] DisplayArchivedNotes() on controller FundooNotes.Controllers.NoteController (Fundo Notes).
2024-05-16 09:55:09.3981|INFO|FundooNotes.Controllers.NoteController|Archived Notes Fetched Successfully from cache
2024-05-16 09:55:09.3981|INFO|Microsoft.AspNetCore.Mvc.Infrastructure.ObjectResultExecutor|Executing OkObjectResult, writing value of type 'ModelLayer.ResponseModel.ResponseModel`1[[System.Collections.Generic.IEnumerable`1[[ModelLayer.Notes.NoteResponse, ModelLayer, Version=1.0.0.0, Culture=neutral, PublicKeyToken=null]], System.Private.CoreLib, Version=8.0.0.0, Culture=neutral, PublicKeyToken=7cec85d7bea7798e]]'.
2024-05-16 09:55:09.3981|INFO|Microsoft.AspNetCore.Mvc.Infrastructure.ControllerActionInvoker|Executed action FundooNotes.Controllers.NoteController.DisplayArchivedNotes (Fundo Notes) in 0.7045ms
2024-05-16 09:55:09.3981|INFO|Microsoft.AspNetCore.Routing.EndpointMiddleware|Executed endpoint 'FundooNotes.Controllers.NoteController.DisplayArchivedNotes (Fundo Notes)'
2024-05-16 09:55:09.3981|INFO|Microsoft.AspNetCore.Hosting.Diagnostics|Request finished HTTP/2 GET https://localhost:7037/api/note/archived - 200 - application/json;+charset=utf-8 2.9297ms
2024-05-16 09:55:22.6513|INFO|Microsoft.AspNetCore.Hosting.Diagnostics|Request starting HTTP/2 GET https://localhost:7037/api/note/archived - - -
2024-05-16 09:55:22.6513|INFO|Microsoft.AspNetCore.Routing.EndpointMiddleware|Executing endpoint 'FundooNotes.Controllers.NoteController.DisplayArchivedNotes (Fundo Notes)'
2024-05-16 09:55:22.6513|INFO|Microsoft.AspNetCore.Mvc.Infrastructure.ControllerActionInvoker|Route matched with {action = "DisplayArchivedNotes", controller = "Note"}. Executing controller action with signature System.Threading.Tasks.Task`1[Microsoft.AspNetCore.Mvc.IActionResult] DisplayArchivedNotes() on controller FundooNotes.Controllers.NoteController (Fundo Notes).
2024-05-16 09:55:22.6513|INFO|FundooNotes.Controllers.NoteController|Archived Notes Fetched Successfully from cache
2024-05-16 09:55:22.6513|INFO|Microsoft.AspNetCore.Mvc.Infrastructure.ObjectResultExecutor|Executing OkObjectResult, writing value of type 'ModelLayer.ResponseModel.ResponseModel`1[[System.Collections.Generic.IEnumerable`1[[ModelLayer.Notes.NoteResponse, ModelLayer, Version=1.0.0.0, Culture=neutral, PublicKeyToken=null]], System.Private.CoreLib, Version=8.0.0.0, Culture=neutral, PublicKeyToken=7cec85d7bea7798e]]'.
2024-05-16 09:55:22.6513|INFO|Microsoft.AspNetCore.Mvc.Infrastructure.ControllerActionInvoker|Executed action FundooNotes.Controllers.NoteController.DisplayArchivedNotes (Fundo Notes) in 1.0097ms
2024-05-16 09:55:22.6513|INFO|Microsoft.AspNetCore.Routing.EndpointMiddleware|Executed endpoint 'FundooNotes.Controllers.NoteController.DisplayArchivedNotes (Fundo Notes)'
2024-05-16 09:55:22.6513|INFO|Microsoft.AspNetCore.Hosting.Diagnostics|Request finished HTTP/2 GET https://localhost:7037/api/note/archived - 200 - application/json;+charset=utf-8 2.7430ms
2024-05-16 09:55:25.1625|INFO|Microsoft.AspNetCore.Hosting.Diagnostics|Request starting HTTP/2 GET https://localhost:7037/api/note/trash - - -
2024-05-16 09:55:25.1625|INFO|Microsoft.AspNetCore.Routing.EndpointMiddleware|Executing endpoint 'FundooNotes.Controllers.NoteController.DisplayDeletedNotes (Fundo Notes)'
2024-05-16 09:55:25.1625|INFO|Microsoft.AspNetCore.Mvc.Infrastructure.ControllerActionInvoker|Route matched with {action = "DisplayDeletedNotes", controller = "Note"}. Executing controller action with signature System.Threading.Tasks.Task`1[Microsoft.AspNetCore.Mvc.IActionResult] DisplayDeletedNotes() on controller FundooNotes.Controllers.NoteController (Fundo Notes).
2024-05-16 09:55:25.1625|INFO|FundooNotes.Controllers.NoteController|Trashed Notes Fetched Successfully from cache
2024-05-16 09:55:25.1625|INFO|Microsoft.AspNetCore.Mvc.Infrastructure.ObjectResultExecutor|Executing OkObjectResult, writing value of type 'ModelLayer.ResponseModel.ResponseModel`1[[System.Collections.Generic.IEnumerable`1[[ModelLayer.Notes.NoteResponse, ModelLayer, Version=1.0.0.0, Culture=neutral, PublicKeyToken=null]], System.Private.CoreLib, Version=8.0.0.0, Culture=neutral, PublicKeyToken=7cec85d7bea7798e]]'.
2024-05-16 09:55:25.1625|INFO|Microsoft.AspNetCore.Mvc.Infrastructure.ControllerActionInvoker|Executed action FundooNotes.Controllers.NoteController.DisplayDeletedNotes (Fundo Notes) in 0.9872ms
2024-05-16 09:55:25.1625|INFO|Microsoft.AspNetCore.Routing.EndpointMiddleware|Executed endpoint 'FundooNotes.Controllers.NoteController.DisplayDeletedNotes (Fundo Notes)'
2024-05-16 09:55:25.1625|INFO|Microsoft.AspNetCore.Hosting.Diagnostics|Request finished HTTP/2 GET https://localhost:7037/api/note/trash - 200 - application/json;+charset=utf-8 3.8068ms
2024-05-16 09:55:39.8754|INFO|Microsoft.AspNetCore.Hosting.Diagnostics|Request starting HTTP/2 GET https://localhost:7037/api/note/archived - - -
2024-05-16 09:55:39.8754|INFO|Microsoft.AspNetCore.Routing.EndpointMiddleware|Executing endpoint 'FundooNotes.Controllers.NoteController.DisplayArchivedNotes (Fundo Notes)'
2024-05-16 09:55:39.8754|INFO|Microsoft.AspNetCore.Mvc.Infrastructure.ControllerActionInvoker|Route matched with {action = "DisplayArchivedNotes", controller = "Note"}. Executing controller action with signature System.Threading.Tasks.Task`1[Microsoft.AspNetCore.Mvc.IActionResult] DisplayArchivedNotes() on controller FundooNotes.Controllers.NoteController (Fundo Notes).
2024-05-16 09:55:39.8754|INFO|FundooNotes.Controllers.NoteController|Archived Notes Fetched Successfully from cache
2024-05-16 09:55:39.8754|INFO|Microsoft.AspNetCore.Mvc.Infrastructure.ObjectResultExecutor|Executing OkObjectResult, writing value of type 'ModelLayer.ResponseModel.ResponseModel`1[[System.Collections.Generic.IEnumerable`1[[ModelLayer.Notes.NoteResponse, ModelLayer, Version=1.0.0.0, Culture=neutral, PublicKeyToken=null]], System.Private.CoreLib, Version=8.0.0.0, Culture=neutral, PublicKeyToken=7cec85d7bea7798e]]'.
2024-05-16 09:55:39.8754|INFO|Microsoft.AspNetCore.Mvc.Infrastructure.ControllerActionInvoker|Executed action FundooNotes.Controllers.NoteController.DisplayArchivedNotes (Fundo Notes) in 0.7534ms
2024-05-16 09:55:39.8754|INFO|Microsoft.AspNetCore.Routing.EndpointMiddleware|Executed endpoint 'FundooNotes.Controllers.NoteController.DisplayArchivedNotes (Fundo Notes)'
2024-05-16 09:55:39.8754|INFO|Microsoft.AspNetCore.Hosting.Diagnostics|Request finished HTTP/2 GET https://localhost:7037/api/note/archived - 200 - application/json;+charset=utf-8 2.8575ms
2024-05-16 09:55:40.7989|INFO|Microsoft.AspNetCore.Hosting.Diagnostics|Request starting HTTP/2 GET https://localhost:7037/api/note/archived - - -
2024-05-16 09:55:40.7989|INFO|Microsoft.AspNetCore.Routing.EndpointMiddleware|Executing endpoint 'FundooNotes.Controllers.NoteController.DisplayArchivedNotes (Fundo Notes)'
2024-05-16 09:55:40.7989|INFO|Microsoft.AspNetCore.Mvc.Infrastructure.ControllerActionInvoker|Route matched with {action = "DisplayArchivedNotes", controller = "Note"}. Executing controller action with signature System.Threading.Tasks.Task`1[Microsoft.AspNetCore.Mvc.IActionResult] DisplayArchivedNotes() on controller FundooNotes.Controllers.NoteController (Fundo Notes).
2024-05-16 09:55:40.7989|INFO|FundooNotes.Controllers.NoteController|Archived Notes Fetched Successfully from cache
2024-05-16 09:55:40.7989|INFO|Microsoft.AspNetCore.Mvc.Infrastructure.ObjectResultExecutor|Executing OkObjectResult, writing value of type 'ModelLayer.ResponseModel.ResponseModel`1[[System.Collections.Generic.IEnumerable`1[[ModelLayer.Notes.NoteResponse, ModelLayer, Version=1.0.0.0, Culture=neutral, PublicKeyToken=null]], System.Private.CoreLib, Version=8.0.0.0, Culture=neutral, PublicKeyToken=7cec85d7bea7798e]]'.
2024-05-16 09:55:40.7989|INFO|Microsoft.AspNetCore.Mvc.Infrastructure.ControllerActionInvoker|Executed action FundooNotes.Controllers.NoteController.DisplayArchivedNotes (Fundo Notes) in 1.3525ms
2024-05-16 09:55:40.7989|INFO|Microsoft.AspNetCore.Routing.EndpointMiddleware|Executed endpoint 'FundooNotes.Controllers.NoteController.DisplayArchivedNotes (Fundo Notes)'
2024-05-16 09:55:40.7989|INFO|Microsoft.AspNetCore.Hosting.Diagnostics|Request finished HTTP/2 GET https://localhost:7037/api/note/archived - 200 - application/json;+charset=utf-8 2.9392ms
2024-05-16 09:56:04.0594|INFO|Microsoft.AspNetCore.Hosting.Diagnostics|Request starting HTTP/2 PUT https://localhost:7037/api/note/6 - application/json 183
2024-05-16 09:56:04.0614|INFO|Microsoft.AspNetCore.Routing.EndpointMiddleware|Executing endpoint 'FundooNotes.Controllers.NoteController.UpdateNote (Fundo Notes)'
2024-05-16 09:56:04.0614|INFO|Microsoft.AspNetCore.Mvc.Infrastructure.ControllerActionInvoker|Route matched with {action = "UpdateNote", controller = "Note"}. Executing controller action with signature System.Threading.Tasks.Task`1[Microsoft.AspNetCore.Mvc.IActionResult] UpdateNote(Int32, ModelLayer.Notes.CreateNoteRequest) on controller FundooNotes.Controllers.NoteController (Fundo Notes).
2024-05-16 09:56:04.0614|INFO|FundooNotes.Controllers.NoteController|Note updated successfully
2024-05-16 09:56:04.0614|INFO|Microsoft.AspNetCore.Mvc.Infrastructure.ObjectResultExecutor|Executing OkObjectResult, writing value of type 'ModelLayer.ResponseModel.ResponseModel`1[[ModelLayer.Notes.NoteResponse, ModelLayer, Version=1.0.0.0, Culture=neutral, PublicKeyToken=null]]'.
2024-05-16 09:56:04.0614|INFO|Microsoft.AspNetCore.Mvc.Infrastructure.ControllerActionInvoker|Executed action FundooNotes.Controllers.NoteController.UpdateNote (Fundo Notes) in 21.7377ms
2024-05-16 09:56:04.0614|INFO|Microsoft.AspNetCore.Routing.EndpointMiddleware|Executed endpoint 'FundooNotes.Controllers.NoteController.UpdateNote (Fundo Notes)'
2024-05-16 09:56:04.0851|INFO|Microsoft.AspNetCore.Hosting.Diagnostics|Request finished HTTP/2 PUT https://localhost:7037/api/note/6 - 200 - application/json;+charset=utf-8 25.6016ms
2024-05-16 09:56:24.2207|INFO|Microsoft.AspNetCore.Hosting.Diagnostics|Request starting HTTP/2 GET https://localhost:7037/api/note/trash - - -
2024-05-16 09:56:24.2207|INFO|Microsoft.AspNetCore.Routing.EndpointMiddleware|Executing endpoint 'FundooNotes.Controllers.NoteController.DisplayDeletedNotes (Fundo Notes)'
2024-05-16 09:56:24.2207|INFO|Microsoft.AspNetCore.Mvc.Infrastructure.ControllerActionInvoker|Route matched with {action = "DisplayDeletedNotes", controller = "Note"}. Executing controller action with signature System.Threading.Tasks.Task`1[Microsoft.AspNetCore.Mvc.IActionResult] DisplayDeletedNotes() on controller FundooNotes.Controllers.NoteController (Fundo Notes).
2024-05-16 09:56:24.2207|INFO|FundooNotes.Controllers.NoteController|Trashed Notes Fetched Successfully from DB
2024-05-16 09:56:24.2207|INFO|Microsoft.AspNetCore.Mvc.Infrastructure.ObjectResultExecutor|Executing OkObjectResult, writing value of type 'ModelLayer.ResponseModel.ResponseModel`1[[System.Collections.Generic.IEnumerable`1[[ModelLayer.Notes.NoteResponse, ModelLayer, Version=1.0.0.0, Culture=neutral, PublicKeyToken=null]], System.Private.CoreLib, Version=8.0.0.0, Culture=neutral, PublicKeyToken=7cec85d7bea7798e]]'.
2024-05-16 09:56:24.2207|INFO|Microsoft.AspNetCore.Mvc.Infrastructure.ControllerActionInvoker|Executed action FundooNotes.Controllers.NoteController.DisplayDeletedNotes (Fundo Notes) in 1.1347ms
2024-05-16 09:56:24.2207|INFO|Microsoft.AspNetCore.Routing.EndpointMiddleware|Executed endpoint 'FundooNotes.Controllers.NoteController.DisplayDeletedNotes (Fundo Notes)'
2024-05-16 09:56:24.2207|INFO|Microsoft.AspNetCore.Hosting.Diagnostics|Request finished HTTP/2 GET https://localhost:7037/api/note/trash - 200 - application/json;+charset=utf-8 2.7943ms
2024-05-16 09:56:47.0265|INFO|Microsoft.AspNetCore.Hosting.Diagnostics|Request starting HTTP/2 GET https://localhost:7037/api/note/archived - - -
2024-05-16 09:56:47.0265|INFO|Microsoft.AspNetCore.Routing.EndpointMiddleware|Executing endpoint 'FundooNotes.Controllers.NoteController.DisplayArchivedNotes (Fundo Notes)'
2024-05-16 09:56:47.0290|INFO|Microsoft.AspNetCore.Mvc.Infrastructure.ControllerActionInvoker|Route matched with {action = "DisplayArchivedNotes", controller = "Note"}. Executing controller action with signature System.Threading.Tasks.Task`1[Microsoft.AspNetCore.Mvc.IActionResult] DisplayArchivedNotes() on controller FundooNotes.Controllers.NoteController (Fundo Notes).
2024-05-16 09:56:47.0290|INFO|FundooNotes.Controllers.NoteController|Archived Notes Fetched Successfully from DB
2024-05-16 09:56:47.0290|INFO|Microsoft.AspNetCore.Mvc.Infrastructure.ObjectResultExecutor|Executing OkObjectResult, writing value of type 'ModelLayer.ResponseModel.ResponseModel`1[[System.Collections.Generic.IEnumerable`1[[ModelLayer.Notes.NoteResponse, ModelLayer, Version=1.0.0.0, Culture=neutral, PublicKeyToken=null]], System.Private.CoreLib, Version=8.0.0.0, Culture=neutral, PublicKeyToken=7cec85d7bea7798e]]'.
2024-05-16 09:56:47.0290|INFO|Microsoft.AspNetCore.Mvc.Infrastructure.ControllerActionInvoker|Executed action FundooNotes.Controllers.NoteController.DisplayArchivedNotes (Fundo Notes) in 1.1441ms
2024-05-16 09:56:47.0290|INFO|Microsoft.AspNetCore.Routing.EndpointMiddleware|Executed endpoint 'FundooNotes.Controllers.NoteController.DisplayArchivedNotes (Fundo Notes)'
2024-05-16 09:56:47.0290|INFO|Microsoft.AspNetCore.Hosting.Diagnostics|Request finished HTTP/2 GET https://localhost:7037/api/note/archived - 200 - application/json;+charset=utf-8 4.5434ms
2024-05-16 09:56:52.3606|INFO|Microsoft.AspNetCore.Hosting.Diagnostics|Request starting HTTP/2 GET https://localhost:7037/api/note/archived - - -
2024-05-16 09:56:52.3606|INFO|Microsoft.AspNetCore.Routing.EndpointMiddleware|Executing endpoint 'FundooNotes.Controllers.NoteController.DisplayArchivedNotes (Fundo Notes)'
2024-05-16 09:56:52.3606|INFO|Microsoft.AspNetCore.Mvc.Infrastructure.ControllerActionInvoker|Route matched with {action = "DisplayArchivedNotes", controller = "Note"}. Executing controller action with signature System.Threading.Tasks.Task`1[Microsoft.AspNetCore.Mvc.IActionResult] DisplayArchivedNotes() on controller FundooNotes.Controllers.NoteController (Fundo Notes).
2024-05-16 09:56:52.3606|INFO|FundooNotes.Controllers.NoteController|Archived Notes Fetched Successfully from cache
2024-05-16 09:56:52.3606|INFO|Microsoft.AspNetCore.Mvc.Infrastructure.ObjectResultExecutor|Executing OkObjectResult, writing value of type 'ModelLayer.ResponseModel.ResponseModel`1[[System.Collections.Generic.IEnumerable`1[[ModelLayer.Notes.NoteResponse, ModelLayer, Version=1.0.0.0, Culture=neutral, PublicKeyToken=null]], System.Private.CoreLib, Version=8.0.0.0, Culture=neutral, PublicKeyToken=7cec85d7bea7798e]]'.
2024-05-16 09:56:52.3606|INFO|Microsoft.AspNetCore.Mvc.Infrastructure.ControllerActionInvoker|Executed action FundooNotes.Controllers.NoteController.DisplayArchivedNotes (Fundo Notes) in 0.643ms
2024-05-16 09:56:52.3606|INFO|Microsoft.AspNetCore.Routing.EndpointMiddleware|Executed endpoint 'FundooNotes.Controllers.NoteController.DisplayArchivedNotes (Fundo Notes)'
2024-05-16 09:56:52.3606|INFO|Microsoft.AspNetCore.Hosting.Diagnostics|Request finished HTTP/2 GET https://localhost:7037/api/note/archived - 200 - application/json;+charset=utf-8 2.2254ms
2024-05-16 10:01:54.5391|INFO|Microsoft.AspNetCore.DataProtection.KeyManagement.XmlKeyManager|User profile is available. Using 'C:\Users\Thanay\AppData\Local\ASP.NET\DataProtection-Keys' as key repository and Windows DPAPI to encrypt keys at rest.
2024-05-16 10:01:54.6720|WARN|Microsoft.AspNetCore.Server.Kestrel.Core.KestrelServer|The ASP.NET Core developer certificate is not trusted. For information about trusting the ASP.NET Core developer certificate, see https://aka.ms/aspnet/https-trust-dev-cert.
2024-05-16 10:01:54.7144|INFO|Microsoft.Hosting.Lifetime|Now listening on: https://localhost:7037
2024-05-16 10:01:54.7144|INFO|Microsoft.Hosting.Lifetime|Now listening on: http://localhost:5142
2024-05-16 10:01:54.7168|INFO|Microsoft.Hosting.Lifetime|Application started. Press Ctrl+C to shut down.
2024-05-16 10:01:54.7168|INFO|Microsoft.Hosting.Lifetime|Hosting environment: Development
2024-05-16 10:01:54.7168|INFO|Microsoft.Hosting.Lifetime|Content root path: C:\Users\Thanay\source\repos\FundoNotesWebApi\Fundo Notes
2024-05-16 10:01:54.9875|INFO|Microsoft.AspNetCore.Hosting.Diagnostics|Request starting HTTP/2 GET https://localhost:7037/swagger - - -
2024-05-16 10:01:55.1476|INFO|Microsoft.AspNetCore.Hosting.Diagnostics|Request finished HTTP/2 GET https://localhost:7037/swagger - 301 0 - 159.9813ms
2024-05-16 10:01:55.1476|INFO|Microsoft.AspNetCore.Hosting.Diagnostics|Request starting HTTP/2 GET https://localhost:7037/swagger/index.html - - -
2024-05-16 10:01:55.2510|INFO|Microsoft.AspNetCore.Hosting.Diagnostics|Request finished HTTP/2 GET https://localhost:7037/swagger/index.html - 200 - text/html;charset=utf-8 98.9209ms
2024-05-16 10:01:55.2510|INFO|Microsoft.AspNetCore.Hosting.Diagnostics|Request starting HTTP/2 GET https://localhost:7037/swagger/swagger-ui.css - - -
2024-05-16 10:01:55.2510|INFO|Microsoft.AspNetCore.Hosting.Diagnostics|Request starting HTTP/2 GET https://localhost:7037/swagger/swagger-ui-standalone-preset.js - - -
2024-05-16 10:01:55.2510|INFO|Microsoft.AspNetCore.Hosting.Diagnostics|Request starting HTTP/2 GET https://localhost:7037/swagger/swagger-ui-bundle.js - - -
2024-05-16 10:01:55.2510|INFO|Microsoft.AspNetCore.Hosting.Diagnostics|Request starting HTTP/2 GET https://localhost:7037/_vs/browserLink - - -
2024-05-16 10:01:55.2510|INFO|Microsoft.AspNetCore.Hosting.Diagnostics|Request starting HTTP/2 GET https://localhost:7037/_framework/aspnetcore-browser-refresh.js - - -
2024-05-16 10:01:55.2510|INFO|Microsoft.AspNetCore.Hosting.Diagnostics|Request finished HTTP/2 GET https://localhost:7037/_framework/aspnetcore-browser-refresh.js - 200 13758 application/javascript;+charset=utf-8 4.3718ms
2024-05-16 10:01:55.2789|INFO|Microsoft.AspNetCore.StaticFiles.StaticFileMiddleware|Sending file. Request path: '/swagger-ui-standalone-preset.js'. Physical path: 'N/A'
2024-05-16 10:01:55.2789|INFO|Microsoft.AspNetCore.StaticFiles.StaticFileMiddleware|Sending file. Request path: '/swagger-ui.css'. Physical path: 'N/A'
2024-05-16 10:01:55.2841|INFO|Microsoft.AspNetCore.Hosting.Diagnostics|Request finished HTTP/2 GET https://localhost:7037/swagger/swagger-ui-standalone-preset.js - 200 339486 text/javascript 31.6663ms
2024-05-16 10:01:55.2841|INFO|Microsoft.AspNetCore.Hosting.Diagnostics|Request finished HTTP/2 GET https://localhost:7037/swagger/swagger-ui.css - 200 143943 text/css 31.8801ms
2024-05-16 10:01:55.2841|INFO|Microsoft.AspNetCore.StaticFiles.StaticFileMiddleware|Sending file. Request path: '/swagger-ui-bundle.js'. Physical path: 'N/A'
2024-05-16 10:01:55.2841|INFO|Microsoft.AspNetCore.Hosting.Diagnostics|Request finished HTTP/2 GET https://localhost:7037/swagger/swagger-ui-bundle.js - 200 1096145 text/javascript 35.8301ms
2024-05-16 10:01:55.3068|INFO|Microsoft.AspNetCore.Hosting.Diagnostics|Request finished HTTP/2 GET https://localhost:7037/_vs/browserLink - 200 - text/javascript;+charset=UTF-8 52.5967ms
2024-05-16 10:01:55.5403|INFO|Microsoft.AspNetCore.Hosting.Diagnostics|Request starting HTTP/2 GET https://localhost:7037/swagger/v1/swagger.json - - -
2024-05-16 10:01:55.6713|INFO|Microsoft.AspNetCore.Hosting.Diagnostics|Request finished HTTP/2 GET https://localhost:7037/swagger/v1/swagger.json - 200 - application/json;charset=utf-8 130.9544ms
2024-05-16 10:04:47.8299|INFO|Microsoft.AspNetCore.Hosting.Diagnostics|Request starting HTTP/2 GET https://localhost:7037/api/note - - -
2024-05-16 10:04:47.8943|INFO|Microsoft.AspNetCore.Routing.EndpointMiddleware|Executing endpoint 'FundooNotes.Controllers.NoteController.DisplayNote (Fundo Notes)'
2024-05-16 10:04:47.9114|INFO|Microsoft.AspNetCore.Mvc.Infrastructure.ControllerActionInvoker|Route matched with {action = "DisplayNote", controller = "Note"}. Executing controller action with signature System.Threading.Tasks.Task`1[Microsoft.AspNetCore.Mvc.IActionResult] DisplayNote() on controller FundooNotes.Controllers.NoteController (Fundo Notes).
2024-05-16 10:04:48.3100|INFO|FundooNotes.Controllers.NoteController|Active Note Fetched Successfully from DB
2024-05-16 10:04:48.3100|INFO|Microsoft.AspNetCore.Mvc.Infrastructure.ObjectResultExecutor|Executing OkObjectResult, writing value of type 'ModelLayer.ResponseModel.ResponseModel`1[[System.Collections.Generic.IEnumerable`1[[ModelLayer.Notes.NoteResponse, ModelLayer, Version=1.0.0.0, Culture=neutral, PublicKeyToken=null]], System.Private.CoreLib, Version=8.0.0.0, Culture=neutral, PublicKeyToken=7cec85d7bea7798e]]'.
2024-05-16 10:04:48.3344|INFO|Microsoft.AspNetCore.Mvc.Infrastructure.ControllerActionInvoker|Executed action FundooNotes.Controllers.NoteController.DisplayNote (Fundo Notes) in 413.0062ms
2024-05-16 10:04:48.3344|INFO|Microsoft.AspNetCore.Routing.EndpointMiddleware|Executed endpoint 'FundooNotes.Controllers.NoteController.DisplayNote (Fundo Notes)'
2024-05-16 10:04:48.3360|INFO|Microsoft.AspNetCore.Hosting.Diagnostics|Request finished HTTP/2 GET https://localhost:7037/api/note - 200 - application/json;+charset=utf-8 506.0449ms
2024-05-16 10:05:56.4694|INFO|Microsoft.AspNetCore.Hosting.Diagnostics|Request starting HTTP/2 PUT https://localhost:7037/api/note/4 - application/json 180
2024-05-16 10:05:56.4781|INFO|Microsoft.AspNetCore.Routing.EndpointMiddleware|Executing endpoint 'FundooNotes.Controllers.NoteController.UpdateNote (Fundo Notes)'
2024-05-16 10:05:56.4781|INFO|Microsoft.AspNetCore.Mvc.Infrastructure.ControllerActionInvoker|Route matched with {action = "UpdateNote", controller = "Note"}. Executing controller action with signature System.Threading.Tasks.Task`1[Microsoft.AspNetCore.Mvc.IActionResult] UpdateNote(Int32, ModelLayer.Notes.CreateNoteRequest) on controller FundooNotes.Controllers.NoteController (Fundo Notes).
2024-05-16 10:05:56.5176|INFO|Microsoft.AspNetCore.Mvc.Infrastructure.ObjectResultExecutor|Executing BadRequestObjectResult, writing value of type 'Microsoft.AspNetCore.Mvc.ValidationProblemDetails'.
2024-05-16 10:05:56.5347|INFO|Microsoft.AspNetCore.Mvc.Infrastructure.ControllerActionInvoker|Executed action FundooNotes.Controllers.NoteController.UpdateNote (Fundo Notes) in 47.5059ms
2024-05-16 10:05:56.5347|INFO|Microsoft.AspNetCore.Routing.EndpointMiddleware|Executed endpoint 'FundooNotes.Controllers.NoteController.UpdateNote (Fundo Notes)'
2024-05-16 10:05:56.5347|INFO|Microsoft.AspNetCore.Hosting.Diagnostics|Request finished HTTP/2 PUT https://localhost:7037/api/note/4 - 400 - application/problem+json;+charset=utf-8 65.8293ms
2024-05-16 10:06:25.9053|INFO|Microsoft.AspNetCore.Hosting.Diagnostics|Request starting HTTP/2 PUT https://localhost:7037/api/note/4 - application/json 178
2024-05-16 10:06:25.9139|INFO|Microsoft.AspNetCore.Routing.EndpointMiddleware|Executing endpoint 'FundooNotes.Controllers.NoteController.UpdateNote (Fundo Notes)'
2024-05-16 10:06:25.9139|INFO|Microsoft.AspNetCore.Mvc.Infrastructure.ControllerActionInvoker|Route matched with {action = "UpdateNote", controller = "Note"}. Executing controller action with signature System.Threading.Tasks.Task`1[Microsoft.AspNetCore.Mvc.IActionResult] UpdateNote(Int32, ModelLayer.Notes.CreateNoteRequest) on controller FundooNotes.Controllers.NoteController (Fundo Notes).
2024-05-16 10:06:25.9977|INFO|FundooNotes.Controllers.NoteController|Note updated successfully
2024-05-16 10:06:25.9977|INFO|Microsoft.AspNetCore.Mvc.Infrastructure.ObjectResultExecutor|Executing OkObjectResult, writing value of type 'ModelLayer.ResponseModel.ResponseModel`1[[ModelLayer.Notes.NoteResponse, ModelLayer, Version=1.0.0.0, Culture=neutral, PublicKeyToken=null]]'.
2024-05-16 10:06:25.9977|INFO|Microsoft.AspNetCore.Mvc.Infrastructure.ControllerActionInvoker|Executed action FundooNotes.Controllers.NoteController.UpdateNote (Fundo Notes) in 86.586ms
2024-05-16 10:06:25.9977|INFO|Microsoft.AspNetCore.Routing.EndpointMiddleware|Executed endpoint 'FundooNotes.Controllers.NoteController.UpdateNote (Fundo Notes)'
2024-05-16 10:06:25.9977|INFO|Microsoft.AspNetCore.Hosting.Diagnostics|Request finished HTTP/2 PUT https://localhost:7037/api/note/4 - 200 - application/json;+charset=utf-8 98.2810ms
2024-05-16 10:06:33.5137|INFO|Microsoft.AspNetCore.Hosting.Diagnostics|Request starting HTTP/2 GET https://localhost:7037/api/note - - -
2024-05-16 10:06:33.5137|INFO|Microsoft.AspNetCore.Routing.EndpointMiddleware|Executing endpoint 'FundooNotes.Controllers.NoteController.DisplayNote (Fundo Notes)'
2024-05-16 10:06:33.5137|INFO|Microsoft.AspNetCore.Mvc.Infrastructure.ControllerActionInvoker|Route matched with {action = "DisplayNote", controller = "Note"}. Executing controller action with signature System.Threading.Tasks.Task`1[Microsoft.AspNetCore.Mvc.IActionResult] DisplayNote() on controller FundooNotes.Controllers.NoteController (Fundo Notes).
2024-05-16 10:06:33.5427|INFO|FundooNotes.Controllers.NoteController|Active Note Fetched Successfully from DB
2024-05-16 10:06:33.5427|INFO|Microsoft.AspNetCore.Mvc.Infrastructure.ObjectResultExecutor|Executing OkObjectResult, writing value of type 'ModelLayer.ResponseModel.ResponseModel`1[[System.Collections.Generic.IEnumerable`1[[ModelLayer.Notes.NoteResponse, ModelLayer, Version=1.0.0.0, Culture=neutral, PublicKeyToken=null]], System.Private.CoreLib, Version=8.0.0.0, Culture=neutral, PublicKeyToken=7cec85d7bea7798e]]'.
2024-05-16 10:06:33.5427|INFO|Microsoft.AspNetCore.Mvc.Infrastructure.ControllerActionInvoker|Executed action FundooNotes.Controllers.NoteController.DisplayNote (Fundo Notes) in 27.162ms
2024-05-16 10:06:33.5427|INFO|Microsoft.AspNetCore.Routing.EndpointMiddleware|Executed endpoint 'FundooNotes.Controllers.NoteController.DisplayNote (Fundo Notes)'
2024-05-16 10:06:33.5427|INFO|Microsoft.AspNetCore.Hosting.Diagnostics|Request finished HTTP/2 GET https://localhost:7037/api/note - 200 - application/json;+charset=utf-8 30.2167ms
2024-05-16 10:06:40.9924|INFO|Microsoft.AspNetCore.Hosting.Diagnostics|Request starting HTTP/2 GET https://localhost:7037/api/note - - -
2024-05-16 10:06:40.9924|INFO|Microsoft.AspNetCore.Routing.EndpointMiddleware|Executing endpoint 'FundooNotes.Controllers.NoteController.DisplayNote (Fundo Notes)'
2024-05-16 10:06:40.9924|INFO|Microsoft.AspNetCore.Mvc.Infrastructure.ControllerActionInvoker|Route matched with {action = "DisplayNote", controller = "Note"}. Executing controller action with signature System.Threading.Tasks.Task`1[Microsoft.AspNetCore.Mvc.IActionResult] DisplayNote() on controller FundooNotes.Controllers.NoteController (Fundo Notes).
2024-05-16 10:06:41.0341|INFO|FundooNotes.Controllers.NoteController|Active Note Fetched Successfully from cache
2024-05-16 10:06:41.0341|INFO|Microsoft.AspNetCore.Mvc.Infrastructure.ObjectResultExecutor|Executing OkObjectResult, writing value of type 'ModelLayer.ResponseModel.ResponseModel`1[[System.Collections.Generic.IEnumerable`1[[ModelLayer.Notes.NoteResponse, ModelLayer, Version=1.0.0.0, Culture=neutral, PublicKeyToken=null]], System.Private.CoreLib, Version=8.0.0.0, Culture=neutral, PublicKeyToken=7cec85d7bea7798e]]'.
2024-05-16 10:06:41.0341|INFO|Microsoft.AspNetCore.Mvc.Infrastructure.ControllerActionInvoker|Executed action FundooNotes.Controllers.NoteController.DisplayNote (Fundo Notes) in 40.219ms
2024-05-16 10:06:41.0341|INFO|Microsoft.AspNetCore.Routing.EndpointMiddleware|Executed endpoint 'FundooNotes.Controllers.NoteController.DisplayNote (Fundo Notes)'
2024-05-16 10:06:41.0341|INFO|Microsoft.AspNetCore.Hosting.Diagnostics|Request finished HTTP/2 GET https://localhost:7037/api/note - 200 - application/json;+charset=utf-8 43.3918ms
2024-05-16 10:06:48.5512|INFO|Microsoft.AspNetCore.Hosting.Diagnostics|Request starting HTTP/2 GET https://localhost:7037/api/note/archived - - -
2024-05-16 10:06:48.5512|INFO|Microsoft.AspNetCore.Routing.EndpointMiddleware|Executing endpoint 'FundooNotes.Controllers.NoteController.DisplayArchivedNotes (Fundo Notes)'
2024-05-16 10:06:48.5648|INFO|Microsoft.AspNetCore.Mvc.Infrastructure.ControllerActionInvoker|Route matched with {action = "DisplayArchivedNotes", controller = "Note"}. Executing controller action with signature System.Threading.Tasks.Task`1[Microsoft.AspNetCore.Mvc.IActionResult] DisplayArchivedNotes() on controller FundooNotes.Controllers.NoteController (Fundo Notes).
2024-05-16 10:06:48.5911|INFO|FundooNotes.Controllers.NoteController|Archived Notes Fetched Successfully from DB
2024-05-16 10:06:48.5911|INFO|Microsoft.AspNetCore.Mvc.Infrastructure.ObjectResultExecutor|Executing OkObjectResult, writing value of type 'ModelLayer.ResponseModel.ResponseModel`1[[System.Collections.Generic.IEnumerable`1[[ModelLayer.Notes.NoteResponse, ModelLayer, Version=1.0.0.0, Culture=neutral, PublicKeyToken=null]], System.Private.CoreLib, Version=8.0.0.0, Culture=neutral, PublicKeyToken=7cec85d7bea7798e]]'.
2024-05-16 10:06:48.5911|INFO|Microsoft.AspNetCore.Mvc.Infrastructure.ControllerActionInvoker|Executed action FundooNotes.Controllers.NoteController.DisplayArchivedNotes (Fundo Notes) in 26.7863ms
2024-05-16 10:06:48.5921|INFO|Microsoft.AspNetCore.Routing.EndpointMiddleware|Executed endpoint 'FundooNotes.Controllers.NoteController.DisplayArchivedNotes (Fundo Notes)'
2024-05-16 10:06:48.5921|INFO|Microsoft.AspNetCore.Hosting.Diagnostics|Request finished HTTP/2 GET https://localhost:7037/api/note/archived - 200 - application/json;+charset=utf-8 41.4986ms
2024-05-16 10:06:52.3866|INFO|Microsoft.AspNetCore.Hosting.Diagnostics|Request starting HTTP/2 GET https://localhost:7037/api/note/archived - - -
2024-05-16 10:06:52.3866|INFO|Microsoft.AspNetCore.Routing.EndpointMiddleware|Executing endpoint 'FundooNotes.Controllers.NoteController.DisplayArchivedNotes (Fundo Notes)'
2024-05-16 10:06:52.3866|INFO|Microsoft.AspNetCore.Mvc.Infrastructure.ControllerActionInvoker|Route matched with {action = "DisplayArchivedNotes", controller = "Note"}. Executing controller action with signature System.Threading.Tasks.Task`1[Microsoft.AspNetCore.Mvc.IActionResult] DisplayArchivedNotes() on controller FundooNotes.Controllers.NoteController (Fundo Notes).
2024-05-16 10:06:52.3866|INFO|FundooNotes.Controllers.NoteController|Archived Notes Fetched Successfully from cache
2024-05-16 10:06:52.3886|INFO|Microsoft.AspNetCore.Mvc.Infrastructure.ObjectResultExecutor|Executing OkObjectResult, writing value of type 'ModelLayer.ResponseModel.ResponseModel`1[[System.Collections.Generic.IEnumerable`1[[ModelLayer.Notes.NoteResponse, ModelLayer, Version=1.0.0.0, Culture=neutral, PublicKeyToken=null]], System.Private.CoreLib, Version=8.0.0.0, Culture=neutral, PublicKeyToken=7cec85d7bea7798e]]'.
2024-05-16 10:06:52.3886|INFO|Microsoft.AspNetCore.Mvc.Infrastructure.ControllerActionInvoker|Executed action FundooNotes.Controllers.NoteController.DisplayArchivedNotes (Fundo Notes) in 1.4047ms
2024-05-16 10:06:52.3886|INFO|Microsoft.AspNetCore.Routing.EndpointMiddleware|Executed endpoint 'FundooNotes.Controllers.NoteController.DisplayArchivedNotes (Fundo Notes)'
2024-05-16 10:06:52.3886|INFO|Microsoft.AspNetCore.Hosting.Diagnostics|Request finished HTTP/2 GET https://localhost:7037/api/note/archived - 200 - application/json;+charset=utf-8 3.2448ms
2024-05-16 10:06:59.7456|INFO|Microsoft.AspNetCore.Hosting.Diagnostics|Request starting HTTP/2 GET https://localhost:7037/api/note/trash - - -
2024-05-16 10:06:59.7456|INFO|Microsoft.AspNetCore.Routing.EndpointMiddleware|Executing endpoint 'FundooNotes.Controllers.NoteController.DisplayDeletedNotes (Fundo Notes)'
2024-05-16 10:06:59.7537|INFO|Microsoft.AspNetCore.Mvc.Infrastructure.ControllerActionInvoker|Route matched with {action = "DisplayDeletedNotes", controller = "Note"}. Executing controller action with signature System.Threading.Tasks.Task`1[Microsoft.AspNetCore.Mvc.IActionResult] DisplayDeletedNotes() on controller FundooNotes.Controllers.NoteController (Fundo Notes).
2024-05-16 10:06:59.7778|INFO|FundooNotes.Controllers.NoteController|Trashed Notes Fetched Successfully from DB
2024-05-16 10:06:59.7778|INFO|Microsoft.AspNetCore.Mvc.Infrastructure.ObjectResultExecutor|Executing OkObjectResult, writing value of type 'ModelLayer.ResponseModel.ResponseModel`1[[System.Collections.Generic.IEnumerable`1[[ModelLayer.Notes.NoteResponse, ModelLayer, Version=1.0.0.0, Culture=neutral, PublicKeyToken=null]], System.Private.CoreLib, Version=8.0.0.0, Culture=neutral, PublicKeyToken=7cec85d7bea7798e]]'.
2024-05-16 10:06:59.7778|INFO|Microsoft.AspNetCore.Mvc.Infrastructure.ControllerActionInvoker|Executed action FundooNotes.Controllers.NoteController.DisplayDeletedNotes (Fundo Notes) in 24.6123ms
2024-05-16 10:06:59.7778|INFO|Microsoft.AspNetCore.Routing.EndpointMiddleware|Executed endpoint 'FundooNotes.Controllers.NoteController.DisplayDeletedNotes (Fundo Notes)'
2024-05-16 10:06:59.7778|INFO|Microsoft.AspNetCore.Hosting.Diagnostics|Request finished HTTP/2 GET https://localhost:7037/api/note/trash - 200 - application/json;+charset=utf-8 34.3985ms
2024-05-16 10:07:03.1360|INFO|Microsoft.AspNetCore.Hosting.Diagnostics|Request starting HTTP/2 GET https://localhost:7037/api/note/trash - - -
2024-05-16 10:07:03.1360|INFO|Microsoft.AspNetCore.Routing.EndpointMiddleware|Executing endpoint 'FundooNotes.Controllers.NoteController.DisplayDeletedNotes (Fundo Notes)'
2024-05-16 10:07:03.1360|INFO|Microsoft.AspNetCore.Mvc.Infrastructure.ControllerActionInvoker|Route matched with {action = "DisplayDeletedNotes", controller = "Note"}. Executing controller action with signature System.Threading.Tasks.Task`1[Microsoft.AspNetCore.Mvc.IActionResult] DisplayDeletedNotes() on controller FundooNotes.Controllers.NoteController (Fundo Notes).
2024-05-16 10:07:03.1360|INFO|FundooNotes.Controllers.NoteController|Trashed Notes Fetched Successfully from cache
2024-05-16 10:07:03.1360|INFO|Microsoft.AspNetCore.Mvc.Infrastructure.ObjectResultExecutor|Executing OkObjectResult, writing value of type 'ModelLayer.ResponseModel.ResponseModel`1[[System.Collections.Generic.IEnumerable`1[[ModelLayer.Notes.NoteResponse, ModelLayer, Version=1.0.0.0, Culture=neutral, PublicKeyToken=null]], System.Private.CoreLib, Version=8.0.0.0, Culture=neutral, PublicKeyToken=7cec85d7bea7798e]]'.
2024-05-16 10:07:03.1390|INFO|Microsoft.AspNetCore.Mvc.Infrastructure.ControllerActionInvoker|Executed action FundooNotes.Controllers.NoteController.DisplayDeletedNotes (Fundo Notes) in 1.4548ms
2024-05-16 10:07:03.1390|INFO|Microsoft.AspNetCore.Routing.EndpointMiddleware|Executed endpoint 'FundooNotes.Controllers.NoteController.DisplayDeletedNotes (Fundo Notes)'
2024-05-16 10:07:03.1390|INFO|Microsoft.AspNetCore.Hosting.Diagnostics|Request finished HTTP/2 GET https://localhost:7037/api/note/trash - 200 - application/json;+charset=utf-8 3.4647ms
2024-05-16 10:07:16.2816|INFO|Microsoft.AspNetCore.Hosting.Diagnostics|Request starting HTTP/2 PUT https://localhost:7037/api/note/4 - application/json 177
2024-05-16 10:07:16.2816|INFO|Microsoft.AspNetCore.Routing.EndpointMiddleware|Executing endpoint 'FundooNotes.Controllers.NoteController.UpdateNote (Fundo Notes)'
2024-05-16 10:07:16.2816|INFO|Microsoft.AspNetCore.Mvc.Infrastructure.ControllerActionInvoker|Route matched with {action = "UpdateNote", controller = "Note"}. Executing controller action with signature System.Threading.Tasks.Task`1[Microsoft.AspNetCore.Mvc.IActionResult] UpdateNote(Int32, ModelLayer.Notes.CreateNoteRequest) on controller FundooNotes.Controllers.NoteController (Fundo Notes).
2024-05-16 10:07:16.3332|INFO|FundooNotes.Controllers.NoteController|Note updated successfully
2024-05-16 10:07:16.3332|INFO|Microsoft.AspNetCore.Mvc.Infrastructure.ObjectResultExecutor|Executing OkObjectResult, writing value of type 'ModelLayer.ResponseModel.ResponseModel`1[[ModelLayer.Notes.NoteResponse, ModelLayer, Version=1.0.0.0, Culture=neutral, PublicKeyToken=null]]'.
2024-05-16 10:07:16.3332|INFO|Microsoft.AspNetCore.Mvc.Infrastructure.ControllerActionInvoker|Executed action FundooNotes.Controllers.NoteController.UpdateNote (Fundo Notes) in 42.6985ms
2024-05-16 10:07:16.3332|INFO|Microsoft.AspNetCore.Routing.EndpointMiddleware|Executed endpoint 'FundooNotes.Controllers.NoteController.UpdateNote (Fundo Notes)'
2024-05-16 10:07:16.3332|INFO|Microsoft.AspNetCore.Hosting.Diagnostics|Request finished HTTP/2 PUT https://localhost:7037/api/note/4 - 200 - application/json;+charset=utf-8 53.6596ms
2024-05-16 10:07:22.1182|INFO|Microsoft.AspNetCore.Hosting.Diagnostics|Request starting HTTP/2 GET https://localhost:7037/api/note/trash - - -
2024-05-16 10:07:22.1182|INFO|Microsoft.AspNetCore.Routing.EndpointMiddleware|Executing endpoint 'FundooNotes.Controllers.NoteController.DisplayDeletedNotes (Fundo Notes)'
2024-05-16 10:07:22.1182|INFO|Microsoft.AspNetCore.Mvc.Infrastructure.ControllerActionInvoker|Route matched with {action = "DisplayDeletedNotes", controller = "Note"}. Executing controller action with signature System.Threading.Tasks.Task`1[Microsoft.AspNetCore.Mvc.IActionResult] DisplayDeletedNotes() on controller FundooNotes.Controllers.NoteController (Fundo Notes).
2024-05-16 10:07:22.1547|INFO|FundooNotes.Controllers.NoteController|Trashed Notes Fetched Successfully from DB
2024-05-16 10:07:22.1551|INFO|Microsoft.AspNetCore.Mvc.Infrastructure.ObjectResultExecutor|Executing OkObjectResult, writing value of type 'ModelLayer.ResponseModel.ResponseModel`1[[System.Collections.Generic.IEnumerable`1[[ModelLayer.Notes.NoteResponse, ModelLayer, Version=1.0.0.0, Culture=neutral, PublicKeyToken=null]], System.Private.CoreLib, Version=8.0.0.0, Culture=neutral, PublicKeyToken=7cec85d7bea7798e]]'.
2024-05-16 10:07:22.1551|INFO|Microsoft.AspNetCore.Mvc.Infrastructure.ControllerActionInvoker|Executed action FundooNotes.Controllers.NoteController.DisplayDeletedNotes (Fundo Notes) in 35.8777ms
2024-05-16 10:07:22.1551|INFO|Microsoft.AspNetCore.Routing.EndpointMiddleware|Executed endpoint 'FundooNotes.Controllers.NoteController.DisplayDeletedNotes (Fundo Notes)'
2024-05-16 10:07:22.1551|INFO|Microsoft.AspNetCore.Hosting.Diagnostics|Request finished HTTP/2 GET https://localhost:7037/api/note/trash - 200 - application/json;+charset=utf-8 38.7327ms
2024-05-16 10:07:27.0613|INFO|Microsoft.AspNetCore.Hosting.Diagnostics|Request starting HTTP/2 GET https://localhost:7037/api/note/trash - - -
2024-05-16 10:07:27.0613|INFO|Microsoft.AspNetCore.Routing.EndpointMiddleware|Executing endpoint 'FundooNotes.Controllers.NoteController.DisplayDeletedNotes (Fundo Notes)'
2024-05-16 10:07:27.0613|INFO|Microsoft.AspNetCore.Mvc.Infrastructure.ControllerActionInvoker|Route matched with {action = "DisplayDeletedNotes", controller = "Note"}. Executing controller action with signature System.Threading.Tasks.Task`1[Microsoft.AspNetCore.Mvc.IActionResult] DisplayDeletedNotes() on controller FundooNotes.Controllers.NoteController (Fundo Notes).
2024-05-16 10:07:27.0613|INFO|FundooNotes.Controllers.NoteController|Trashed Notes Fetched Successfully from cache
2024-05-16 10:07:27.0613|INFO|Microsoft.AspNetCore.Mvc.Infrastructure.ObjectResultExecutor|Executing OkObjectResult, writing value of type 'ModelLayer.ResponseModel.ResponseModel`1[[System.Collections.Generic.IEnumerable`1[[ModelLayer.Notes.NoteResponse, ModelLayer, Version=1.0.0.0, Culture=neutral, PublicKeyToken=null]], System.Private.CoreLib, Version=8.0.0.0, Culture=neutral, PublicKeyToken=7cec85d7bea7798e]]'.
2024-05-16 10:07:27.0613|INFO|Microsoft.AspNetCore.Mvc.Infrastructure.ControllerActionInvoker|Executed action FundooNotes.Controllers.NoteController.DisplayDeletedNotes (Fundo Notes) in 1.3081ms
2024-05-16 10:07:27.0613|INFO|Microsoft.AspNetCore.Routing.EndpointMiddleware|Executed endpoint 'FundooNotes.Controllers.NoteController.DisplayDeletedNotes (Fundo Notes)'
2024-05-16 10:07:27.0613|INFO|Microsoft.AspNetCore.Hosting.Diagnostics|Request finished HTTP/2 GET https://localhost:7037/api/note/trash - 200 - application/json;+charset=utf-8 4.1229ms
2024-05-16 10:07:31.0910|INFO|Microsoft.AspNetCore.Hosting.Diagnostics|Request starting HTTP/2 GET https://localhost:7037/api/note/archived - - -
2024-05-16 10:07:31.0910|INFO|Microsoft.AspNetCore.Routing.EndpointMiddleware|Executing endpoint 'FundooNotes.Controllers.NoteController.DisplayArchivedNotes (Fundo Notes)'
2024-05-16 10:07:31.0921|INFO|Microsoft.AspNetCore.Mvc.Infrastructure.ControllerActionInvoker|Route matched with {action = "DisplayArchivedNotes", controller = "Note"}. Executing controller action with signature System.Threading.Tasks.Task`1[Microsoft.AspNetCore.Mvc.IActionResult] DisplayArchivedNotes() on controller FundooNotes.Controllers.NoteController (Fundo Notes).
2024-05-16 10:07:31.1205|ERROR|FundooNotes.Controllers.NoteController|No Notes to display in the archive
2024-05-16 10:07:31.1205|INFO|Microsoft.AspNetCore.Mvc.Infrastructure.ObjectResultExecutor|Executing BadRequestObjectResult, writing value of type 'ModelLayer.ResponseModel.ResponseModel`1[[System.String, System.Private.CoreLib, Version=8.0.0.0, Culture=neutral, PublicKeyToken=7cec85d7bea7798e]]'.
2024-05-16 10:07:31.1205|INFO|Microsoft.AspNetCore.Mvc.Infrastructure.ControllerActionInvoker|Executed action FundooNotes.Controllers.NoteController.DisplayArchivedNotes (Fundo Notes) in 36.2955ms
2024-05-16 10:07:31.1205|INFO|Microsoft.AspNetCore.Routing.EndpointMiddleware|Executed endpoint 'FundooNotes.Controllers.NoteController.DisplayArchivedNotes (Fundo Notes)'
2024-05-16 10:07:31.1205|INFO|Microsoft.AspNetCore.Hosting.Diagnostics|Request finished HTTP/2 GET https://localhost:7037/api/note/archived - 400 - application/json;+charset=utf-8 37.9632ms
2024-05-16 10:07:36.1788|INFO|Microsoft.AspNetCore.Hosting.Diagnostics|Request starting HTTP/2 GET https://localhost:7037/api/note/archived - - -
2024-05-16 10:07:36.1788|INFO|Microsoft.AspNetCore.Routing.EndpointMiddleware|Executing endpoint 'FundooNotes.Controllers.NoteController.DisplayArchivedNotes (Fundo Notes)'
2024-05-16 10:07:36.1788|INFO|Microsoft.AspNetCore.Mvc.Infrastructure.ControllerActionInvoker|Route matched with {action = "DisplayArchivedNotes", controller = "Note"}. Executing controller action with signature System.Threading.Tasks.Task`1[Microsoft.AspNetCore.Mvc.IActionResult] DisplayArchivedNotes() on controller FundooNotes.Controllers.NoteController (Fundo Notes).
2024-05-16 10:07:36.2342|ERROR|FundooNotes.Controllers.NoteController|No Notes to display in the archive
2024-05-16 10:07:36.2342|INFO|Microsoft.AspNetCore.Mvc.Infrastructure.ObjectResultExecutor|Executing BadRequestObjectResult, writing value of type 'ModelLayer.ResponseModel.ResponseModel`1[[System.String, System.Private.CoreLib, Version=8.0.0.0, Culture=neutral, PublicKeyToken=7cec85d7bea7798e]]'.
2024-05-16 10:07:36.2342|INFO|Microsoft.AspNetCore.Mvc.Infrastructure.ControllerActionInvoker|Executed action FundooNotes.Controllers.NoteController.DisplayArchivedNotes (Fundo Notes) in 51.9265ms
2024-05-16 10:07:36.2342|INFO|Microsoft.AspNetCore.Routing.EndpointMiddleware|Executed endpoint 'FundooNotes.Controllers.NoteController.DisplayArchivedNotes (Fundo Notes)'
2024-05-16 10:07:36.2342|INFO|Microsoft.AspNetCore.Hosting.Diagnostics|Request finished HTTP/2 GET https://localhost:7037/api/note/archived - 400 - application/json;+charset=utf-8 56.8119ms
2024-05-16 10:22:20.9149|INFO|Microsoft.AspNetCore.DataProtection.KeyManagement.XmlKeyManager|User profile is available. Using 'C:\Users\Thanay\AppData\Local\ASP.NET\DataProtection-Keys' as key repository and Windows DPAPI to encrypt keys at rest.
2024-05-16 10:22:21.0460|WARN|Microsoft.AspNetCore.Server.Kestrel.Core.KestrelServer|The ASP.NET Core developer certificate is not trusted. For information about trusting the ASP.NET Core developer certificate, see https://aka.ms/aspnet/https-trust-dev-cert.
2024-05-16 10:22:21.0786|INFO|Microsoft.Hosting.Lifetime|Now listening on: https://localhost:7037
2024-05-16 10:22:21.0786|INFO|Microsoft.Hosting.Lifetime|Now listening on: http://localhost:5142
2024-05-16 10:22:21.0786|INFO|Microsoft.Hosting.Lifetime|Application started. Press Ctrl+C to shut down.
2024-05-16 10:22:21.0786|INFO|Microsoft.Hosting.Lifetime|Hosting environment: Development
2024-05-16 10:22:21.0786|INFO|Microsoft.Hosting.Lifetime|Content root path: C:\Users\Thanay\source\repos\FundoNotesWebApi\Fundo Notes
2024-05-16 10:22:21.4897|INFO|Microsoft.AspNetCore.Hosting.Diagnostics|Request starting HTTP/2 GET https://localhost:7037/swagger - - -
2024-05-16 10:22:21.6402|INFO|Microsoft.AspNetCore.Hosting.Diagnostics|Request finished HTTP/2 GET https://localhost:7037/swagger - 301 0 - 150.0414ms
2024-05-16 10:22:21.6402|INFO|Microsoft.AspNetCore.Hosting.Diagnostics|Request starting HTTP/2 GET https://localhost:7037/swagger/index.html - - -
2024-05-16 10:22:21.7406|INFO|Microsoft.AspNetCore.Hosting.Diagnostics|Request finished HTTP/2 GET https://localhost:7037/swagger/index.html - 200 - text/html;charset=utf-8 95.3856ms
2024-05-16 10:22:22.8643|INFO|Microsoft.AspNetCore.Hosting.Diagnostics|Request starting HTTP/2 GET https://localhost:7037/swagger/swagger-ui-bundle.js - - -
2024-05-16 10:22:22.8643|INFO|Microsoft.AspNetCore.Hosting.Diagnostics|Request starting HTTP/2 GET https://localhost:7037/swagger/swagger-ui.css - - -
2024-05-16 10:22:22.8643|INFO|Microsoft.AspNetCore.Hosting.Diagnostics|Request starting HTTP/2 GET https://localhost:7037/swagger/swagger-ui-standalone-preset.js - - -
2024-05-16 10:22:22.8643|INFO|Microsoft.AspNetCore.Hosting.Diagnostics|Request starting HTTP/2 GET https://localhost:7037/_framework/aspnetcore-browser-refresh.js - - -
2024-05-16 10:22:22.8742|INFO|Microsoft.AspNetCore.Hosting.Diagnostics|Request finished HTTP/2 GET https://localhost:7037/_framework/aspnetcore-browser-refresh.js - 200 13758 application/javascript;+charset=utf-8 9.5598ms
2024-05-16 10:22:22.8742|INFO|Microsoft.AspNetCore.Hosting.Diagnostics|Request starting HTTP/2 GET https://localhost:7037/_vs/browserLink - - -
2024-05-16 10:22:22.8973|INFO|Microsoft.AspNetCore.StaticFiles.StaticFileMiddleware|Sending file. Request path: '/swagger-ui.css'. Physical path: 'N/A'
2024-05-16 10:22:22.8973|INFO|Microsoft.AspNetCore.StaticFiles.StaticFileMiddleware|Sending file. Request path: '/swagger-ui-standalone-preset.js'. Physical path: 'N/A'
2024-05-16 10:22:22.8973|INFO|Microsoft.AspNetCore.Hosting.Diagnostics|Request finished HTTP/2 GET https://localhost:7037/swagger/swagger-ui.css - 200 143943 text/css 38.3014ms
2024-05-16 10:22:22.8973|INFO|Microsoft.AspNetCore.Hosting.Diagnostics|Request finished HTTP/2 GET https://localhost:7037/swagger/swagger-ui-standalone-preset.js - 200 339486 text/javascript 38.0962ms
2024-05-16 10:22:22.9136|INFO|Microsoft.AspNetCore.StaticFiles.StaticFileMiddleware|Sending file. Request path: '/swagger-ui-bundle.js'. Physical path: 'N/A'
2024-05-16 10:22:22.9136|INFO|Microsoft.AspNetCore.Hosting.Diagnostics|Request finished HTTP/2 GET https://localhost:7037/swagger/swagger-ui-bundle.js - 200 1096145 text/javascript 49.9097ms
2024-05-16 10:22:22.9351|INFO|Microsoft.AspNetCore.Hosting.Diagnostics|Request finished HTTP/2 GET https://localhost:7037/_vs/browserLink - 200 - text/javascript;+charset=UTF-8 56.0333ms
2024-05-16 10:22:23.1524|INFO|Microsoft.AspNetCore.Hosting.Diagnostics|Request starting HTTP/2 GET https://localhost:7037/swagger/v1/swagger.json - - -
2024-05-16 10:22:23.2545|INFO|Microsoft.AspNetCore.Hosting.Diagnostics|Request finished HTTP/2 GET https://localhost:7037/swagger/v1/swagger.json - 200 - application/json;charset=utf-8 102.0149ms
2024-05-16 10:23:23.9056|INFO|Microsoft.AspNetCore.Hosting.Diagnostics|Request starting HTTP/2 POST https://localhost:7037/api/label - application/json 35
2024-05-16 10:23:23.9671|INFO|Microsoft.AspNetCore.Routing.EndpointMiddleware|Executing endpoint 'FundooNotes.Controllers.LabelController.AddLabel (Fundo Notes)'
2024-05-16 10:23:23.9901|INFO|Microsoft.AspNetCore.Mvc.Infrastructure.ControllerActionInvoker|Route matched with {action = "AddLabel", controller = "Label"}. Executing controller action with signature System.Threading.Tasks.Task`1[Microsoft.AspNetCore.Mvc.IActionResult] AddLabel(ModelLayer.Label.CreateLabel) on controller FundooNotes.Controllers.LabelController (Fundo Notes).
2024-05-16 10:23:24.3056|INFO|FundooNotes.Controllers.LabelController|Label created 
2024-05-16 10:23:24.3056|INFO|Microsoft.AspNetCore.Mvc.Infrastructure.ObjectResultExecutor|Executing OkObjectResult, writing value of type 'ModelLayer.ResponseModel.ResponseModel`1[[System.String, System.Private.CoreLib, Version=8.0.0.0, Culture=neutral, PublicKeyToken=7cec85d7bea7798e]]'.
2024-05-16 10:23:24.3188|INFO|Microsoft.AspNetCore.Mvc.Infrastructure.ControllerActionInvoker|Executed action FundooNotes.Controllers.LabelController.AddLabel (Fundo Notes) in 321.1507ms
2024-05-16 10:23:24.3188|INFO|Microsoft.AspNetCore.Routing.EndpointMiddleware|Executed endpoint 'FundooNotes.Controllers.LabelController.AddLabel (Fundo Notes)'
2024-05-16 10:23:24.3188|INFO|Microsoft.AspNetCore.Hosting.Diagnostics|Request finished HTTP/2 POST https://localhost:7037/api/label - 200 - application/json;+charset=utf-8 414.1526ms
2024-05-16 10:23:38.1830|INFO|Microsoft.AspNetCore.Hosting.Diagnostics|Request starting HTTP/2 GET https://localhost:7037/api/label - - -
2024-05-16 10:23:38.1903|INFO|Microsoft.AspNetCore.Routing.EndpointMiddleware|Executing endpoint 'FundooNotes.Controllers.LabelController.GetAllLabel (Fundo Notes)'
2024-05-16 10:23:38.1903|INFO|Microsoft.AspNetCore.Mvc.Infrastructure.ControllerActionInvoker|Route matched with {action = "GetAllLabel", controller = "Label"}. Executing controller action with signature System.Threading.Tasks.Task`1[Microsoft.AspNetCore.Mvc.IActionResult] GetAllLabel() on controller FundooNotes.Controllers.LabelController (Fundo Notes).
2024-05-16 10:23:38.1903|INFO|FundooNotes.Controllers.LabelController|getnotesbyid
2024-05-16 10:23:38.2547|INFO|FundooNotes.Controllers.LabelController|All Labels retrieved successfully
2024-05-16 10:23:38.2547|INFO|Microsoft.AspNetCore.Mvc.Infrastructure.ObjectResultExecutor|Executing OkObjectResult, writing value of type 'ModelLayer.ResponseModel.ResponseModel`1[[System.Collections.Generic.IEnumerable`1[[Repository.Entity.LabelEntity, RepositoryLayer, Version=1.0.0.0, Culture=neutral, PublicKeyToken=null]], System.Private.CoreLib, Version=8.0.0.0, Culture=neutral, PublicKeyToken=7cec85d7bea7798e]]'.
2024-05-16 10:23:38.2547|INFO|Microsoft.AspNetCore.Mvc.Infrastructure.ControllerActionInvoker|Executed action FundooNotes.Controllers.LabelController.GetAllLabel (Fundo Notes) in 63.6145ms
2024-05-16 10:23:38.2547|INFO|Microsoft.AspNetCore.Routing.EndpointMiddleware|Executed endpoint 'FundooNotes.Controllers.LabelController.GetAllLabel (Fundo Notes)'
2024-05-16 10:23:38.2547|INFO|Microsoft.AspNetCore.Hosting.Diagnostics|Request finished HTTP/2 GET https://localhost:7037/api/label - 200 - application/json;+charset=utf-8 75.7499ms
2024-05-16 10:24:06.7956|INFO|Microsoft.AspNetCore.Hosting.Diagnostics|Request starting HTTP/2 PUT https://localhost:7037/api/label/2 - application/json 33
2024-05-16 10:24:06.7956|INFO|Microsoft.AspNetCore.Routing.EndpointMiddleware|Executing endpoint 'FundooNotes.Controllers.LabelController.UpdateLabel (Fundo Notes)'
2024-05-16 10:24:06.7956|INFO|Microsoft.AspNetCore.Mvc.Infrastructure.ControllerActionInvoker|Route matched with {action = "UpdateLabel", controller = "Label"}. Executing controller action with signature System.Threading.Tasks.Task`1[Microsoft.AspNetCore.Mvc.IActionResult] UpdateLabel(ModelLayer.Label.CreateLabel, Int32) on controller FundooNotes.Controllers.LabelController (Fundo Notes).
2024-05-16 10:24:06.8535|INFO|FundooNotes.Controllers.LabelController|Label Updated
2024-05-16 10:24:06.8535|INFO|Microsoft.AspNetCore.Mvc.Infrastructure.ObjectResultExecutor|Executing OkObjectResult, writing value of type 'ModelLayer.ResponseModel.ResponseModel`1[[System.String, System.Private.CoreLib, Version=8.0.0.0, Culture=neutral, PublicKeyToken=7cec85d7bea7798e]]'.
2024-05-16 10:24:06.8535|INFO|Microsoft.AspNetCore.Mvc.Infrastructure.ControllerActionInvoker|Executed action FundooNotes.Controllers.LabelController.UpdateLabel (Fundo Notes) in 48.0872ms
2024-05-16 10:24:06.8535|INFO|Microsoft.AspNetCore.Routing.EndpointMiddleware|Executed endpoint 'FundooNotes.Controllers.LabelController.UpdateLabel (Fundo Notes)'
2024-05-16 10:24:06.8535|INFO|Microsoft.AspNetCore.Hosting.Diagnostics|Request finished HTTP/2 PUT https://localhost:7037/api/label/2 - 200 - application/json;+charset=utf-8 59.0259ms
2024-05-16 10:24:14.5792|INFO|Microsoft.AspNetCore.Hosting.Diagnostics|Request starting HTTP/2 GET https://localhost:7037/api/label - - -
2024-05-16 10:24:14.5792|INFO|Microsoft.AspNetCore.Routing.EndpointMiddleware|Executing endpoint 'FundooNotes.Controllers.LabelController.GetAllLabel (Fundo Notes)'
2024-05-16 10:24:14.5792|INFO|Microsoft.AspNetCore.Mvc.Infrastructure.ControllerActionInvoker|Route matched with {action = "GetAllLabel", controller = "Label"}. Executing controller action with signature System.Threading.Tasks.Task`1[Microsoft.AspNetCore.Mvc.IActionResult] GetAllLabel() on controller FundooNotes.Controllers.LabelController (Fundo Notes).
2024-05-16 10:24:14.5792|INFO|FundooNotes.Controllers.LabelController|getnotesbyid
2024-05-16 10:24:14.6233|INFO|FundooNotes.Controllers.LabelController|All Labels retrieved successfully
2024-05-16 10:24:14.6233|INFO|Microsoft.AspNetCore.Mvc.Infrastructure.ObjectResultExecutor|Executing OkObjectResult, writing value of type 'ModelLayer.ResponseModel.ResponseModel`1[[System.Collections.Generic.IEnumerable`1[[Repository.Entity.LabelEntity, RepositoryLayer, Version=1.0.0.0, Culture=neutral, PublicKeyToken=null]], System.Private.CoreLib, Version=8.0.0.0, Culture=neutral, PublicKeyToken=7cec85d7bea7798e]]'.
2024-05-16 10:24:14.6233|INFO|Microsoft.AspNetCore.Mvc.Infrastructure.ControllerActionInvoker|Executed action FundooNotes.Controllers.LabelController.GetAllLabel (Fundo Notes) in 38.2486ms
2024-05-16 10:24:14.6233|INFO|Microsoft.AspNetCore.Routing.EndpointMiddleware|Executed endpoint 'FundooNotes.Controllers.LabelController.GetAllLabel (Fundo Notes)'
2024-05-16 10:24:14.6233|INFO|Microsoft.AspNetCore.Hosting.Diagnostics|Request finished HTTP/2 GET https://localhost:7037/api/label - 200 - application/json;+charset=utf-8 45.2591ms
2024-05-16 10:25:23.9471|INFO|Microsoft.AspNetCore.Hosting.Diagnostics|Request starting HTTP/2 POST https://localhost:7037/api/note?Label_id=2 - application/json 140
2024-05-16 10:25:23.9471|INFO|Microsoft.AspNetCore.Routing.EndpointMiddleware|Executing endpoint 'FundooNotes.Controllers.NoteController.CreateNote (Fundo Notes)'
2024-05-16 10:25:23.9571|INFO|Microsoft.AspNetCore.Mvc.Infrastructure.ControllerActionInvoker|Route matched with {action = "CreateNote", controller = "Note"}. Executing controller action with signature System.Threading.Tasks.Task`1[Microsoft.AspNetCore.Mvc.IActionResult] CreateNote(ModelLayer.Notes.CreateNoteRequest, Int32) on controller FundooNotes.Controllers.NoteController (Fundo Notes).
2024-05-16 10:25:24.0170|INFO|FundooNotes.Controllers.NoteController|Note Created Successfully
2024-05-16 10:25:24.0170|INFO|Microsoft.AspNetCore.Mvc.Infrastructure.ObjectResultExecutor|Executing OkObjectResult, writing value of type 'ModelLayer.ResponseModel.ResponseModel`1[[System.String, System.Private.CoreLib, Version=8.0.0.0, Culture=neutral, PublicKeyToken=7cec85d7bea7798e]]'.
2024-05-16 10:25:24.0170|INFO|Microsoft.AspNetCore.Mvc.Infrastructure.ControllerActionInvoker|Executed action FundooNotes.Controllers.NoteController.CreateNote (Fundo Notes) in 60.1527ms
2024-05-16 10:25:24.0170|INFO|Microsoft.AspNetCore.Routing.EndpointMiddleware|Executed endpoint 'FundooNotes.Controllers.NoteController.CreateNote (Fundo Notes)'
2024-05-16 10:25:24.0170|INFO|Microsoft.AspNetCore.Hosting.Diagnostics|Request finished HTTP/2 POST https://localhost:7037/api/note?Label_id=2 - 200 - application/json;+charset=utf-8 70.9840ms
2024-05-16 10:25:30.5587|INFO|Microsoft.AspNetCore.Hosting.Diagnostics|Request starting HTTP/2 GET https://localhost:7037/api/note - - -
2024-05-16 10:25:30.5587|INFO|Microsoft.AspNetCore.Routing.EndpointMiddleware|Executing endpoint 'FundooNotes.Controllers.NoteController.DisplayNote (Fundo Notes)'
2024-05-16 10:25:30.5747|INFO|Microsoft.AspNetCore.Mvc.Infrastructure.ControllerActionInvoker|Route matched with {action = "DisplayNote", controller = "Note"}. Executing controller action with signature System.Threading.Tasks.Task`1[Microsoft.AspNetCore.Mvc.IActionResult] DisplayNote() on controller FundooNotes.Controllers.NoteController (Fundo Notes).
2024-05-16 10:25:30.6624|INFO|FundooNotes.Controllers.NoteController|Active Note Fetched Successfully from DB
2024-05-16 10:25:30.6624|INFO|Microsoft.AspNetCore.Mvc.Infrastructure.ObjectResultExecutor|Executing OkObjectResult, writing value of type 'ModelLayer.ResponseModel.ResponseModel`1[[System.Collections.Generic.IEnumerable`1[[ModelLayer.Notes.NoteResponse, ModelLayer, Version=1.0.0.0, Culture=neutral, PublicKeyToken=null]], System.Private.CoreLib, Version=8.0.0.0, Culture=neutral, PublicKeyToken=7cec85d7bea7798e]]'.
2024-05-16 10:25:30.6624|INFO|Microsoft.AspNetCore.Mvc.Infrastructure.ControllerActionInvoker|Executed action FundooNotes.Controllers.NoteController.DisplayNote (Fundo Notes) in 90.3991ms
2024-05-16 10:25:30.6624|INFO|Microsoft.AspNetCore.Routing.EndpointMiddleware|Executed endpoint 'FundooNotes.Controllers.NoteController.DisplayNote (Fundo Notes)'
2024-05-16 10:25:30.6624|INFO|Microsoft.AspNetCore.Hosting.Diagnostics|Request finished HTTP/2 GET https://localhost:7037/api/note - 200 - application/json;+charset=utf-8 107.1945ms
2024-05-16 10:26:23.5305|INFO|Microsoft.AspNetCore.Hosting.Diagnostics|Request starting HTTP/2 GET https://localhost:7037/api/label/2 - - -
2024-05-16 10:26:23.5305|INFO|Microsoft.AspNetCore.Routing.EndpointMiddleware|Executing endpoint 'FundooNotes.Controllers.LabelController.GetAllNotebyLabelId (Fundo Notes)'
2024-05-16 10:26:23.5305|INFO|Microsoft.AspNetCore.Mvc.Infrastructure.ControllerActionInvoker|Route matched with {action = "GetAllNotebyLabelId", controller = "Label"}. Executing controller action with signature System.Threading.Tasks.Task`1[Microsoft.AspNetCore.Mvc.IActionResult] GetAllNotebyLabelId(Int32) on controller FundooNotes.Controllers.LabelController (Fundo Notes).
2024-05-16 10:26:23.5641|INFO|FundooNotes.Controllers.LabelController|Label retrieved successfully by its id
2024-05-16 10:26:23.5641|INFO|Microsoft.AspNetCore.Mvc.Infrastructure.ObjectResultExecutor|Executing OkObjectResult, writing value of type 'ModelLayer.ResponseModel.ResponseModel`1[[System.Object, System.Private.CoreLib, Version=8.0.0.0, Culture=neutral, PublicKeyToken=7cec85d7bea7798e]]'.
2024-05-16 10:26:23.5641|INFO|Microsoft.AspNetCore.Mvc.Infrastructure.ControllerActionInvoker|Executed action FundooNotes.Controllers.LabelController.GetAllNotebyLabelId (Fundo Notes) in 50.1874ms
2024-05-16 10:26:23.5641|INFO|Microsoft.AspNetCore.Routing.EndpointMiddleware|Executed endpoint 'FundooNotes.Controllers.LabelController.GetAllNotebyLabelId (Fundo Notes)'
2024-05-16 10:26:23.5641|INFO|Microsoft.AspNetCore.Hosting.Diagnostics|Request finished HTTP/2 GET https://localhost:7037/api/label/2 - 200 - application/json;+charset=utf-8 56.0968ms
2024-05-16 10:26:38.3158|INFO|Microsoft.AspNetCore.Hosting.Diagnostics|Request starting HTTP/2 GET https://localhost:7037/api/label/2 - - -
2024-05-16 10:26:38.3158|INFO|Microsoft.AspNetCore.Routing.EndpointMiddleware|Executing endpoint 'FundooNotes.Controllers.LabelController.GetAllNotebyLabelId (Fundo Notes)'
2024-05-16 10:26:38.3158|INFO|Microsoft.AspNetCore.Mvc.Infrastructure.ControllerActionInvoker|Route matched with {action = "GetAllNotebyLabelId", controller = "Label"}. Executing controller action with signature System.Threading.Tasks.Task`1[Microsoft.AspNetCore.Mvc.IActionResult] GetAllNotebyLabelId(Int32) on controller FundooNotes.Controllers.LabelController (Fundo Notes).
2024-05-16 10:26:38.3498|INFO|FundooNotes.Controllers.LabelController|Label retrieved successfully by its id
2024-05-16 10:26:38.3498|INFO|Microsoft.AspNetCore.Mvc.Infrastructure.ObjectResultExecutor|Executing OkObjectResult, writing value of type 'ModelLayer.ResponseModel.ResponseModel`1[[System.Object, System.Private.CoreLib, Version=8.0.0.0, Culture=neutral, PublicKeyToken=7cec85d7bea7798e]]'.
2024-05-16 10:26:38.3498|INFO|Microsoft.AspNetCore.Mvc.Infrastructure.ControllerActionInvoker|Executed action FundooNotes.Controllers.LabelController.GetAllNotebyLabelId (Fundo Notes) in 30.5809ms
2024-05-16 10:26:38.3498|INFO|Microsoft.AspNetCore.Routing.EndpointMiddleware|Executed endpoint 'FundooNotes.Controllers.LabelController.GetAllNotebyLabelId (Fundo Notes)'
2024-05-16 10:26:38.3498|INFO|Microsoft.AspNetCore.Hosting.Diagnostics|Request finished HTTP/2 GET https://localhost:7037/api/label/2 - 200 - application/json;+charset=utf-8 34.9458ms
2024-05-16 10:35:22.1082|INFO|Microsoft.AspNetCore.DataProtection.KeyManagement.XmlKeyManager|User profile is available. Using 'C:\Users\Thanay\AppData\Local\ASP.NET\DataProtection-Keys' as key repository and Windows DPAPI to encrypt keys at rest.
2024-05-16 10:35:22.2207|WARN|Microsoft.AspNetCore.Server.Kestrel.Core.KestrelServer|The ASP.NET Core developer certificate is not trusted. For information about trusting the ASP.NET Core developer certificate, see https://aka.ms/aspnet/https-trust-dev-cert.
2024-05-16 10:35:22.2513|INFO|Microsoft.Hosting.Lifetime|Now listening on: https://localhost:7037
2024-05-16 10:35:22.2513|INFO|Microsoft.Hosting.Lifetime|Now listening on: http://localhost:5142
2024-05-16 10:35:22.2513|INFO|Microsoft.Hosting.Lifetime|Application started. Press Ctrl+C to shut down.
2024-05-16 10:35:22.2513|INFO|Microsoft.Hosting.Lifetime|Hosting environment: Development
2024-05-16 10:35:22.2513|INFO|Microsoft.Hosting.Lifetime|Content root path: C:\Users\Thanay\source\repos\FundoNotesWebApi\Fundo Notes
2024-05-16 10:35:22.7874|INFO|Microsoft.AspNetCore.Hosting.Diagnostics|Request starting HTTP/2 GET https://localhost:7037/swagger - - -
2024-05-16 10:35:22.9383|INFO|Microsoft.AspNetCore.Hosting.Diagnostics|Request finished HTTP/2 GET https://localhost:7037/swagger - 301 0 - 151.8896ms
2024-05-16 10:35:22.9383|INFO|Microsoft.AspNetCore.Hosting.Diagnostics|Request starting HTTP/2 GET https://localhost:7037/swagger/index.html - - -
2024-05-16 10:35:23.0361|INFO|Microsoft.AspNetCore.Hosting.Diagnostics|Request finished HTTP/2 GET https://localhost:7037/swagger/index.html - 200 - text/html;charset=utf-8 94.0962ms
2024-05-16 10:35:23.0361|INFO|Microsoft.AspNetCore.Hosting.Diagnostics|Request starting HTTP/2 GET https://localhost:7037/swagger/swagger-ui.css - - -
2024-05-16 10:35:23.0361|INFO|Microsoft.AspNetCore.Hosting.Diagnostics|Request starting HTTP/2 GET https://localhost:7037/swagger/swagger-ui-standalone-preset.js - - -
2024-05-16 10:35:23.0361|INFO|Microsoft.AspNetCore.Hosting.Diagnostics|Request starting HTTP/2 GET https://localhost:7037/swagger/swagger-ui-bundle.js - - -
2024-05-16 10:35:23.0361|INFO|Microsoft.AspNetCore.Hosting.Diagnostics|Request starting HTTP/2 GET https://localhost:7037/_framework/aspnetcore-browser-refresh.js - - -
2024-05-16 10:35:23.0361|INFO|Microsoft.AspNetCore.Hosting.Diagnostics|Request starting HTTP/2 GET https://localhost:7037/_vs/browserLink - - -
2024-05-16 10:35:23.0465|INFO|Microsoft.AspNetCore.Hosting.Diagnostics|Request finished HTTP/2 GET https://localhost:7037/_framework/aspnetcore-browser-refresh.js - 200 13758 application/javascript;+charset=utf-8 4.7606ms
2024-05-16 10:35:23.0700|INFO|Microsoft.AspNetCore.StaticFiles.StaticFileMiddleware|Sending file. Request path: '/swagger-ui.css'. Physical path: 'N/A'
2024-05-16 10:35:23.0700|INFO|Microsoft.AspNetCore.StaticFiles.StaticFileMiddleware|Sending file. Request path: '/swagger-ui-standalone-preset.js'. Physical path: 'N/A'
2024-05-16 10:35:23.0700|INFO|Microsoft.AspNetCore.Hosting.Diagnostics|Request finished HTTP/2 GET https://localhost:7037/swagger/swagger-ui.css - 200 143943 text/css 31.8597ms
2024-05-16 10:35:23.0700|INFO|Microsoft.AspNetCore.Hosting.Diagnostics|Request finished HTTP/2 GET https://localhost:7037/swagger/swagger-ui-standalone-preset.js - 200 339486 text/javascript 31.4641ms
2024-05-16 10:35:23.0700|INFO|Microsoft.AspNetCore.StaticFiles.StaticFileMiddleware|Sending file. Request path: '/swagger-ui-bundle.js'. Physical path: 'N/A'
2024-05-16 10:35:23.0700|INFO|Microsoft.AspNetCore.Hosting.Diagnostics|Request finished HTTP/2 GET https://localhost:7037/swagger/swagger-ui-bundle.js - 200 1096145 text/javascript 34.3123ms
2024-05-16 10:35:23.0919|INFO|Microsoft.AspNetCore.Hosting.Diagnostics|Request finished HTTP/2 GET https://localhost:7037/_vs/browserLink - 200 - text/javascript;+charset=UTF-8 49.6921ms
2024-05-16 10:35:23.3522|INFO|Microsoft.AspNetCore.Hosting.Diagnostics|Request starting HTTP/2 GET https://localhost:7037/swagger/v1/swagger.json - - -
2024-05-16 10:35:23.4735|INFO|Microsoft.AspNetCore.Hosting.Diagnostics|Request finished HTTP/2 GET https://localhost:7037/swagger/v1/swagger.json - 200 - application/json;charset=utf-8 121.3109ms
2024-05-16 10:36:36.9175|INFO|Microsoft.AspNetCore.Hosting.Diagnostics|Request starting HTTP/2 POST https://localhost:7037/api/Collaboration?noteid=7 - application/json 36
2024-05-16 10:36:36.9764|INFO|Microsoft.AspNetCore.Routing.EndpointMiddleware|Executing endpoint 'FundooNotes.Controllers.CollaborationController.AddCollaborator (Fundo Notes)'
2024-05-16 10:36:37.0001|INFO|Microsoft.AspNetCore.Mvc.Infrastructure.ControllerActionInvoker|Route matched with {action = "AddCollaborator", controller = "Collaboration"}. Executing controller action with signature System.Threading.Tasks.Task`1[Microsoft.AspNetCore.Mvc.IActionResult] AddCollaborator(Int32, ModelLayer.CollaborationRequestModel) on controller FundooNotes.Controllers.CollaborationController (Fundo Notes).
2024-05-16 10:36:42.9845|INFO|FundooNotes.Controllers.CollaborationController|Collabarator Added
2024-05-16 10:36:42.9845|INFO|Microsoft.AspNetCore.Mvc.Infrastructure.ObjectResultExecutor|Executing OkObjectResult, writing value of type 'ModelLayer.ResponseModel.ResponseModel`1[[System.String, System.Private.CoreLib, Version=8.0.0.0, Culture=neutral, PublicKeyToken=7cec85d7bea7798e]]'.
2024-05-16 10:36:43.0125|INFO|Microsoft.AspNetCore.Mvc.Infrastructure.ControllerActionInvoker|Executed action FundooNotes.Controllers.CollaborationController.AddCollaborator (Fundo Notes) in 6003.4732ms
2024-05-16 10:36:43.0125|INFO|Microsoft.AspNetCore.Routing.EndpointMiddleware|Executed endpoint 'FundooNotes.Controllers.CollaborationController.AddCollaborator (Fundo Notes)'
2024-05-16 10:36:43.0125|INFO|Microsoft.AspNetCore.Hosting.Diagnostics|Request finished HTTP/2 POST https://localhost:7037/api/Collaboration?noteid=7 - 200 - application/json;+charset=utf-8 6096.6599ms
2024-05-16 10:37:10.8589|INFO|Microsoft.AspNetCore.Hosting.Diagnostics|Request starting HTTP/2 GET https://localhost:7037/api/Collaboration - - -
2024-05-16 10:37:10.8589|INFO|Microsoft.AspNetCore.Routing.EndpointMiddleware|Executing endpoint 'FundooNotes.Controllers.CollaborationController.GetCollabbyid (Fundo Notes)'
2024-05-16 10:37:10.8589|INFO|Microsoft.AspNetCore.Mvc.Infrastructure.ControllerActionInvoker|Route matched with {action = "GetCollabbyid", controller = "Collaboration"}. Executing controller action with signature System.Threading.Tasks.Task`1[Microsoft.AspNetCore.Mvc.IActionResult] GetCollabbyid() on controller FundooNotes.Controllers.CollaborationController (Fundo Notes).
2024-05-16 10:37:10.9327|INFO|FundooNotes.Controllers.CollaborationController|Collaborators Fetched Successfully
2024-05-16 10:37:10.9327|INFO|Microsoft.AspNetCore.Mvc.Infrastructure.ObjectResultExecutor|Executing OkObjectResult, writing value of type 'ModelLayer.ResponseModel.ResponseModel`1[[System.Collections.Generic.IEnumerable`1[[ModelLayer.Collaboration.CollabInfoModel, ModelLayer, Version=1.0.0.0, Culture=neutral, PublicKeyToken=null]], System.Private.CoreLib, Version=8.0.0.0, Culture=neutral, PublicKeyToken=7cec85d7bea7798e]]'.
2024-05-16 10:37:10.9327|INFO|Microsoft.AspNetCore.Mvc.Infrastructure.ControllerActionInvoker|Executed action FundooNotes.Controllers.CollaborationController.GetCollabbyid (Fundo Notes) in 64.3427ms
2024-05-16 10:37:10.9327|INFO|Microsoft.AspNetCore.Routing.EndpointMiddleware|Executed endpoint 'FundooNotes.Controllers.CollaborationController.GetCollabbyid (Fundo Notes)'
2024-05-16 10:37:10.9327|INFO|Microsoft.AspNetCore.Hosting.Diagnostics|Request finished HTTP/2 GET https://localhost:7037/api/Collaboration - 200 - application/json;+charset=utf-8 77.5667ms
2024-05-16 10:37:26.6132|INFO|Microsoft.AspNetCore.Hosting.Diagnostics|Request starting HTTP/2 DELETE https://localhost:7037/api/Collaboration/2 - - -
2024-05-16 10:37:26.6132|INFO|Microsoft.AspNetCore.Routing.EndpointMiddleware|Executing endpoint 'FundooNotes.Controllers.CollaborationController.RemoveCollaborator (Fundo Notes)'
2024-05-16 10:37:26.6132|INFO|Microsoft.AspNetCore.Mvc.Infrastructure.ControllerActionInvoker|Route matched with {action = "RemoveCollaborator", controller = "Collaboration"}. Executing controller action with signature System.Threading.Tasks.Task`1[Microsoft.AspNetCore.Mvc.IActionResult] RemoveCollaborator(Int32) on controller FundooNotes.Controllers.CollaborationController (Fundo Notes).
2024-05-16 10:37:26.6450|INFO|FundooNotes.Controllers.CollaborationController|Collaborator removed successfully
2024-05-16 10:37:26.6450|INFO|Microsoft.AspNetCore.Mvc.Infrastructure.ObjectResultExecutor|Executing OkObjectResult, writing value of type 'ModelLayer.ResponseModel.ResponseModel`1[[System.String, System.Private.CoreLib, Version=8.0.0.0, Culture=neutral, PublicKeyToken=7cec85d7bea7798e]]'.
2024-05-16 10:37:26.6450|INFO|Microsoft.AspNetCore.Mvc.Infrastructure.ControllerActionInvoker|Executed action FundooNotes.Controllers.CollaborationController.RemoveCollaborator (Fundo Notes) in 25.602ms
2024-05-16 10:37:26.6450|INFO|Microsoft.AspNetCore.Routing.EndpointMiddleware|Executed endpoint 'FundooNotes.Controllers.CollaborationController.RemoveCollaborator (Fundo Notes)'
2024-05-16 10:37:26.6450|INFO|Microsoft.AspNetCore.Hosting.Diagnostics|Request finished HTTP/2 DELETE https://localhost:7037/api/Collaboration/2 - 200 - application/json;+charset=utf-8 32.9141ms
2024-05-16 10:37:32.7412|INFO|Microsoft.AspNetCore.Hosting.Diagnostics|Request starting HTTP/2 GET https://localhost:7037/api/Collaboration - - -
2024-05-16 10:37:32.7412|INFO|Microsoft.AspNetCore.Routing.EndpointMiddleware|Executing endpoint 'FundooNotes.Controllers.CollaborationController.GetCollabbyid (Fundo Notes)'
2024-05-16 10:37:32.7412|INFO|Microsoft.AspNetCore.Mvc.Infrastructure.ControllerActionInvoker|Route matched with {action = "GetCollabbyid", controller = "Collaboration"}. Executing controller action with signature System.Threading.Tasks.Task`1[Microsoft.AspNetCore.Mvc.IActionResult] GetCollabbyid() on controller FundooNotes.Controllers.CollaborationController (Fundo Notes).
2024-05-16 10:37:32.7746|INFO|FundooNotes.Controllers.CollaborationController|Collaborators Fetched Successfully
2024-05-16 10:37:32.7746|INFO|Microsoft.AspNetCore.Mvc.Infrastructure.ObjectResultExecutor|Executing OkObjectResult, writing value of type 'ModelLayer.ResponseModel.ResponseModel`1[[System.Collections.Generic.IEnumerable`1[[ModelLayer.Collaboration.CollabInfoModel, ModelLayer, Version=1.0.0.0, Culture=neutral, PublicKeyToken=null]], System.Private.CoreLib, Version=8.0.0.0, Culture=neutral, PublicKeyToken=7cec85d7bea7798e]]'.
2024-05-16 10:37:32.7746|INFO|Microsoft.AspNetCore.Mvc.Infrastructure.ControllerActionInvoker|Executed action FundooNotes.Controllers.CollaborationController.GetCollabbyid (Fundo Notes) in 31.8914ms
2024-05-16 10:37:32.7746|INFO|Microsoft.AspNetCore.Routing.EndpointMiddleware|Executed endpoint 'FundooNotes.Controllers.CollaborationController.GetCollabbyid (Fundo Notes)'
2024-05-16 10:37:32.7746|INFO|Microsoft.AspNetCore.Hosting.Diagnostics|Request finished HTTP/2 GET https://localhost:7037/api/Collaboration - 200 - application/json;+charset=utf-8 34.6081ms
